[2021-12-22 08:08:26.087] [exthost] [info] Extension host with pid 1102 started
[2021-12-22 08:08:26.143] [exthost] [info] Lock '/var/www/.vscode-server/data/User/workspaceStorage/40d9a2f1d021964133be52b46957053c/vscode.lock': Lock acquired.
[2021-12-22 08:08:26.271] [exthost] [info] ExtensionService#_doActivateExtension vscode.css-language-features, startup: false, activationEvent: 'onLanguage:scss'
[2021-12-22 08:08:26.377] [exthost] [info] ExtensionService#_doActivateExtension vscode.debug-auto-launch, startup: true, activationEvent: '*'
[2021-12-22 08:08:26.386] [exthost] [info] ExtensionService#_doActivateExtension vscode.git-base, startup: true, activationEvent: '*', root cause: vscode.github
[2021-12-22 08:08:26.406] [exthost] [info] ExtensionService#_doActivateExtension HookyQR.beautify, startup: true, activationEvent: '*'
[2021-12-22 08:08:26.526] [exthost] [info] ExtensionService#_doActivateExtension mblode.twig-language, startup: true, activationEvent: '*'
[2021-12-22 08:08:26.623] [exthost] [info] ExtensionService#_doActivateExtension vscode.git, startup: true, activationEvent: '*'
[2021-12-22 08:08:26.739] [exthost] [info] ExtensionService#_doActivateExtension vscode.github, startup: true, activationEvent: '*'
[2021-12-22 08:08:26.935] [exthost] [info] ExtensionService#_doActivateExtension vscode.emmet, startup: false, activationEvent: 'onStartupFinished'
[2021-12-22 08:08:26.962] [exthost] [info] ExtensionService#_doActivateExtension vscode.merge-conflict, startup: false, activationEvent: 'onStartupFinished'
[2021-12-22 08:08:26.971] [exthost] [info] Eager extensions activated
[2021-12-22 08:08:27.550] [exthost] [error] {"message":"Git error","stdout":"","stderr":"fatal: Pathspec '/var/www/html/custom/plugins/HishamTest/src/Resources/theme.json' is in submodule 'html'\n","exitCode":128,"gitErrorCode":"IsInSubmodule"}
[2021-12-22 08:08:27.550] [exthost] [error] {"message":"Git error","stdout":"","stderr":"fatal: Pathspec '/var/www/html/custom/plugins/HishamTest/src/Resources/theme.json' is in submodule 'html'\n","exitCode":128,"gitErrorCode":"IsInSubmodule"}
[2021-12-22 08:08:27.550] [exthost] [error] {"message":"Git error","stdout":"","stderr":"fatal: Pathspec '/var/www/html/custom/plugins/HishamTest/src/Resources/theme.json' is in submodule 'html'\n","exitCode":128,"gitErrorCode":"IsInSubmodule"}
[2021-12-22 08:08:27.550] [exthost] [error] {"message":"Git error","stdout":"","stderr":"fatal: Pathspec '/var/www/html/custom/plugins/HishamTest/src/Resources/theme.json' is in submodule 'html'\n","exitCode":128,"gitErrorCode":"IsInSubmodule"}
[2021-12-22 08:08:27.550] [exthost] [error] {"message":"Git error","stdout":"","stderr":"fatal: Pathspec '/var/www/html/custom/plugins/HishamTest/src/Resources/theme.json' is in submodule 'html'\n","exitCode":128,"gitErrorCode":"IsInSubmodule"}
[2021-12-22 08:08:27.550] [exthost] [error] {"message":"Git error","stdout":"","stderr":"fatal: Pathspec '/var/www/html/custom/plugins/HishamTest/src/Resources/theme.json' is in submodule 'html'\n","exitCode":128,"gitErrorCode":"IsInSubmodule"}
[2021-12-22 08:08:27.550] [exthost] [error] {"message":"Git error","stdout":"","stderr":"fatal: Pathspec '/var/www/html/custom/plugins/HishamTest/src/Resources/theme.json' is in submodule 'html'\n","exitCode":128,"gitErrorCode":"IsInSubmodule"}
[2021-12-22 08:08:27.550] [exthost] [error] {"message":"Git error","stdout":"","stderr":"fatal: Pathspec '/var/www/html/custom/plugins/HishamTest/src/Resources/theme.json' is in submodule 'html'\n","exitCode":128,"gitErrorCode":"IsInSubmodule"}
[2021-12-22 08:08:27.550] [exthost] [error] {"message":"Git error","stdout":"","stderr":"fatal: Pathspec '/var/www/html/custom/plugins/HishamTest/src/Resources/theme.json' is in submodule 'html'\n","exitCode":128,"gitErrorCode":"IsInSubmodule"}
[2021-12-22 08:08:27.550] [exthost] [error] {"message":"Git error","stdout":"","stderr":"fatal: Pathspec '/var/www/html/custom/plugins/HishamTest/src/Resources/theme.json' is in submodule 'html'\n","exitCode":128,"gitErrorCode":"IsInSubmodule"}
[2021-12-22 08:08:27.550] [exthost] [error] {"message":"Git error","stdout":"","stderr":"fatal: Pathspec '/var/www/html/custom/plugins/HishamTest/src/Resources/theme.json' is in submodule 'html'\n","exitCode":128,"gitErrorCode":"IsInSubmodule"}
[2021-12-22 08:08:27.550] [exthost] [error] {"message":"Git error","stdout":"","stderr":"fatal: Pathspec '/var/www/html/custom/plugins/HishamTest/src/Resources/theme.json' is in submodule 'html'\n","exitCode":128,"gitErrorCode":"IsInSubmodule"}
[2021-12-22 08:08:27.550] [exthost] [error] {"message":"Git error","stdout":"","stderr":"fatal: Pathspec '/var/www/html/custom/plugins/HishamTest/src/Resources/theme.json' is in submodule 'html'\n","exitCode":128,"gitErrorCode":"IsInSubmodule"}
[2021-12-22 08:08:27.550] [exthost] [error] {"message":"Git error","stdout":"","stderr":"fatal: Pathspec '/var/www/html/custom/plugins/HishamTest/src/Resources/theme.json' is in submodule 'html'\n","exitCode":128,"gitErrorCode":"IsInSubmodule"}
[2021-12-22 08:08:27.550] [exthost] [error] {"message":"Git error","stdout":"","stderr":"fatal: Pathspec '/var/www/html/custom/plugins/HishamTest/src/Resources/theme.json' is in submodule 'html'\n","exitCode":128,"gitErrorCode":"IsInSubmodule"}
[2021-12-22 08:08:27.550] [exthost] [error] {"message":"Git error","stdout":"","stderr":"fatal: Pathspec '/var/www/html/custom/plugins/HishamTest/src/Resources/theme.json' is in submodule 'html'\n","exitCode":128,"gitErrorCode":"IsInSubmodule"}
[2021-12-22 08:08:27.550] [exthost] [error] {"message":"Git error","stdout":"","stderr":"fatal: Pathspec '/var/www/html/custom/plugins/HishamTest/src/Resources/theme.json' is in submodule 'html'\n","exitCode":128,"gitErrorCode":"IsInSubmodule"}
[2021-12-22 08:08:27.550] [exthost] [error] {"message":"Git error","stdout":"","stderr":"fatal: Pathspec '/var/www/html/custom/plugins/HishamTest/src/Resources/theme.json' is in submodule 'html'\n","exitCode":128,"gitErrorCode":"IsInSubmodule"}
[2021-12-22 08:08:27.551] [exthost] [error] {"message":"Git error","stdout":"","stderr":"fatal: Pathspec '/var/www/html/custom/plugins/HishamTest/src/Resources/theme.json' is in submodule 'html'\n","exitCode":128,"gitErrorCode":"IsInSubmodule"}
[2021-12-22 08:08:27.551] [exthost] [error] {"message":"Git error","stdout":"","stderr":"fatal: Pathspec '/var/www/html/custom/plugins/HishamTest/src/Resources/theme.json' is in submodule 'html'\n","exitCode":128,"gitErrorCode":"IsInSubmodule"}
[2021-12-22 08:08:27.551] [exthost] [error] {"message":"Git error","stdout":"","stderr":"fatal: Pathspec '/var/www/html/custom/plugins/HishamTest/src/Resources/theme.json' is in submodule 'html'\n","exitCode":128,"gitErrorCode":"IsInSubmodule"}
[2021-12-22 08:08:27.551] [exthost] [error] {"message":"Git error","stdout":"","stderr":"fatal: Pathspec '/var/www/html/custom/plugins/HishamTest/src/Resources/theme.json' is in submodule 'html'\n","exitCode":128,"gitErrorCode":"IsInSubmodule"}
[2021-12-22 08:08:27.551] [exthost] [error] {"message":"Git error","stdout":"","stderr":"fatal: Pathspec '/var/www/html/custom/plugins/HishamTest/src/Resources/theme.json' is in submodule 'html'\n","exitCode":128,"gitErrorCode":"IsInSubmodule"}
[2021-12-22 08:08:27.551] [exthost] [error] {"message":"Git error","stdout":"","stderr":"fatal: Pathspec '/var/www/html/custom/plugins/HishamTest/src/Resources/theme.json' is in submodule 'html'\n","exitCode":128,"gitErrorCode":"IsInSubmodule"}
[2021-12-22 08:08:27.551] [exthost] [error] {"message":"Git error","stdout":"","stderr":"fatal: Pathspec '/var/www/html/custom/plugins/HishamTest/src/Resources/theme.json' is in submodule 'html'\n","exitCode":128,"gitErrorCode":"IsInSubmodule"}
[2021-12-22 08:08:27.551] [exthost] [error] {"message":"Git error","stdout":"","stderr":"fatal: Pathspec '/var/www/html/custom/plugins/HishamTest/src/Resources/theme.json' is in submodule 'html'\n","exitCode":128,"gitErrorCode":"IsInSubmodule"}
[2021-12-22 08:08:27.551] [exthost] [error] {"message":"Git error","stdout":"","stderr":"fatal: Pathspec '/var/www/html/custom/plugins/HishamTest/src/Resources/theme.json' is in submodule 'html'\n","exitCode":128,"gitErrorCode":"IsInSubmodule"}
[2021-12-22 08:08:27.551] [exthost] [error] {"message":"Git error","stdout":"","stderr":"fatal: Pathspec '/var/www/html/custom/plugins/HishamTest/src/Resources/theme.json' is in submodule 'html'\n","exitCode":128,"gitErrorCode":"IsInSubmodule"}
[2021-12-22 08:08:27.551] [exthost] [error] {"message":"Git error","stdout":"","stderr":"fatal: Pathspec '/var/www/html/custom/plugins/HishamTest/src/Resources/theme.json' is in submodule 'html'\n","exitCode":128,"gitErrorCode":"IsInSubmodule"}
[2021-12-22 08:08:27.551] [exthost] [error] {"message":"Git error","stdout":"","stderr":"fatal: Pathspec '/var/www/html/custom/plugins/HishamTest/src/Resources/theme.json' is in submodule 'html'\n","exitCode":128,"gitErrorCode":"IsInSubmodule"}
[2021-12-22 08:08:27.551] [exthost] [error] {"message":"Git error","stdout":"","stderr":"fatal: Pathspec '/var/www/html/custom/plugins/HishamTest/src/Resources/theme.json' is in submodule 'html'\n","exitCode":128,"gitErrorCode":"IsInSubmodule"}
[2021-12-22 08:08:27.551] [exthost] [error] {"message":"Git error","stdout":"","stderr":"fatal: Pathspec '/var/www/html/custom/plugins/HishamTest/src/Resources/theme.json' is in submodule 'html'\n","exitCode":128,"gitErrorCode":"IsInSubmodule"}
[2021-12-22 08:08:27.551] [exthost] [error] {"message":"Git error","stdout":"","stderr":"fatal: Pathspec '/var/www/html/custom/plugins/HishamTest/src/Resources/theme.json' is in submodule 'html'\n","exitCode":128,"gitErrorCode":"IsInSubmodule"}
[2021-12-22 08:08:27.551] [exthost] [error] {"message":"Git error","stdout":"","stderr":"fatal: Pathspec '/var/www/html/custom/plugins/HishamTest/src/Resources/theme.json' is in submodule 'html'\n","exitCode":128,"gitErrorCode":"IsInSubmodule"}
[2021-12-22 08:08:27.551] [exthost] [error] {"message":"Git error","stdout":"","stderr":"fatal: Pathspec '/var/www/html/custom/plugins/HishamTest/src/Resources/theme.json' is in submodule 'html'\n","exitCode":128,"gitErrorCode":"IsInSubmodule"}
[2021-12-22 08:08:27.551] [exthost] [error] {"message":"Git error","stdout":"","stderr":"fatal: Pathspec '/var/www/html/custom/plugins/HishamTest/src/Resources/theme.json' is in submodule 'html'\n","exitCode":128,"gitErrorCode":"IsInSubmodule"}
[2021-12-22 08:08:27.551] [exthost] [error] {"message":"Git error","stdout":"","stderr":"fatal: Pathspec '/var/www/html/custom/plugins/HishamTest/src/Resources/theme.json' is in submodule 'html'\n","exitCode":128,"gitErrorCode":"IsInSubmodule"}
[2021-12-22 08:08:27.551] [exthost] [error] {"message":"Git error","stdout":"","stderr":"fatal: Pathspec '/var/www/html/custom/plugins/HishamTest/src/Resources/theme.json' is in submodule 'html'\n","exitCode":128,"gitErrorCode":"IsInSubmodule"}
[2021-12-22 08:08:27.551] [exthost] [error] {"message":"Git error","stdout":"","stderr":"fatal: Pathspec '/var/www/html/custom/plugins/HishamTest/src/Resources/theme.json' is in submodule 'html'\n","exitCode":128,"gitErrorCode":"IsInSubmodule"}
[2021-12-22 08:08:27.551] [exthost] [error] {"message":"Git error","stdout":"","stderr":"fatal: Pathspec '/var/www/html/custom/plugins/HishamTest/src/Resources/theme.json' is in submodule 'html'\n","exitCode":128,"gitErrorCode":"IsInSubmodule"}
[2021-12-22 08:08:27.551] [exthost] [error] {"message":"Git error","stdout":"","stderr":"fatal: Pathspec '/var/www/html/custom/plugins/HishamTest/src/Resources/theme.json' is in submodule 'html'\n","exitCode":128,"gitErrorCode":"IsInSubmodule"}
[2021-12-22 08:08:27.551] [exthost] [error] {"message":"Git error","stdout":"","stderr":"fatal: Pathspec '/var/www/html/custom/plugins/HishamTest/src/Resources/theme.json' is in submodule 'html'\n","exitCode":128,"gitErrorCode":"IsInSubmodule"}
[2021-12-22 08:08:27.551] [exthost] [error] {"message":"Git error","stdout":"","stderr":"fatal: Pathspec '/var/www/html/custom/plugins/HishamTest/src/Resources/theme.json' is in submodule 'html'\n","exitCode":128,"gitErrorCode":"IsInSubmodule"}
[2021-12-22 08:08:27.551] [exthost] [error] {"message":"Git error","stdout":"","stderr":"fatal: Pathspec '/var/www/html/custom/plugins/HishamTest/src/Resources/theme.json' is in submodule 'html'\n","exitCode":128,"gitErrorCode":"IsInSubmodule"}
[2021-12-22 08:08:27.551] [exthost] [error] {"message":"Git error","stdout":"","stderr":"fatal: Pathspec '/var/www/html/custom/plugins/HishamTest/src/Resources/theme.json' is in submodule 'html'\n","exitCode":128,"gitErrorCode":"IsInSubmodule"}
[2021-12-22 08:08:27.551] [exthost] [error] {"message":"Git error","stdout":"","stderr":"fatal: Pathspec '/var/www/html/custom/plugins/HishamTest/src/Resources/theme.json' is in submodule 'html'\n","exitCode":128,"gitErrorCode":"IsInSubmodule"}
[2021-12-22 08:08:27.551] [exthost] [error] {"message":"Git error","stdout":"","stderr":"fatal: Pathspec '/var/www/html/custom/plugins/HishamTest/src/Resources/theme.json' is in submodule 'html'\n","exitCode":128,"gitErrorCode":"IsInSubmodule"}
[2021-12-22 08:08:27.551] [exthost] [error] {"message":"Git error","stdout":"","stderr":"fatal: Pathspec '/var/www/html/custom/plugins/HishamTest/src/Resources/theme.json' is in submodule 'html'\n","exitCode":128,"gitErrorCode":"IsInSubmodule"}
[2021-12-22 08:08:27.551] [exthost] [error] {"message":"Git error","stdout":"","stderr":"fatal: Pathspec '/var/www/html/custom/plugins/HishamTest/src/Resources/theme.json' is in submodule 'html'\n","exitCode":128,"gitErrorCode":"IsInSubmodule"}
[2021-12-22 08:08:27.551] [exthost] [error] {"message":"Git error","stdout":"","stderr":"fatal: Pathspec '/var/www/html/custom/plugins/HishamTest/src/Resources/theme.json' is in submodule 'html'\n","exitCode":128,"gitErrorCode":"IsInSubmodule"}
[2021-12-22 08:08:27.551] [exthost] [error] {"message":"Git error","stdout":"","stderr":"fatal: Pathspec '/var/www/html/custom/plugins/HishamTest/src/Resources/theme.json' is in submodule 'html'\n","exitCode":128,"gitErrorCode":"IsInSubmodule"}
[2021-12-22 08:08:27.551] [exthost] [error] {"message":"Git error","stdout":"","stderr":"fatal: Pathspec '/var/www/html/custom/plugins/HishamTest/src/Resources/theme.json' is in submodule 'html'\n","exitCode":128,"gitErrorCode":"IsInSubmodule"}
[2021-12-22 08:08:27.551] [exthost] [error] {"message":"Git error","stdout":"","stderr":"fatal: Pathspec '/var/www/html/custom/plugins/HishamTest/src/Resources/theme.json' is in submodule 'html'\n","exitCode":128,"gitErrorCode":"IsInSubmodule"}
[2021-12-22 08:08:27.551] [exthost] [error] {"message":"Git error","stdout":"","stderr":"fatal: Pathspec '/var/www/html/custom/plugins/HishamTest/src/Resources/theme.json' is in submodule 'html'\n","exitCode":128,"gitErrorCode":"IsInSubmodule"}
[2021-12-22 08:08:27.551] [exthost] [error] {"message":"Git error","stdout":"","stderr":"fatal: Pathspec '/var/www/html/custom/plugins/HishamTest/src/Resources/theme.json' is in submodule 'html'\n","exitCode":128,"gitErrorCode":"IsInSubmodule"}
[2021-12-22 08:08:27.551] [exthost] [error] {"message":"Git error","stdout":"","stderr":"fatal: Pathspec '/var/www/html/custom/plugins/HishamTest/src/Resources/theme.json' is in submodule 'html'\n","exitCode":128,"gitErrorCode":"IsInSubmodule"}
[2021-12-22 08:08:27.551] [exthost] [error] {"message":"Git error","stdout":"","stderr":"fatal: Pathspec '/var/www/html/custom/plugins/HishamTest/src/Resources/theme.json' is in submodule 'html'\n","exitCode":128,"gitErrorCode":"IsInSubmodule"}
[2021-12-22 08:08:27.551] [exthost] [error] {"message":"Git error","stdout":"","stderr":"fatal: Pathspec '/var/www/html/custom/plugins/HishamTest/src/Resources/theme.json' is in submodule 'html'\n","exitCode":128,"gitErrorCode":"IsInSubmodule"}
[2021-12-22 08:08:27.551] [exthost] [error] {"message":"Git error","stdout":"","stderr":"fatal: Pathspec '/var/www/html/custom/plugins/HishamTest/src/Resources/theme.json' is in submodule 'html'\n","exitCode":128,"gitErrorCode":"IsInSubmodule"}
[2021-12-22 08:08:27.551] [exthost] [error] {"message":"Git error","stdout":"","stderr":"fatal: Pathspec '/var/www/html/custom/plugins/HishamTest/src/Resources/theme.json' is in submodule 'html'\n","exitCode":128,"gitErrorCode":"IsInSubmodule"}
[2021-12-22 08:08:27.551] [exthost] [error] {"message":"Git error","stdout":"","stderr":"fatal: Pathspec '/var/www/html/custom/plugins/HishamTest/src/Resources/theme.json' is in submodule 'html'\n","exitCode":128,"gitErrorCode":"IsInSubmodule"}
[2021-12-22 08:08:27.551] [exthost] [error] {"message":"Git error","stdout":"","stderr":"fatal: Pathspec '/var/www/html/custom/plugins/HishamTest/src/Resources/theme.json' is in submodule 'html'\n","exitCode":128,"gitErrorCode":"IsInSubmodule"}
[2021-12-22 08:08:27.551] [exthost] [error] {"message":"Git error","stdout":"","stderr":"fatal: Pathspec '/var/www/html/custom/plugins/HishamTest/src/Resources/theme.json' is in submodule 'html'\n","exitCode":128,"gitErrorCode":"IsInSubmodule"}
[2021-12-22 08:08:27.551] [exthost] [error] {"message":"Git error","stdout":"","stderr":"fatal: Pathspec '/var/www/html/custom/plugins/HishamTest/src/Resources/theme.json' is in submodule 'html'\n","exitCode":128,"gitErrorCode":"IsInSubmodule"}
[2021-12-22 08:08:27.551] [exthost] [error] {"message":"Git error","stdout":"","stderr":"fatal: Pathspec '/var/www/html/custom/plugins/HishamTest/src/Resources/theme.json' is in submodule 'html'\n","exitCode":128,"gitErrorCode":"IsInSubmodule"}
[2021-12-22 08:08:27.551] [exthost] [error] {"message":"Git error","stdout":"","stderr":"fatal: Pathspec '/var/www/html/custom/plugins/HishamTest/src/Resources/theme.json' is in submodule 'html'\n","exitCode":128,"gitErrorCode":"IsInSubmodule"}
[2021-12-22 08:08:27.551] [exthost] [error] {"message":"Git error","stdout":"","stderr":"fatal: Pathspec '/var/www/html/custom/plugins/HishamTest/src/Resources/theme.json' is in submodule 'html'\n","exitCode":128,"gitErrorCode":"IsInSubmodule"}
[2021-12-22 08:08:27.551] [exthost] [error] {"message":"Git error","stdout":"","stderr":"fatal: Pathspec '/var/www/html/custom/plugins/HishamTest/src/Resources/theme.json' is in submodule 'html'\n","exitCode":128,"gitErrorCode":"IsInSubmodule"}
[2021-12-22 08:08:27.551] [exthost] [error] {"message":"Git error","stdout":"","stderr":"fatal: Pathspec '/var/www/html/custom/plugins/HishamTest/src/Resources/theme.json' is in submodule 'html'\n","exitCode":128,"gitErrorCode":"IsInSubmodule"}
[2021-12-22 08:08:27.551] [exthost] [error] {"message":"Git error","stdout":"","stderr":"fatal: Pathspec '/var/www/html/custom/plugins/HishamTest/src/Resources/theme.json' is in submodule 'html'\n","exitCode":128,"gitErrorCode":"IsInSubmodule"}
[2021-12-22 08:08:27.551] [exthost] [error] {"message":"Git error","stdout":"","stderr":"fatal: Pathspec '/var/www/html/custom/plugins/HishamTest/src/Resources/theme.json' is in submodule 'html'\n","exitCode":128,"gitErrorCode":"IsInSubmodule"}
[2021-12-22 08:08:27.551] [exthost] [error] {"message":"Git error","stdout":"","stderr":"fatal: Pathspec '/var/www/html/custom/plugins/HishamTest/src/Resources/theme.json' is in submodule 'html'\n","exitCode":128,"gitErrorCode":"IsInSubmodule"}
[2021-12-22 08:08:37.396] [exthost] [error] {"message":"Git error","stdout":"","stderr":"fatal: Pathspec '/var/www/html/custom/plugins/HishamTest/composer.json' is in submodule 'html'\n","exitCode":128,"gitErrorCode":"IsInSubmodule"}
[2021-12-22 08:08:37.396] [exthost] [error] {"message":"Git error","stdout":"","stderr":"fatal: Pathspec '/var/www/html/custom/plugins/HishamTest/composer.json' is in submodule 'html'\n","exitCode":128,"gitErrorCode":"IsInSubmodule"}
[2021-12-22 08:08:37.396] [exthost] [error] {"message":"Git error","stdout":"","stderr":"fatal: Pathspec '/var/www/html/custom/plugins/HishamTest/composer.json' is in submodule 'html'\n","exitCode":128,"gitErrorCode":"IsInSubmodule"}
[2021-12-22 08:08:37.396] [exthost] [error] {"message":"Git error","stdout":"","stderr":"fatal: Pathspec '/var/www/html/custom/plugins/HishamTest/composer.json' is in submodule 'html'\n","exitCode":128,"gitErrorCode":"IsInSubmodule"}
[2021-12-22 08:09:58.258] [exthost] [info] ExtensionService#_doActivateExtension vscode.html-language-features, startup: false, activationEvent: 'onLanguage:html'
[2021-12-22 08:11:22.165] [exthost] [info] ExtensionService#_doActivateExtension vscode.configuration-editing, startup: false, activationEvent: 'onLanguage:json'
[2021-12-22 08:11:22.191] [exthost] [info] ExtensionService#_doActivateExtension vscode.extension-editing, startup: false, activationEvent: 'onLanguage:json'
[2021-12-22 08:11:22.253] [exthost] [info] ExtensionService#_doActivateExtension vscode.json-language-features, startup: false, activationEvent: 'onLanguage:json'
[2021-12-22 08:11:22.384] [exthost] [info] ExtensionService#_doActivateExtension vscode.npm, startup: false, activationEvent: 'onLanguage:json'
[2021-12-22 08:11:22.441] [exthost] [info] ExtensionService#_doActivateExtension ZainChen.json, startup: false, activationEvent: 'onLanguage:json'
[2021-12-22 08:23:51.190] [exthost] [error] {"message":"Git error","stdout":"","stderr":"fatal: Pathspec '/var/www/html/files' is in submodule 'html'\n","exitCode":128,"gitErrorCode":"IsInSubmodule"}
[2021-12-22 08:23:51.190] [exthost] [error] {"message":"Git error","stdout":"","stderr":"fatal: Pathspec '/var/www/html/files' is in submodule 'html'\n","exitCode":128,"gitErrorCode":"IsInSubmodule"}
[2021-12-22 08:23:51.190] [exthost] [error] {"message":"Git error","stdout":"","stderr":"fatal: Pathspec '/var/www/html/files' is in submodule 'html'\n","exitCode":128,"gitErrorCode":"IsInSubmodule"}
[2021-12-22 09:47:50.433] [exthost] [error] {"message":"Git error","stdout":"","stderr":"fatal: Pathspec '/var/www/html/src' is in submodule 'html'\n","exitCode":128,"gitErrorCode":"IsInSubmodule"}
[2021-12-22 09:47:50.433] [exthost] [error] {"message":"Git error","stdout":"","stderr":"fatal: Pathspec '/var/www/html/src' is in submodule 'html'\n","exitCode":128,"gitErrorCode":"IsInSubmodule"}
[2021-12-22 09:47:50.433] [exthost] [error] {"message":"Git error","stdout":"","stderr":"fatal: Pathspec '/var/www/html/src' is in submodule 'html'\n","exitCode":128,"gitErrorCode":"IsInSubmodule"}
[2021-12-22 09:47:50.433] [exthost] [error] {"message":"Git error","stdout":"","stderr":"fatal: Pathspec '/var/www/html/src' is in submodule 'html'\n","exitCode":128,"gitErrorCode":"IsInSubmodule"}
[2021-12-22 09:47:50.433] [exthost] [error] {"message":"Git error","stdout":"","stderr":"fatal: Pathspec '/var/www/html/src' is in submodule 'html'\n","exitCode":128,"gitErrorCode":"IsInSubmodule"}
[2021-12-22 09:47:50.433] [exthost] [error] {"message":"Git error","stdout":"","stderr":"fatal: Pathspec '/var/www/html/src' is in submodule 'html'\n","exitCode":128,"gitErrorCode":"IsInSubmodule"}
[2021-12-22 09:47:50.433] [exthost] [error] {"message":"Git error","stdout":"","stderr":"fatal: Pathspec '/var/www/html/src' is in submodule 'html'\n","exitCode":128,"gitErrorCode":"IsInSubmodule"}
[2021-12-22 09:47:50.433] [exthost] [error] {"message":"Git error","stdout":"","stderr":"fatal: Pathspec '/var/www/html/src' is in submodule 'html'\n","exitCode":128,"gitErrorCode":"IsInSubmodule"}
[2021-12-22 09:47:50.433] [exthost] [error] {"message":"Git error","stdout":"","stderr":"fatal: Pathspec '/var/www/html/src' is in submodule 'html'\n","exitCode":128,"gitErrorCode":"IsInSubmodule"}
[2021-12-22 09:47:50.433] [exthost] [error] {"message":"Git error","stdout":"","stderr":"fatal: Pathspec '/var/www/html/src' is in submodule 'html'\n","exitCode":128,"gitErrorCode":"IsInSubmodule"}
[2021-12-22 09:47:50.433] [exthost] [error] {"message":"Git error","stdout":"","stderr":"fatal: Pathspec '/var/www/html/src' is in submodule 'html'\n","exitCode":128,"gitErrorCode":"IsInSubmodule"}
[2021-12-22 09:47:50.433] [exthost] [error] {"message":"Git error","stdout":"","stderr":"fatal: Pathspec '/var/www/html/src' is in submodule 'html'\n","exitCode":128,"gitErrorCode":"IsInSubmodule"}
[2021-12-22 09:47:50.433] [exthost] [error] {"message":"Git error","stdout":"","stderr":"fatal: Pathspec '/var/www/html/src' is in submodule 'html'\n","exitCode":128,"gitErrorCode":"IsInSubmodule"}
[2021-12-22 09:47:50.433] [exthost] [error] {"message":"Git error","stdout":"","stderr":"fatal: Pathspec '/var/www/html/src' is in submodule 'html'\n","exitCode":128,"gitErrorCode":"IsInSubmodule"}
[2021-12-22 09:47:50.433] [exthost] [error] {"message":"Git error","stdout":"","stderr":"fatal: Pathspec '/var/www/html/src' is in submodule 'html'\n","exitCode":128,"gitErrorCode":"IsInSubmodule"}
[2021-12-22 09:47:50.433] [exthost] [error] {"message":"Git error","stdout":"","stderr":"fatal: Pathspec '/var/www/html/src' is in submodule 'html'\n","exitCode":128,"gitErrorCode":"IsInSubmodule"}
[2021-12-22 09:47:50.433] [exthost] [error] {"message":"Git error","stdout":"","stderr":"fatal: Pathspec '/var/www/html/src' is in submodule 'html'\n","exitCode":128,"gitErrorCode":"IsInSubmodule"}
[2021-12-22 09:47:50.433] [exthost] [error] {"message":"Git error","stdout":"","stderr":"fatal: Pathspec '/var/www/html/src' is in submodule 'html'\n","exitCode":128,"gitErrorCode":"IsInSubmodule"}
[2021-12-22 09:47:50.433] [exthost] [error] {"message":"Git error","stdout":"","stderr":"fatal: Pathspec '/var/www/html/src' is in submodule 'html'\n","exitCode":128,"gitErrorCode":"IsInSubmodule"}
[2021-12-22 09:47:50.433] [exthost] [error] {"message":"Git error","stdout":"","stderr":"fatal: Pathspec '/var/www/html/src' is in submodule 'html'\n","exitCode":128,"gitErrorCode":"IsInSubmodule"}
[2021-12-22 09:47:50.433] [exthost] [error] {"message":"Git error","stdout":"","stderr":"fatal: Pathspec '/var/www/html/src' is in submodule 'html'\n","exitCode":128,"gitErrorCode":"IsInSubmodule"}
[2021-12-22 09:47:50.433] [exthost] [error] {"message":"Git error","stdout":"","stderr":"fatal: Pathspec '/var/www/html/src' is in submodule 'html'\n","exitCode":128,"gitErrorCode":"IsInSubmodule"}
[2021-12-22 09:47:50.433] [exthost] [error] {"message":"Git error","stdout":"","stderr":"fatal: Pathspec '/var/www/html/src' is in submodule 'html'\n","exitCode":128,"gitErrorCode":"IsInSubmodule"}
[2021-12-22 09:47:50.433] [exthost] [error] {"message":"Git error","stdout":"","stderr":"fatal: Pathspec '/var/www/html/src' is in submodule 'html'\n","exitCode":128,"gitErrorCode":"IsInSubmodule"}
[2021-12-22 09:47:50.433] [exthost] [error] {"message":"Git error","stdout":"","stderr":"fatal: Pathspec '/var/www/html/src' is in submodule 'html'\n","exitCode":128,"gitErrorCode":"IsInSubmodule"}
[2021-12-22 09:47:50.433] [exthost] [error] {"message":"Git error","stdout":"","stderr":"fatal: Pathspec '/var/www/html/src' is in submodule 'html'\n","exitCode":128,"gitErrorCode":"IsInSubmodule"}
[2021-12-22 09:47:50.433] [exthost] [error] {"message":"Git error","stdout":"","stderr":"fatal: Pathspec '/var/www/html/src' is in submodule 'html'\n","exitCode":128,"gitErrorCode":"IsInSubmodule"}
[2021-12-22 09:47:50.433] [exthost] [error] {"message":"Git error","stdout":"","stderr":"fatal: Pathspec '/var/www/html/src' is in submodule 'html'\n","exitCode":128,"gitErrorCode":"IsInSubmodule"}
[2021-12-22 09:47:50.433] [exthost] [error] {"message":"Git error","stdout":"","stderr":"fatal: Pathspec '/var/www/html/src' is in submodule 'html'\n","exitCode":128,"gitErrorCode":"IsInSubmodule"}
[2021-12-22 09:48:04.515] [exthost] [error] {"message":"Git error","stdout":"","stderr":"fatal: Pathspec '/var/www/html/custom/plugins/TcinnThemeWareLiving/src' is in submodule 'html'\n","exitCode":128,"gitErrorCode":"IsInSubmodule"}
[2021-12-22 09:48:04.515] [exthost] [error] {"message":"Git error","stdout":"","stderr":"fatal: Pathspec '/var/www/html/custom/plugins/TcinnThemeWareLiving/src' is in submodule 'html'\n","exitCode":128,"gitErrorCode":"IsInSubmodule"}
[2021-12-22 09:48:04.515] [exthost] [error] {"message":"Git error","stdout":"","stderr":"fatal: Pathspec '/var/www/html/custom/plugins/TcinnThemeWareLiving/src' is in submodule 'html'\n","exitCode":128,"gitErrorCode":"IsInSubmodule"}
[2021-12-22 09:48:04.515] [exthost] [error] {"message":"Git error","stdout":"","stderr":"fatal: Pathspec '/var/www/html/custom/plugins/TcinnThemeWareLiving/src' is in submodule 'html'\n","exitCode":128,"gitErrorCode":"IsInSubmodule"}
[2021-12-22 09:48:04.515] [exthost] [error] {"message":"Git error","stdout":"","stderr":"fatal: Pathspec '/var/www/html/custom/plugins/TcinnThemeWareLiving/src' is in submodule 'html'\n","exitCode":128,"gitErrorCode":"IsInSubmodule"}
[2021-12-22 09:48:06.276] [exthost] [error] {"message":"Git error","stdout":"","stderr":"fatal: Pathspec '/var/www/html/custom/plugins/TcinnThemeWareLiving/src/Resources' is in submodule 'html'\n","exitCode":128,"gitErrorCode":"IsInSubmodule"}
[2021-12-22 09:48:06.276] [exthost] [error] {"message":"Git error","stdout":"","stderr":"fatal: Pathspec '/var/www/html/custom/plugins/TcinnThemeWareLiving/src/Resources' is in submodule 'html'\n","exitCode":128,"gitErrorCode":"IsInSubmodule"}
[2021-12-22 09:48:08.303] [exthost] [error] {"message":"Git error","stdout":"","stderr":"fatal: Pathspec '/var/www/html/custom/plugins/TcinnThemeWareLiving/src/Resources/app' is in submodule 'html'\n","exitCode":128,"gitErrorCode":"IsInSubmodule"}
[2021-12-22 09:48:08.303] [exthost] [error] {"message":"Git error","stdout":"","stderr":"fatal: Pathspec '/var/www/html/custom/plugins/TcinnThemeWareLiving/src/Resources/app' is in submodule 'html'\n","exitCode":128,"gitErrorCode":"IsInSubmodule"}
[2021-12-22 09:48:08.303] [exthost] [error] {"message":"Git error","stdout":"","stderr":"fatal: Pathspec '/var/www/html/custom/plugins/TcinnThemeWareLiving/src/Resources/app' is in submodule 'html'\n","exitCode":128,"gitErrorCode":"IsInSubmodule"}
[2021-12-22 09:48:08.303] [exthost] [error] {"message":"Git error","stdout":"","stderr":"fatal: Pathspec '/var/www/html/custom/plugins/TcinnThemeWareLiving/src/Resources/app' is in submodule 'html'\n","exitCode":128,"gitErrorCode":"IsInSubmodule"}
[2021-12-22 09:48:08.303] [exthost] [error] {"message":"Git error","stdout":"","stderr":"fatal: Pathspec '/var/www/html/custom/plugins/TcinnThemeWareLiving/src/Resources/app' is in submodule 'html'\n","exitCode":128,"gitErrorCode":"IsInSubmodule"}
[2021-12-22 09:48:08.303] [exthost] [error] {"message":"Git error","stdout":"","stderr":"fatal: Pathspec '/var/www/html/custom/plugins/TcinnThemeWareLiving/src/Resources/app' is in submodule 'html'\n","exitCode":128,"gitErrorCode":"IsInSubmodule"}
[2021-12-22 10:28:30.678] [exthost] [error] {"message":"Git error","stdout":"","stderr":"fatal: Pathspec '/var/www/html/custom/plugins/HishamTest/src/Resources/app/storefront/src/scss/global/global.scss' is in submodule 'html'\n","exitCode":128,"gitErrorCode":"IsInSubmodule"}
[2021-12-22 10:28:30.679] [exthost] [error] {"message":"Git error","stdout":"","stderr":"fatal: Pathspec '/var/www/html/custom/plugins/HishamTest/src/Resources/app/storefront/src/scss/global/global.scss' is in submodule 'html'\n","exitCode":128,"gitErrorCode":"IsInSubmodule"}
[2021-12-22 10:28:30.679] [exthost] [error] {"message":"Git error","stdout":"","stderr":"fatal: Pathspec '/var/www/html/custom/plugins/HishamTest/src/Resources/app/storefront/src/scss/global/global.scss' is in submodule 'html'\n","exitCode":128,"gitErrorCode":"IsInSubmodule"}
[2021-12-22 10:30:55.292] [exthost] [error] {"message":"Git error","stdout":"","stderr":"fatal: Pathspec '/var/www/html/custom/plugins/HishamTest/src/Resources/app/storefront/src/scss/header/header.scss' is in submodule 'html'\n","exitCode":128,"gitErrorCode":"IsInSubmodule"}
[2021-12-22 10:30:55.292] [exthost] [error] {"message":"Git error","stdout":"","stderr":"fatal: Pathspec '/var/www/html/custom/plugins/HishamTest/src/Resources/app/storefront/src/scss/header/header.scss' is in submodule 'html'\n","exitCode":128,"gitErrorCode":"IsInSubmodule"}
[2021-12-22 10:30:55.292] [exthost] [error] {"message":"Git error","stdout":"","stderr":"fatal: Pathspec '/var/www/html/custom/plugins/HishamTest/src/Resources/app/storefront/src/scss/header/header.scss' is in submodule 'html'\n","exitCode":128,"gitErrorCode":"IsInSubmodule"}
[2021-12-22 10:42:14.828] [exthost] [error] {"message":"Git error","stdout":"","stderr":"fatal: Pathspec '/var/www/html/custom/plugins/HishamTest/src/Resources/app/storefront/src/scss/animations' is in submodule 'html'\n","exitCode":128,"gitErrorCode":"IsInSubmodule"}
[2021-12-22 10:42:35.909] [exthost] [error] {"message":"Git error","stdout":"","stderr":"fatal: Pathspec '/var/www/html/custom/plugins/HishamTest/src/Resources/app/storefront/src/scss/animations/colors.scss' is in submodule 'html'\n","exitCode":128,"gitErrorCode":"IsInSubmodule"}
[2021-12-22 11:10:04.523] [exthost] [error] {"message":"Git error","stdout":"","stderr":"fatal: Pathspec '/var/www/html/custom/plugins/HishamTest/src/Resources/app/storefront/src/scss/animations/modeani.scss' is in submodule 'html'\n","exitCode":128,"gitErrorCode":"IsInSubmodule"}
[2021-12-22 11:10:26.299] [exthost] [error] {"message":"Git error","stdout":"","stderr":"fatal: Pathspec '/var/www/html/custom/plugins/HishamTest/src/Resources/app/storefront/src/scss/body/body.scss' is in submodule 'html'\n","exitCode":128,"gitErrorCode":"IsInSubmodule"}
[2021-12-22 11:10:26.299] [exthost] [error] {"message":"Git error","stdout":"","stderr":"fatal: Pathspec '/var/www/html/custom/plugins/HishamTest/src/Resources/app/storefront/src/scss/body/body.scss' is in submodule 'html'\n","exitCode":128,"gitErrorCode":"IsInSubmodule"}
[2021-12-22 11:10:26.299] [exthost] [error] {"message":"Git error","stdout":"","stderr":"fatal: Pathspec '/var/www/html/custom/plugins/HishamTest/src/Resources/app/storefront/src/scss/body/body.scss' is in submodule 'html'\n","exitCode":128,"gitErrorCode":"IsInSubmodule"}
[2021-12-22 11:10:28.036] [exthost] [error] {"message":"Git error","stdout":"","stderr":"fatal: Pathspec '/var/www/html/custom/plugins/HishamTest/src/Resources/app/storefront/src/scss/footer/footer.scss' is in submodule 'html'\n","exitCode":128,"gitErrorCode":"IsInSubmodule"}
[2021-12-22 11:10:28.036] [exthost] [error] {"message":"Git error","stdout":"","stderr":"fatal: Pathspec '/var/www/html/custom/plugins/HishamTest/src/Resources/app/storefront/src/scss/footer/footer.scss' is in submodule 'html'\n","exitCode":128,"gitErrorCode":"IsInSubmodule"}
[2021-12-22 11:10:28.036] [exthost] [error] {"message":"Git error","stdout":"","stderr":"fatal: Pathspec '/var/www/html/custom/plugins/HishamTest/src/Resources/app/storefront/src/scss/footer/footer.scss' is in submodule 'html'\n","exitCode":128,"gitErrorCode":"IsInSubmodule"}
[2021-12-22 11:34:31.263] [exthost] [error] {"message":"Git error","stdout":"","stderr":"fatal: Pathspec '/var/www/html/custom/plugins/HishamTest/src/Resources/app/storefront/src/assets/.gitkeep' is in submodule 'html'\n","exitCode":128,"gitErrorCode":"IsInSubmodule"}
[2021-12-22 12:41:08.313] [exthost] [error] {"message":"Git error","stdout":"","stderr":"fatal: Pathspec '/var/www/html/custom/plugins/HishamTest/src/Resources/app/storefront/src/scss/themes' is in submodule 'html'\n","exitCode":128,"gitErrorCode":"IsInSubmodule"}
[2021-12-22 12:41:39.171] [exthost] [error] {"message":"Git error","stdout":"","stderr":"fatal: Pathspec '/var/www/html/custom/plugins/HishamTest/src/Resources/app/storefront/src/scss/themes/thememixin.scss' is in submodule 'html'\n","exitCode":128,"gitErrorCode":"IsInSubmodule"}
[2021-12-22 12:41:52.705] [exthost] [error] {"message":"Git error","stdout":"","stderr":"fatal: Pathspec '/var/www/html/custom/plugins/HishamTest/src/Resources/app/storefront/src/scss/themes/mixin.scss' is in submodule 'html'\n","exitCode":128,"gitErrorCode":"IsInSubmodule"}
[2021-12-22 12:53:48.253] [exthost] [error] {"message":"Git error","stdout":"","stderr":"fatal: Pathspec '/var/www/html/custom/plugins/HishamTest/src/Resources/app/storefront/src/scss/themes/theme-options-var.scss' is in submodule 'html'\n","exitCode":128,"gitErrorCode":"IsInSubmodule"}
[2021-12-22 12:55:33.314] [exthost] [error] {"message":"Git error","stdout":"","stderr":"fatal: Pathspec '/var/www/html/custom/plugins/HishamTest/src/Resources/app/storefront/src/scss/themes/sea.scss' is in submodule 'html'\n","exitCode":128,"gitErrorCode":"IsInSubmodule"}
[2021-12-22 16:46:09.539] [exthost] [info] extension host terminating: received terminate message from renderer
[2021-12-22 16:46:09.557] [exthost] [info] Lock '/var/www/.vscode-server/data/User/workspaceStorage/40d9a2f1d021964133be52b46957053c/vscode.lock': Marking the lockfile as scheduled to be released in 6000 ms.
[2021-12-22 16:46:09.892] [exthost] [info] Extension host with pid 1102 exiting with code 0
