[2021-12-20 08:24:01.324] [exthost] [info] Extension host with pid 1262 started
[2021-12-20 08:24:01.361] [exthost] [info] Lock '/var/www/.vscode-server/data/User/workspaceStorage/40d9a2f1d021964133be52b46957053c/vscode.lock': Lock acquired.
[2021-12-20 08:24:01.691] [exthost] [info] ExtensionService#_doActivateExtension vscode.debug-auto-launch, startup: true, activationEvent: '*'
[2021-12-20 08:24:01.701] [exthost] [info] ExtensionService#_doActivateExtension vscode.git, startup: true, activationEvent: '*', root cause: vscode.github
[2021-12-20 08:24:02.303] [exthost] [info] ExtensionService#_doActivateExtension vscode.github, startup: true, activationEvent: '*'
[2021-12-20 08:24:02.371] [exthost] [info] ExtensionService#_doActivateExtension vscode.merge-conflict, startup: false, activationEvent: 'onStartupFinished'
[2021-12-20 08:24:02.384] [exthost] [info] Eager extensions activated
[2021-12-20 08:24:25.099] [exthost] [info] ExtensionService#_doActivateExtension mblode.twig-language, startup: false, activationEvent: '*'
[2021-12-20 08:29:46.167] [exthost] [info] ExtensionService#_doActivateExtension vscode.configuration-editing, startup: false, activationEvent: 'onLanguage:json'
[2021-12-20 08:29:46.193] [exthost] [info] ExtensionService#_doActivateExtension vscode.extension-editing, startup: false, activationEvent: 'onLanguage:json'
[2021-12-20 08:29:46.227] [exthost] [info] ExtensionService#_doActivateExtension vscode.json-language-features, startup: false, activationEvent: 'onLanguage:json'
[2021-12-20 08:29:46.433] [exthost] [info] ExtensionService#_doActivateExtension vscode.npm, startup: false, activationEvent: 'onLanguage:json'
[2021-12-20 08:40:40.871] [exthost] [info] ExtensionService#_doActivateExtension ZainChen.json, startup: false, activationEvent: 'onLanguage:json'
[2021-12-20 08:42:46.439] [exthost] [info] ExtensionService#_doActivateExtension vscode.typescript-language-features, startup: false, activationEvent: 'onLanguage:javascript'
[2021-12-20 08:42:49.512] [exthost] [info] ExtensionService#_doActivateExtension HookyQR.beautify, startup: false, activationEvent: '*'
[2021-12-20 08:44:40.249] [exthost] [info] ExtensionService#_doActivateExtension mblode.twig-language-2, startup: false, activationEvent: 'onLanguage:twig'
[2021-12-20 10:16:13.691] [exthost] [info] ExtensionService#_doActivateExtension vscode.emmet, startup: false, activationEvent: 'onLanguage:html'
[2021-12-20 10:16:13.781] [exthost] [info] ExtensionService#_doActivateExtension vscode.html-language-features, startup: false, activationEvent: 'onLanguage:html'
[2021-12-20 10:22:36.827] [exthost] [error] {"message":"Git error","stdout":".gitignore\u000057\u0000/vendor/\u0000/var/www/html/vendor/shopware/platform\u0000","stderr":"fatal: pathspec '/var/www/html/vendor/shopware/platform/.github' is beyond a symbolic link\n","exitCode":128}
[2021-12-20 10:22:36.828] [exthost] [error] {"message":"Git error","stdout":".gitignore\u000057\u0000/vendor/\u0000/var/www/html/vendor/shopware/platform\u0000","stderr":"fatal: pathspec '/var/www/html/vendor/shopware/platform/.github' is beyond a symbolic link\n","exitCode":128}
[2021-12-20 10:22:36.828] [exthost] [error] {"message":"Git error","stdout":".gitignore\u000057\u0000/vendor/\u0000/var/www/html/vendor/shopware/platform\u0000","stderr":"fatal: pathspec '/var/www/html/vendor/shopware/platform/.github' is beyond a symbolic link\n","exitCode":128}
[2021-12-20 10:22:36.828] [exthost] [error] {"message":"Git error","stdout":".gitignore\u000057\u0000/vendor/\u0000/var/www/html/vendor/shopware/platform\u0000","stderr":"fatal: pathspec '/var/www/html/vendor/shopware/platform/.github' is beyond a symbolic link\n","exitCode":128}
[2021-12-20 10:22:36.828] [exthost] [error] {"message":"Git error","stdout":".gitignore\u000057\u0000/vendor/\u0000/var/www/html/vendor/shopware/platform\u0000","stderr":"fatal: pathspec '/var/www/html/vendor/shopware/platform/.github' is beyond a symbolic link\n","exitCode":128}
[2021-12-20 10:22:36.828] [exthost] [error] {"message":"Git error","stdout":".gitignore\u000057\u0000/vendor/\u0000/var/www/html/vendor/shopware/platform\u0000","stderr":"fatal: pathspec '/var/www/html/vendor/shopware/platform/.github' is beyond a symbolic link\n","exitCode":128}
[2021-12-20 10:22:36.828] [exthost] [error] {"message":"Git error","stdout":".gitignore\u000057\u0000/vendor/\u0000/var/www/html/vendor/shopware/platform\u0000","stderr":"fatal: pathspec '/var/www/html/vendor/shopware/platform/.github' is beyond a symbolic link\n","exitCode":128}
[2021-12-20 10:22:36.828] [exthost] [error] {"message":"Git error","stdout":".gitignore\u000057\u0000/vendor/\u0000/var/www/html/vendor/shopware/platform\u0000","stderr":"fatal: pathspec '/var/www/html/vendor/shopware/platform/.github' is beyond a symbolic link\n","exitCode":128}
[2021-12-20 10:22:36.828] [exthost] [error] {"message":"Git error","stdout":".gitignore\u000057\u0000/vendor/\u0000/var/www/html/vendor/shopware/platform\u0000","stderr":"fatal: pathspec '/var/www/html/vendor/shopware/platform/.github' is beyond a symbolic link\n","exitCode":128}
[2021-12-20 10:22:41.701] [exthost] [error] {"message":"Git error","stdout":"","stderr":"fatal: pathspec '/var/www/html/vendor/shopware/platform/.env.dist' is beyond a symbolic link\n","exitCode":128}
[2021-12-20 10:22:41.702] [exthost] [error] {"message":"Git error","stdout":"","stderr":"fatal: pathspec '/var/www/html/vendor/shopware/platform/.env.dist' is beyond a symbolic link\n","exitCode":128}
[2021-12-20 10:22:41.702] [exthost] [error] {"message":"Git error","stdout":"","stderr":"fatal: pathspec '/var/www/html/vendor/shopware/platform/.env.dist' is beyond a symbolic link\n","exitCode":128}
[2021-12-20 10:22:41.702] [exthost] [error] {"message":"Git error","stdout":"","stderr":"fatal: pathspec '/var/www/html/vendor/shopware/platform/.env.dist' is beyond a symbolic link\n","exitCode":128}
[2021-12-20 10:22:41.702] [exthost] [error] {"message":"Git error","stdout":"","stderr":"fatal: pathspec '/var/www/html/vendor/shopware/platform/.env.dist' is beyond a symbolic link\n","exitCode":128}
[2021-12-20 10:26:12.479] [exthost] [error] {"message":"Git error","stdout":"","stderr":"fatal: pathspec '/var/www/html/vendor/shopware/platform/composer.json' is beyond a symbolic link\n","exitCode":128}
[2021-12-20 10:26:12.479] [exthost] [error] {"message":"Git error","stdout":"","stderr":"fatal: pathspec '/var/www/html/vendor/shopware/platform/composer.json' is beyond a symbolic link\n","exitCode":128}
[2021-12-20 10:26:14.665] [exthost] [error] {"message":"Git error","stdout":"","stderr":"fatal: pathspec '/var/www/html/vendor/shopware/platform/src/Administration' is beyond a symbolic link\n","exitCode":128}
[2021-12-20 10:26:14.665] [exthost] [error] {"message":"Git error","stdout":"","stderr":"fatal: pathspec '/var/www/html/vendor/shopware/platform/src/Administration' is beyond a symbolic link\n","exitCode":128}
[2021-12-20 10:26:14.665] [exthost] [error] {"message":"Git error","stdout":"","stderr":"fatal: pathspec '/var/www/html/vendor/shopware/platform/src/Administration' is beyond a symbolic link\n","exitCode":128}
[2021-12-20 10:26:14.665] [exthost] [error] {"message":"Git error","stdout":"","stderr":"fatal: pathspec '/var/www/html/vendor/shopware/platform/src/Administration' is beyond a symbolic link\n","exitCode":128}
[2021-12-20 10:26:14.665] [exthost] [error] {"message":"Git error","stdout":"","stderr":"fatal: pathspec '/var/www/html/vendor/shopware/platform/src/Administration' is beyond a symbolic link\n","exitCode":128}
[2021-12-20 10:26:14.665] [exthost] [error] {"message":"Git error","stdout":"","stderr":"fatal: pathspec '/var/www/html/vendor/shopware/platform/src/Administration' is beyond a symbolic link\n","exitCode":128}
[2021-12-20 10:26:20.430] [exthost] [error] {"message":"Git error","stdout":"","stderr":"fatal: pathspec '/var/www/html/vendor/shopware/platform/src/Storefront/Controller' is beyond a symbolic link\n","exitCode":128}
[2021-12-20 10:26:20.430] [exthost] [error] {"message":"Git error","stdout":"","stderr":"fatal: pathspec '/var/www/html/vendor/shopware/platform/src/Storefront/Controller' is beyond a symbolic link\n","exitCode":128}
[2021-12-20 10:26:20.430] [exthost] [error] {"message":"Git error","stdout":"","stderr":"fatal: pathspec '/var/www/html/vendor/shopware/platform/src/Storefront/Controller' is beyond a symbolic link\n","exitCode":128}
[2021-12-20 10:26:20.430] [exthost] [error] {"message":"Git error","stdout":"","stderr":"fatal: pathspec '/var/www/html/vendor/shopware/platform/src/Storefront/Controller' is beyond a symbolic link\n","exitCode":128}
[2021-12-20 10:26:20.430] [exthost] [error] {"message":"Git error","stdout":"","stderr":"fatal: pathspec '/var/www/html/vendor/shopware/platform/src/Storefront/Controller' is beyond a symbolic link\n","exitCode":128}
[2021-12-20 10:26:20.430] [exthost] [error] {"message":"Git error","stdout":"","stderr":"fatal: pathspec '/var/www/html/vendor/shopware/platform/src/Storefront/Controller' is beyond a symbolic link\n","exitCode":128}
[2021-12-20 10:26:20.430] [exthost] [error] {"message":"Git error","stdout":"","stderr":"fatal: pathspec '/var/www/html/vendor/shopware/platform/src/Storefront/Controller' is beyond a symbolic link\n","exitCode":128}
[2021-12-20 10:26:20.430] [exthost] [error] {"message":"Git error","stdout":"","stderr":"fatal: pathspec '/var/www/html/vendor/shopware/platform/src/Storefront/Controller' is beyond a symbolic link\n","exitCode":128}
[2021-12-20 10:26:21.032] [exthost] [error] {"message":"Git error","stdout":"","stderr":"fatal: pathspec '/var/www/html/vendor/shopware/platform/src/Storefront/Resources' is beyond a symbolic link\n","exitCode":128}
[2021-12-20 10:26:21.032] [exthost] [error] {"message":"Git error","stdout":"","stderr":"fatal: pathspec '/var/www/html/vendor/shopware/platform/src/Storefront/Resources' is beyond a symbolic link\n","exitCode":128}
[2021-12-20 10:26:21.032] [exthost] [error] {"message":"Git error","stdout":"","stderr":"fatal: pathspec '/var/www/html/vendor/shopware/platform/src/Storefront/Resources' is beyond a symbolic link\n","exitCode":128}
[2021-12-20 10:26:21.953] [exthost] [error] {"message":"Git error","stdout":"","stderr":"fatal: pathspec '/var/www/html/vendor/shopware/platform/src/Storefront/.gitignore' is beyond a symbolic link\n","exitCode":128}
[2021-12-20 10:26:21.953] [exthost] [error] {"message":"Git error","stdout":"","stderr":"fatal: pathspec '/var/www/html/vendor/shopware/platform/src/Storefront/.gitignore' is beyond a symbolic link\n","exitCode":128}
[2021-12-20 10:26:23.052] [exthost] [error] {"message":"Git error","stdout":"","stderr":"fatal: pathspec '/var/www/html/vendor/shopware/platform/src/Storefront/phpunit.xml.dist' is beyond a symbolic link\n","exitCode":128}
[2021-12-20 10:26:23.052] [exthost] [error] {"message":"Git error","stdout":"","stderr":"fatal: pathspec '/var/www/html/vendor/shopware/platform/src/Storefront/phpunit.xml.dist' is beyond a symbolic link\n","exitCode":128}
[2021-12-20 10:26:24.136] [exthost] [error] {"message":"Git error","stdout":"","stderr":"fatal: pathspec '/var/www/html/vendor/shopware/platform/src/Storefront/Page/Account' is beyond a symbolic link\n","exitCode":128}
[2021-12-20 10:26:24.136] [exthost] [error] {"message":"Git error","stdout":"","stderr":"fatal: pathspec '/var/www/html/vendor/shopware/platform/src/Storefront/Page/Account' is beyond a symbolic link\n","exitCode":128}
[2021-12-20 10:26:24.136] [exthost] [error] {"message":"Git error","stdout":"","stderr":"fatal: pathspec '/var/www/html/vendor/shopware/platform/src/Storefront/Page/Account' is beyond a symbolic link\n","exitCode":128}
[2021-12-20 10:26:24.136] [exthost] [error] {"message":"Git error","stdout":"","stderr":"fatal: pathspec '/var/www/html/vendor/shopware/platform/src/Storefront/Page/Account' is beyond a symbolic link\n","exitCode":128}
[2021-12-20 10:26:24.136] [exthost] [error] {"message":"Git error","stdout":"","stderr":"fatal: pathspec '/var/www/html/vendor/shopware/platform/src/Storefront/Page/Account' is beyond a symbolic link\n","exitCode":128}
[2021-12-20 10:26:24.136] [exthost] [error] {"message":"Git error","stdout":"","stderr":"fatal: pathspec '/var/www/html/vendor/shopware/platform/src/Storefront/Page/Account' is beyond a symbolic link\n","exitCode":128}
[2021-12-20 10:26:24.136] [exthost] [error] {"message":"Git error","stdout":"","stderr":"fatal: pathspec '/var/www/html/vendor/shopware/platform/src/Storefront/Page/Account' is beyond a symbolic link\n","exitCode":128}
[2021-12-20 10:26:24.136] [exthost] [error] {"message":"Git error","stdout":"","stderr":"fatal: pathspec '/var/www/html/vendor/shopware/platform/src/Storefront/Page/Account' is beyond a symbolic link\n","exitCode":128}
[2021-12-20 10:26:25.569] [exthost] [error] {"message":"Git error","stdout":"","stderr":"fatal: pathspec '/var/www/html/vendor/shopware/platform/src/Storefront/Page/Account/CustomerGroupRegistration' is beyond a symbolic link\n","exitCode":128}
[2021-12-20 10:26:25.569] [exthost] [error] {"message":"Git error","stdout":"","stderr":"fatal: pathspec '/var/www/html/vendor/shopware/platform/src/Storefront/Page/Account/CustomerGroupRegistration' is beyond a symbolic link\n","exitCode":128}
[2021-12-20 10:26:25.569] [exthost] [error] {"message":"Git error","stdout":"","stderr":"fatal: pathspec '/var/www/html/vendor/shopware/platform/src/Storefront/Page/Account/CustomerGroupRegistration' is beyond a symbolic link\n","exitCode":128}
[2021-12-20 10:26:25.569] [exthost] [error] {"message":"Git error","stdout":"","stderr":"fatal: pathspec '/var/www/html/vendor/shopware/platform/src/Storefront/Page/Account/CustomerGroupRegistration' is beyond a symbolic link\n","exitCode":128}
[2021-12-20 10:26:25.569] [exthost] [error] {"message":"Git error","stdout":"","stderr":"fatal: pathspec '/var/www/html/vendor/shopware/platform/src/Storefront/Page/Account/CustomerGroupRegistration' is beyond a symbolic link\n","exitCode":128}
[2021-12-20 10:26:25.569] [exthost] [error] {"message":"Git error","stdout":"","stderr":"fatal: pathspec '/var/www/html/vendor/shopware/platform/src/Storefront/Page/Account/CustomerGroupRegistration' is beyond a symbolic link\n","exitCode":128}
[2021-12-20 10:26:25.569] [exthost] [error] {"message":"Git error","stdout":"","stderr":"fatal: pathspec '/var/www/html/vendor/shopware/platform/src/Storefront/Page/Account/CustomerGroupRegistration' is beyond a symbolic link\n","exitCode":128}
[2021-12-20 10:26:26.826] [exthost] [error] {"message":"Git error","stdout":"","stderr":"fatal: pathspec '/var/www/html/vendor/shopware/platform/src/Storefront/Page/Product' is beyond a symbolic link\n","exitCode":128}
[2021-12-20 10:26:26.826] [exthost] [error] {"message":"Git error","stdout":"","stderr":"fatal: pathspec '/var/www/html/vendor/shopware/platform/src/Storefront/Page/Product' is beyond a symbolic link\n","exitCode":128}
[2021-12-20 10:26:26.826] [exthost] [error] {"message":"Git error","stdout":"","stderr":"fatal: pathspec '/var/www/html/vendor/shopware/platform/src/Storefront/Page/Product' is beyond a symbolic link\n","exitCode":128}
[2021-12-20 10:26:31.621] [exthost] [error] {"message":"Git error","stdout":"","stderr":"fatal: pathspec '/var/www/html/vendor/shopware/platform/src/Storefront/Storefront.php' is beyond a symbolic link\n","exitCode":128}
[2021-12-20 10:26:35.933] [exthost] [error] {"message":"Git error","stdout":"","stderr":"fatal: pathspec '/var/www/html/vendor/shopware/platform/docker-compose.yaml' is beyond a symbolic link\n","exitCode":128}
[2021-12-20 10:26:35.933] [exthost] [error] {"message":"Git error","stdout":"","stderr":"fatal: pathspec '/var/www/html/vendor/shopware/platform/docker-compose.yaml' is beyond a symbolic link\n","exitCode":128}
[2021-12-20 10:26:35.933] [exthost] [error] {"message":"Git error","stdout":"","stderr":"fatal: pathspec '/var/www/html/vendor/shopware/platform/docker-compose.yaml' is beyond a symbolic link\n","exitCode":128}
[2021-12-20 10:26:35.933] [exthost] [error] {"message":"Git error","stdout":"","stderr":"fatal: pathspec '/var/www/html/vendor/shopware/platform/docker-compose.yaml' is beyond a symbolic link\n","exitCode":128}
[2021-12-20 10:26:35.933] [exthost] [error] {"message":"Git error","stdout":"","stderr":"fatal: pathspec '/var/www/html/vendor/shopware/platform/docker-compose.yaml' is beyond a symbolic link\n","exitCode":128}
[2021-12-20 10:26:35.933] [exthost] [error] {"message":"Git error","stdout":"","stderr":"fatal: pathspec '/var/www/html/vendor/shopware/platform/docker-compose.yaml' is beyond a symbolic link\n","exitCode":128}
[2021-12-20 10:26:35.933] [exthost] [error] {"message":"Git error","stdout":"","stderr":"fatal: pathspec '/var/www/html/vendor/shopware/platform/docker-compose.yaml' is beyond a symbolic link\n","exitCode":128}
[2021-12-20 10:26:35.933] [exthost] [error] {"message":"Git error","stdout":"","stderr":"fatal: pathspec '/var/www/html/vendor/shopware/platform/docker-compose.yaml' is beyond a symbolic link\n","exitCode":128}
[2021-12-20 10:26:35.933] [exthost] [error] {"message":"Git error","stdout":"","stderr":"fatal: pathspec '/var/www/html/vendor/shopware/platform/docker-compose.yaml' is beyond a symbolic link\n","exitCode":128}
[2021-12-20 10:26:35.933] [exthost] [error] {"message":"Git error","stdout":"","stderr":"fatal: pathspec '/var/www/html/vendor/shopware/platform/docker-compose.yaml' is beyond a symbolic link\n","exitCode":128}
[2021-12-20 10:26:37.121] [exthost] [error] {"message":"Git error","stdout":"","stderr":"fatal: pathspec '/var/www/html/vendor/shopware/platform/src/Core/Checkout' is beyond a symbolic link\n","exitCode":128}
[2021-12-20 10:26:37.121] [exthost] [error] {"message":"Git error","stdout":"","stderr":"fatal: pathspec '/var/www/html/vendor/shopware/platform/src/Core/Checkout' is beyond a symbolic link\n","exitCode":128}
[2021-12-20 10:26:37.121] [exthost] [error] {"message":"Git error","stdout":"","stderr":"fatal: pathspec '/var/www/html/vendor/shopware/platform/src/Core/Checkout' is beyond a symbolic link\n","exitCode":128}
[2021-12-20 10:26:37.121] [exthost] [error] {"message":"Git error","stdout":"","stderr":"fatal: pathspec '/var/www/html/vendor/shopware/platform/src/Core/Checkout' is beyond a symbolic link\n","exitCode":128}
[2021-12-20 10:26:37.121] [exthost] [error] {"message":"Git error","stdout":"","stderr":"fatal: pathspec '/var/www/html/vendor/shopware/platform/src/Core/Checkout' is beyond a symbolic link\n","exitCode":128}
[2021-12-20 10:26:37.121] [exthost] [error] {"message":"Git error","stdout":"","stderr":"fatal: pathspec '/var/www/html/vendor/shopware/platform/src/Core/Checkout' is beyond a symbolic link\n","exitCode":128}
[2021-12-20 10:26:37.121] [exthost] [error] {"message":"Git error","stdout":"","stderr":"fatal: pathspec '/var/www/html/vendor/shopware/platform/src/Core/Checkout' is beyond a symbolic link\n","exitCode":128}
[2021-12-20 10:26:37.121] [exthost] [error] {"message":"Git error","stdout":"","stderr":"fatal: pathspec '/var/www/html/vendor/shopware/platform/src/Core/Checkout' is beyond a symbolic link\n","exitCode":128}
[2021-12-20 10:26:37.121] [exthost] [error] {"message":"Git error","stdout":"","stderr":"fatal: pathspec '/var/www/html/vendor/shopware/platform/src/Core/Checkout' is beyond a symbolic link\n","exitCode":128}
[2021-12-20 10:26:37.121] [exthost] [error] {"message":"Git error","stdout":"","stderr":"fatal: pathspec '/var/www/html/vendor/shopware/platform/src/Core/Checkout' is beyond a symbolic link\n","exitCode":128}
[2021-12-20 10:26:37.121] [exthost] [error] {"message":"Git error","stdout":"","stderr":"fatal: pathspec '/var/www/html/vendor/shopware/platform/src/Core/Checkout' is beyond a symbolic link\n","exitCode":128}
[2021-12-20 10:26:37.121] [exthost] [error] {"message":"Git error","stdout":"","stderr":"fatal: pathspec '/var/www/html/vendor/shopware/platform/src/Core/Checkout' is beyond a symbolic link\n","exitCode":128}
[2021-12-20 10:26:37.121] [exthost] [error] {"message":"Git error","stdout":"","stderr":"fatal: pathspec '/var/www/html/vendor/shopware/platform/src/Core/Checkout' is beyond a symbolic link\n","exitCode":128}
[2021-12-20 10:26:37.121] [exthost] [error] {"message":"Git error","stdout":"","stderr":"fatal: pathspec '/var/www/html/vendor/shopware/platform/src/Core/Checkout' is beyond a symbolic link\n","exitCode":128}
[2021-12-20 10:26:37.121] [exthost] [error] {"message":"Git error","stdout":"","stderr":"fatal: pathspec '/var/www/html/vendor/shopware/platform/src/Core/Checkout' is beyond a symbolic link\n","exitCode":128}
[2021-12-20 10:26:37.121] [exthost] [error] {"message":"Git error","stdout":"","stderr":"fatal: pathspec '/var/www/html/vendor/shopware/platform/src/Core/Checkout' is beyond a symbolic link\n","exitCode":128}
[2021-12-20 10:26:37.121] [exthost] [error] {"message":"Git error","stdout":"","stderr":"fatal: pathspec '/var/www/html/vendor/shopware/platform/src/Core/Checkout' is beyond a symbolic link\n","exitCode":128}
[2021-12-20 10:26:37.121] [exthost] [error] {"message":"Git error","stdout":"","stderr":"fatal: pathspec '/var/www/html/vendor/shopware/platform/src/Core/Checkout' is beyond a symbolic link\n","exitCode":128}
[2021-12-20 10:26:37.121] [exthost] [error] {"message":"Git error","stdout":"","stderr":"fatal: pathspec '/var/www/html/vendor/shopware/platform/src/Core/Checkout' is beyond a symbolic link\n","exitCode":128}
[2021-12-20 10:26:37.121] [exthost] [error] {"message":"Git error","stdout":"","stderr":"fatal: pathspec '/var/www/html/vendor/shopware/platform/src/Core/Checkout' is beyond a symbolic link\n","exitCode":128}
[2021-12-20 10:26:50.970] [exthost] [error] {"message":"Git error","stdout":"","stderr":"fatal: pathspec '/var/www/html/vendor/shopware/platform/src/Storefront/Theme/Aggregate' is beyond a symbolic link\n","exitCode":128}
[2021-12-20 10:26:50.970] [exthost] [error] {"message":"Git error","stdout":"","stderr":"fatal: pathspec '/var/www/html/vendor/shopware/platform/src/Storefront/Theme/Aggregate' is beyond a symbolic link\n","exitCode":128}
[2021-12-20 10:26:50.970] [exthost] [error] {"message":"Git error","stdout":"","stderr":"fatal: pathspec '/var/www/html/vendor/shopware/platform/src/Storefront/Theme/Aggregate' is beyond a symbolic link\n","exitCode":128}
[2021-12-20 10:26:50.970] [exthost] [error] {"message":"Git error","stdout":"","stderr":"fatal: pathspec '/var/www/html/vendor/shopware/platform/src/Storefront/Theme/Aggregate' is beyond a symbolic link\n","exitCode":128}
[2021-12-20 10:26:50.970] [exthost] [error] {"message":"Git error","stdout":"","stderr":"fatal: pathspec '/var/www/html/vendor/shopware/platform/src/Storefront/Theme/Aggregate' is beyond a symbolic link\n","exitCode":128}
[2021-12-20 10:26:50.970] [exthost] [error] {"message":"Git error","stdout":"","stderr":"fatal: pathspec '/var/www/html/vendor/shopware/platform/src/Storefront/Theme/Aggregate' is beyond a symbolic link\n","exitCode":128}
[2021-12-20 10:26:50.970] [exthost] [error] {"message":"Git error","stdout":"","stderr":"fatal: pathspec '/var/www/html/vendor/shopware/platform/src/Storefront/Theme/Aggregate' is beyond a symbolic link\n","exitCode":128}
[2021-12-20 10:26:50.970] [exthost] [error] {"message":"Git error","stdout":"","stderr":"fatal: pathspec '/var/www/html/vendor/shopware/platform/src/Storefront/Theme/Aggregate' is beyond a symbolic link\n","exitCode":128}
[2021-12-20 10:26:50.970] [exthost] [error] {"message":"Git error","stdout":"","stderr":"fatal: pathspec '/var/www/html/vendor/shopware/platform/src/Storefront/Theme/Aggregate' is beyond a symbolic link\n","exitCode":128}
[2021-12-20 10:27:07.483] [exthost] [error] {"message":"Git error","stdout":"","stderr":"fatal: pathspec '/var/www/html/vendor/shopware/platform/src/Administration/Controller' is beyond a symbolic link\n","exitCode":128}
[2021-12-20 10:27:07.483] [exthost] [error] {"message":"Git error","stdout":"","stderr":"fatal: pathspec '/var/www/html/vendor/shopware/platform/src/Administration/Controller' is beyond a symbolic link\n","exitCode":128}
[2021-12-20 10:27:07.483] [exthost] [error] {"message":"Git error","stdout":"","stderr":"fatal: pathspec '/var/www/html/vendor/shopware/platform/src/Administration/Controller' is beyond a symbolic link\n","exitCode":128}
[2021-12-20 10:27:07.483] [exthost] [error] {"message":"Git error","stdout":"","stderr":"fatal: pathspec '/var/www/html/vendor/shopware/platform/src/Administration/Controller' is beyond a symbolic link\n","exitCode":128}
[2021-12-20 10:27:07.483] [exthost] [error] {"message":"Git error","stdout":"","stderr":"fatal: pathspec '/var/www/html/vendor/shopware/platform/src/Administration/Controller' is beyond a symbolic link\n","exitCode":128}
[2021-12-20 10:27:07.483] [exthost] [error] {"message":"Git error","stdout":"","stderr":"fatal: pathspec '/var/www/html/vendor/shopware/platform/src/Administration/Controller' is beyond a symbolic link\n","exitCode":128}
[2021-12-20 10:27:07.483] [exthost] [error] {"message":"Git error","stdout":"","stderr":"fatal: pathspec '/var/www/html/vendor/shopware/platform/src/Administration/Controller' is beyond a symbolic link\n","exitCode":128}
[2021-12-20 10:27:07.483] [exthost] [error] {"message":"Git error","stdout":"","stderr":"fatal: pathspec '/var/www/html/vendor/shopware/platform/src/Administration/Controller' is beyond a symbolic link\n","exitCode":128}
[2021-12-20 10:27:07.483] [exthost] [error] {"message":"Git error","stdout":"","stderr":"fatal: pathspec '/var/www/html/vendor/shopware/platform/src/Administration/Controller' is beyond a symbolic link\n","exitCode":128}
[2021-12-20 10:27:07.483] [exthost] [error] {"message":"Git error","stdout":"","stderr":"fatal: pathspec '/var/www/html/vendor/shopware/platform/src/Administration/Controller' is beyond a symbolic link\n","exitCode":128}
[2021-12-20 10:27:07.483] [exthost] [error] {"message":"Git error","stdout":"","stderr":"fatal: pathspec '/var/www/html/vendor/shopware/platform/src/Administration/Controller' is beyond a symbolic link\n","exitCode":128}
[2021-12-20 10:27:09.937] [exthost] [error] {"message":"Git error","stdout":"","stderr":"fatal: pathspec '/var/www/html/vendor/shopware/platform/src/Administration/Resources/app' is beyond a symbolic link\n","exitCode":128}
[2021-12-20 10:27:09.937] [exthost] [error] {"message":"Git error","stdout":"","stderr":"fatal: pathspec '/var/www/html/vendor/shopware/platform/src/Administration/Resources/app' is beyond a symbolic link\n","exitCode":128}
[2021-12-20 10:27:09.937] [exthost] [error] {"message":"Git error","stdout":"","stderr":"fatal: pathspec '/var/www/html/vendor/shopware/platform/src/Administration/Resources/app' is beyond a symbolic link\n","exitCode":128}
[2021-12-20 10:27:09.937] [exthost] [error] {"message":"Git error","stdout":"","stderr":"fatal: pathspec '/var/www/html/vendor/shopware/platform/src/Administration/Resources/app' is beyond a symbolic link\n","exitCode":128}
[2021-12-20 10:27:09.937] [exthost] [error] {"message":"Git error","stdout":"","stderr":"fatal: pathspec '/var/www/html/vendor/shopware/platform/src/Administration/Resources/app' is beyond a symbolic link\n","exitCode":128}
[2021-12-20 10:27:09.937] [exthost] [error] {"message":"Git error","stdout":"","stderr":"fatal: pathspec '/var/www/html/vendor/shopware/platform/src/Administration/Resources/app' is beyond a symbolic link\n","exitCode":128}
[2021-12-20 10:27:11.823] [exthost] [error] {"message":"Git error","stdout":"","stderr":"fatal: pathspec '/var/www/html/vendor/shopware/platform/src/Administration/Resources/views/administration' is beyond a symbolic link\n","exitCode":128}
[2021-12-20 10:27:11.823] [exthost] [error] {"message":"Git error","stdout":"","stderr":"fatal: pathspec '/var/www/html/vendor/shopware/platform/src/Administration/Resources/views/administration' is beyond a symbolic link\n","exitCode":128}
[2021-12-20 10:27:16.228] [exthost] [error] {"message":"Git error","stdout":"","stderr":"fatal: pathspec '/var/www/html/vendor/shopware/platform/config/bundles.php' is beyond a symbolic link\n","exitCode":128}
[2021-12-20 10:27:17.659] [exthost] [error] {"message":"Git error","stdout":"","stderr":"fatal: pathspec '/var/www/html/vendor/shopware/platform/changelog/_unreleased' is beyond a symbolic link\n","exitCode":128}
[2021-12-20 10:27:17.659] [exthost] [error] {"message":"Git error","stdout":"","stderr":"fatal: pathspec '/var/www/html/vendor/shopware/platform/changelog/_unreleased' is beyond a symbolic link\n","exitCode":128}
[2021-12-20 10:27:17.659] [exthost] [error] {"message":"Git error","stdout":"","stderr":"fatal: pathspec '/var/www/html/vendor/shopware/platform/changelog/_unreleased' is beyond a symbolic link\n","exitCode":128}
[2021-12-20 10:27:17.659] [exthost] [error] {"message":"Git error","stdout":"","stderr":"fatal: pathspec '/var/www/html/vendor/shopware/platform/changelog/_unreleased' is beyond a symbolic link\n","exitCode":128}
[2021-12-20 10:27:17.659] [exthost] [error] {"message":"Git error","stdout":"","stderr":"fatal: pathspec '/var/www/html/vendor/shopware/platform/changelog/_unreleased' is beyond a symbolic link\n","exitCode":128}
[2021-12-20 10:27:17.659] [exthost] [error] {"message":"Git error","stdout":"","stderr":"fatal: pathspec '/var/www/html/vendor/shopware/platform/changelog/_unreleased' is beyond a symbolic link\n","exitCode":128}
[2021-12-20 10:27:17.659] [exthost] [error] {"message":"Git error","stdout":"","stderr":"fatal: pathspec '/var/www/html/vendor/shopware/platform/changelog/_unreleased' is beyond a symbolic link\n","exitCode":128}
[2021-12-20 10:27:17.659] [exthost] [error] {"message":"Git error","stdout":"","stderr":"fatal: pathspec '/var/www/html/vendor/shopware/platform/changelog/_unreleased' is beyond a symbolic link\n","exitCode":128}
[2021-12-20 10:27:17.659] [exthost] [error] {"message":"Git error","stdout":"","stderr":"fatal: pathspec '/var/www/html/vendor/shopware/platform/changelog/_unreleased' is beyond a symbolic link\n","exitCode":128}
[2021-12-20 10:27:17.659] [exthost] [error] {"message":"Git error","stdout":"","stderr":"fatal: pathspec '/var/www/html/vendor/shopware/platform/changelog/_unreleased' is beyond a symbolic link\n","exitCode":128}
[2021-12-20 10:27:17.659] [exthost] [error] {"message":"Git error","stdout":"","stderr":"fatal: pathspec '/var/www/html/vendor/shopware/platform/changelog/_unreleased' is beyond a symbolic link\n","exitCode":128}
[2021-12-20 10:27:17.659] [exthost] [error] {"message":"Git error","stdout":"","stderr":"fatal: pathspec '/var/www/html/vendor/shopware/platform/changelog/_unreleased' is beyond a symbolic link\n","exitCode":128}
[2021-12-20 10:27:17.659] [exthost] [error] {"message":"Git error","stdout":"","stderr":"fatal: pathspec '/var/www/html/vendor/shopware/platform/changelog/_unreleased' is beyond a symbolic link\n","exitCode":128}
[2021-12-20 10:27:19.589] [exthost] [error] {"message":"Git error","stdout":"","stderr":"fatal: pathspec '/var/www/html/vendor/shopware/platform/UPGRADE-6.1.md' is beyond a symbolic link\n","exitCode":128}
[2021-12-20 10:27:19.589] [exthost] [error] {"message":"Git error","stdout":"","stderr":"fatal: pathspec '/var/www/html/vendor/shopware/platform/UPGRADE-6.1.md' is beyond a symbolic link\n","exitCode":128}
[2021-12-20 10:27:19.589] [exthost] [error] {"message":"Git error","stdout":"","stderr":"fatal: pathspec '/var/www/html/vendor/shopware/platform/UPGRADE-6.1.md' is beyond a symbolic link\n","exitCode":128}
[2021-12-20 10:27:23.213] [exthost] [error] {"message":"Git error","stdout":"","stderr":"fatal: pathspec '/var/www/html/vendor/shopware/platform/src/Administration/Snippet/CachedSnippetFinder.php' is beyond a symbolic link\n","exitCode":128}
[2021-12-20 10:27:23.213] [exthost] [error] {"message":"Git error","stdout":"","stderr":"fatal: pathspec '/var/www/html/vendor/shopware/platform/src/Administration/Snippet/CachedSnippetFinder.php' is beyond a symbolic link\n","exitCode":128}
[2021-12-20 10:27:23.213] [exthost] [error] {"message":"Git error","stdout":"","stderr":"fatal: pathspec '/var/www/html/vendor/shopware/platform/src/Administration/Snippet/CachedSnippetFinder.php' is beyond a symbolic link\n","exitCode":128}
[2021-12-20 10:27:24.437] [exthost] [error] {"message":"Git error","stdout":"","stderr":"fatal: pathspec '/var/www/html/vendor/shopware/platform/src/Administration/Test/Controller' is beyond a symbolic link\n","exitCode":128}
[2021-12-20 10:27:24.438] [exthost] [error] {"message":"Git error","stdout":"","stderr":"fatal: pathspec '/var/www/html/vendor/shopware/platform/src/Administration/Test/Controller' is beyond a symbolic link\n","exitCode":128}
[2021-12-20 10:27:24.438] [exthost] [error] {"message":"Git error","stdout":"","stderr":"fatal: pathspec '/var/www/html/vendor/shopware/platform/src/Administration/Test/Controller' is beyond a symbolic link\n","exitCode":128}
[2021-12-20 10:27:34.318] [exthost] [error] {"message":"Git error","stdout":"","stderr":"fatal: pathspec '/var/www/html/vendor/shopware/platform/src/Recovery/Common' is beyond a symbolic link\n","exitCode":128}
[2021-12-20 10:27:34.318] [exthost] [error] {"message":"Git error","stdout":"","stderr":"fatal: pathspec '/var/www/html/vendor/shopware/platform/src/Recovery/Common' is beyond a symbolic link\n","exitCode":128}
[2021-12-20 10:27:34.318] [exthost] [error] {"message":"Git error","stdout":"","stderr":"fatal: pathspec '/var/www/html/vendor/shopware/platform/src/Recovery/Common' is beyond a symbolic link\n","exitCode":128}
[2021-12-20 10:27:34.318] [exthost] [error] {"message":"Git error","stdout":"","stderr":"fatal: pathspec '/var/www/html/vendor/shopware/platform/src/Recovery/Common' is beyond a symbolic link\n","exitCode":128}
[2021-12-20 10:27:34.318] [exthost] [error] {"message":"Git error","stdout":"","stderr":"fatal: pathspec '/var/www/html/vendor/shopware/platform/src/Recovery/Common' is beyond a symbolic link\n","exitCode":128}
[2021-12-20 10:27:34.318] [exthost] [error] {"message":"Git error","stdout":"","stderr":"fatal: pathspec '/var/www/html/vendor/shopware/platform/src/Recovery/Common' is beyond a symbolic link\n","exitCode":128}
[2021-12-20 10:27:34.318] [exthost] [error] {"message":"Git error","stdout":"","stderr":"fatal: pathspec '/var/www/html/vendor/shopware/platform/src/Recovery/Common' is beyond a symbolic link\n","exitCode":128}
[2021-12-20 10:27:34.318] [exthost] [error] {"message":"Git error","stdout":"","stderr":"fatal: pathspec '/var/www/html/vendor/shopware/platform/src/Recovery/Common' is beyond a symbolic link\n","exitCode":128}
[2021-12-20 10:27:34.318] [exthost] [error] {"message":"Git error","stdout":"","stderr":"fatal: pathspec '/var/www/html/vendor/shopware/platform/src/Recovery/Common' is beyond a symbolic link\n","exitCode":128}
[2021-12-20 10:27:34.318] [exthost] [error] {"message":"Git error","stdout":"","stderr":"fatal: pathspec '/var/www/html/vendor/shopware/platform/src/Recovery/Common' is beyond a symbolic link\n","exitCode":128}
[2021-12-20 10:27:39.286] [exthost] [error] {"message":"Git error","stdout":"","stderr":"fatal: pathspec '/var/www/html/vendor/shopware/platform/src/Storefront/Resources/app' is beyond a symbolic link\n","exitCode":128}
[2021-12-20 10:27:39.287] [exthost] [error] {"message":"Git error","stdout":"","stderr":"fatal: pathspec '/var/www/html/vendor/shopware/platform/src/Storefront/Resources/app' is beyond a symbolic link\n","exitCode":128}
[2021-12-20 10:27:39.287] [exthost] [error] {"message":"Git error","stdout":"","stderr":"fatal: pathspec '/var/www/html/vendor/shopware/platform/src/Storefront/Resources/app' is beyond a symbolic link\n","exitCode":128}
[2021-12-20 10:27:39.287] [exthost] [error] {"message":"Git error","stdout":"","stderr":"fatal: pathspec '/var/www/html/vendor/shopware/platform/src/Storefront/Resources/app' is beyond a symbolic link\n","exitCode":128}
[2021-12-20 10:27:39.287] [exthost] [error] {"message":"Git error","stdout":"","stderr":"fatal: pathspec '/var/www/html/vendor/shopware/platform/src/Storefront/Resources/app' is beyond a symbolic link\n","exitCode":128}
[2021-12-20 10:27:39.287] [exthost] [error] {"message":"Git error","stdout":"","stderr":"fatal: pathspec '/var/www/html/vendor/shopware/platform/src/Storefront/Resources/app' is beyond a symbolic link\n","exitCode":128}
[2021-12-20 10:27:39.287] [exthost] [error] {"message":"Git error","stdout":"","stderr":"fatal: pathspec '/var/www/html/vendor/shopware/platform/src/Storefront/Resources/app' is beyond a symbolic link\n","exitCode":128}
[2021-12-20 10:27:39.881] [exthost] [error] {"message":"Git error","stdout":"","stderr":"fatal: pathspec '/var/www/html/vendor/shopware/platform/src/Storefront/Resources/theme.json' is beyond a symbolic link\n","exitCode":128}
[2021-12-20 10:27:41.518] [exthost] [error] {"message":"Git error","stdout":"","stderr":"fatal: pathspec '/var/www/html/vendor/shopware/platform/src/Storefront/Resources/views/storefront' is beyond a symbolic link\n","exitCode":128}
[2021-12-20 10:27:41.518] [exthost] [error] {"message":"Git error","stdout":"","stderr":"fatal: pathspec '/var/www/html/vendor/shopware/platform/src/Storefront/Resources/views/storefront' is beyond a symbolic link\n","exitCode":128}
[2021-12-20 10:27:44.649] [exthost] [error] {"message":"Git error","stdout":"","stderr":"fatal: pathspec '/var/www/html/vendor/shopware/platform/src/Storefront/Resources/views/storefront/block' is beyond a symbolic link\n","exitCode":128}
[2021-12-20 10:27:44.650] [exthost] [error] {"message":"Git error","stdout":"","stderr":"fatal: pathspec '/var/www/html/vendor/shopware/platform/src/Storefront/Resources/views/storefront/block' is beyond a symbolic link\n","exitCode":128}
[2021-12-20 10:27:44.650] [exthost] [error] {"message":"Git error","stdout":"","stderr":"fatal: pathspec '/var/www/html/vendor/shopware/platform/src/Storefront/Resources/views/storefront/block' is beyond a symbolic link\n","exitCode":128}
[2021-12-20 10:27:44.650] [exthost] [error] {"message":"Git error","stdout":"","stderr":"fatal: pathspec '/var/www/html/vendor/shopware/platform/src/Storefront/Resources/views/storefront/block' is beyond a symbolic link\n","exitCode":128}
[2021-12-20 10:27:44.650] [exthost] [error] {"message":"Git error","stdout":"","stderr":"fatal: pathspec '/var/www/html/vendor/shopware/platform/src/Storefront/Resources/views/storefront/block' is beyond a symbolic link\n","exitCode":128}
[2021-12-20 10:27:44.650] [exthost] [error] {"message":"Git error","stdout":"","stderr":"fatal: pathspec '/var/www/html/vendor/shopware/platform/src/Storefront/Resources/views/storefront/block' is beyond a symbolic link\n","exitCode":128}
[2021-12-20 10:27:44.650] [exthost] [error] {"message":"Git error","stdout":"","stderr":"fatal: pathspec '/var/www/html/vendor/shopware/platform/src/Storefront/Resources/views/storefront/block' is beyond a symbolic link\n","exitCode":128}
[2021-12-20 10:27:44.650] [exthost] [error] {"message":"Git error","stdout":"","stderr":"fatal: pathspec '/var/www/html/vendor/shopware/platform/src/Storefront/Resources/views/storefront/block' is beyond a symbolic link\n","exitCode":128}
[2021-12-20 10:28:04.753] [exthost] [error] {"message":"Git error","stdout":"","stderr":"fatal: pathspec '/var/www/html/vendor/shopware/platform/src/Storefront/Resources/views/storefront/layout/cookie' is beyond a symbolic link\n","exitCode":128}
[2021-12-20 10:28:04.753] [exthost] [error] {"message":"Git error","stdout":"","stderr":"fatal: pathspec '/var/www/html/vendor/shopware/platform/src/Storefront/Resources/views/storefront/layout/cookie' is beyond a symbolic link\n","exitCode":128}
[2021-12-20 10:28:04.753] [exthost] [error] {"message":"Git error","stdout":"","stderr":"fatal: pathspec '/var/www/html/vendor/shopware/platform/src/Storefront/Resources/views/storefront/layout/cookie' is beyond a symbolic link\n","exitCode":128}
[2021-12-20 10:28:04.753] [exthost] [error] {"message":"Git error","stdout":"","stderr":"fatal: pathspec '/var/www/html/vendor/shopware/platform/src/Storefront/Resources/views/storefront/layout/cookie' is beyond a symbolic link\n","exitCode":128}
[2021-12-20 10:28:04.753] [exthost] [error] {"message":"Git error","stdout":"","stderr":"fatal: pathspec '/var/www/html/vendor/shopware/platform/src/Storefront/Resources/views/storefront/layout/cookie' is beyond a symbolic link\n","exitCode":128}
[2021-12-20 10:28:04.753] [exthost] [error] {"message":"Git error","stdout":"","stderr":"fatal: pathspec '/var/www/html/vendor/shopware/platform/src/Storefront/Resources/views/storefront/layout/cookie' is beyond a symbolic link\n","exitCode":128}
[2021-12-20 10:28:04.753] [exthost] [error] {"message":"Git error","stdout":"","stderr":"fatal: pathspec '/var/www/html/vendor/shopware/platform/src/Storefront/Resources/views/storefront/layout/cookie' is beyond a symbolic link\n","exitCode":128}
[2021-12-20 10:28:04.753] [exthost] [error] {"message":"Git error","stdout":"","stderr":"fatal: pathspec '/var/www/html/vendor/shopware/platform/src/Storefront/Resources/views/storefront/layout/cookie' is beyond a symbolic link\n","exitCode":128}
[2021-12-20 10:28:09.126] [exthost] [error] {"message":"Git error","stdout":"","stderr":"fatal: pathspec '/var/www/html/vendor/shopware/platform/src/Storefront/Resources/views/storefront/layout/header/actions' is beyond a symbolic link\n","exitCode":128}
[2021-12-20 10:28:09.126] [exthost] [error] {"message":"Git error","stdout":"","stderr":"fatal: pathspec '/var/www/html/vendor/shopware/platform/src/Storefront/Resources/views/storefront/layout/header/actions' is beyond a symbolic link\n","exitCode":128}
[2021-12-20 10:28:09.126] [exthost] [error] {"message":"Git error","stdout":"","stderr":"fatal: pathspec '/var/www/html/vendor/shopware/platform/src/Storefront/Resources/views/storefront/layout/header/actions' is beyond a symbolic link\n","exitCode":128}
[2021-12-20 10:28:09.126] [exthost] [error] {"message":"Git error","stdout":"","stderr":"fatal: pathspec '/var/www/html/vendor/shopware/platform/src/Storefront/Resources/views/storefront/layout/header/actions' is beyond a symbolic link\n","exitCode":128}
[2021-12-20 10:28:09.126] [exthost] [error] {"message":"Git error","stdout":"","stderr":"fatal: pathspec '/var/www/html/vendor/shopware/platform/src/Storefront/Resources/views/storefront/layout/header/actions' is beyond a symbolic link\n","exitCode":128}
[2021-12-20 10:28:09.126] [exthost] [error] {"message":"Git error","stdout":"","stderr":"fatal: pathspec '/var/www/html/vendor/shopware/platform/src/Storefront/Resources/views/storefront/layout/header/actions' is beyond a symbolic link\n","exitCode":128}
[2021-12-20 10:28:09.126] [exthost] [error] {"message":"Git error","stdout":"","stderr":"fatal: pathspec '/var/www/html/vendor/shopware/platform/src/Storefront/Resources/views/storefront/layout/header/actions' is beyond a symbolic link\n","exitCode":128}
[2021-12-20 10:28:09.126] [exthost] [error] {"message":"Git error","stdout":"","stderr":"fatal: pathspec '/var/www/html/vendor/shopware/platform/src/Storefront/Resources/views/storefront/layout/header/actions' is beyond a symbolic link\n","exitCode":128}
[2021-12-20 10:43:42.800] [exthost] [error] {"message":"Git error","stdout":"","stderr":"fatal: pathspec '/var/www/html/vendor/shopware/platform/src/Storefront/Controller/AccountOrderController.php' is beyond a symbolic link\n","exitCode":128}
[2021-12-20 10:43:42.800] [exthost] [error] {"message":"Git error","stdout":"","stderr":"fatal: pathspec '/var/www/html/vendor/shopware/platform/src/Storefront/Controller/AccountOrderController.php' is beyond a symbolic link\n","exitCode":128}
[2021-12-20 10:43:42.800] [exthost] [error] {"message":"Git error","stdout":"","stderr":"fatal: pathspec '/var/www/html/vendor/shopware/platform/src/Storefront/Controller/AccountOrderController.php' is beyond a symbolic link\n","exitCode":128}
[2021-12-20 10:43:42.800] [exthost] [error] {"message":"Git error","stdout":"","stderr":"fatal: pathspec '/var/www/html/vendor/shopware/platform/src/Storefront/Controller/AccountOrderController.php' is beyond a symbolic link\n","exitCode":128}
[2021-12-20 10:43:42.800] [exthost] [error] {"message":"Git error","stdout":"","stderr":"fatal: pathspec '/var/www/html/vendor/shopware/platform/src/Storefront/Controller/AccountOrderController.php' is beyond a symbolic link\n","exitCode":128}
[2021-12-20 10:43:42.801] [exthost] [error] {"message":"Git error","stdout":"","stderr":"fatal: pathspec '/var/www/html/vendor/shopware/platform/src/Storefront/Controller/AccountOrderController.php' is beyond a symbolic link\n","exitCode":128}
[2021-12-20 10:43:42.801] [exthost] [error] {"message":"Git error","stdout":"","stderr":"fatal: pathspec '/var/www/html/vendor/shopware/platform/src/Storefront/Controller/AccountOrderController.php' is beyond a symbolic link\n","exitCode":128}
[2021-12-20 10:43:42.801] [exthost] [error] {"message":"Git error","stdout":"","stderr":"fatal: pathspec '/var/www/html/vendor/shopware/platform/src/Storefront/Controller/AccountOrderController.php' is beyond a symbolic link\n","exitCode":128}
[2021-12-20 10:43:42.801] [exthost] [error] {"message":"Git error","stdout":"","stderr":"fatal: pathspec '/var/www/html/vendor/shopware/platform/src/Storefront/Controller/AccountOrderController.php' is beyond a symbolic link\n","exitCode":128}
[2021-12-20 10:43:42.801] [exthost] [error] {"message":"Git error","stdout":"","stderr":"fatal: pathspec '/var/www/html/vendor/shopware/platform/src/Storefront/Controller/AccountOrderController.php' is beyond a symbolic link\n","exitCode":128}
[2021-12-20 10:43:42.801] [exthost] [error] {"message":"Git error","stdout":"","stderr":"fatal: pathspec '/var/www/html/vendor/shopware/platform/src/Storefront/Controller/AccountOrderController.php' is beyond a symbolic link\n","exitCode":128}
[2021-12-20 10:43:42.801] [exthost] [error] {"message":"Git error","stdout":"","stderr":"fatal: pathspec '/var/www/html/vendor/shopware/platform/src/Storefront/Controller/AccountOrderController.php' is beyond a symbolic link\n","exitCode":128}
[2021-12-20 10:43:42.801] [exthost] [error] {"message":"Git error","stdout":"","stderr":"fatal: pathspec '/var/www/html/vendor/shopware/platform/src/Storefront/Controller/AccountOrderController.php' is beyond a symbolic link\n","exitCode":128}
[2021-12-20 10:43:42.801] [exthost] [error] {"message":"Git error","stdout":"","stderr":"fatal: pathspec '/var/www/html/vendor/shopware/platform/src/Storefront/Controller/AccountOrderController.php' is beyond a symbolic link\n","exitCode":128}
[2021-12-20 10:43:42.801] [exthost] [error] {"message":"Git error","stdout":"","stderr":"fatal: pathspec '/var/www/html/vendor/shopware/platform/src/Storefront/Controller/AccountOrderController.php' is beyond a symbolic link\n","exitCode":128}
[2021-12-20 10:43:42.801] [exthost] [error] {"message":"Git error","stdout":"","stderr":"fatal: pathspec '/var/www/html/vendor/shopware/platform/src/Storefront/Controller/AccountOrderController.php' is beyond a symbolic link\n","exitCode":128}
[2021-12-20 10:43:42.801] [exthost] [error] {"message":"Git error","stdout":"","stderr":"fatal: pathspec '/var/www/html/vendor/shopware/platform/src/Storefront/Controller/AccountOrderController.php' is beyond a symbolic link\n","exitCode":128}
[2021-12-20 10:43:42.801] [exthost] [error] {"message":"Git error","stdout":"","stderr":"fatal: pathspec '/var/www/html/vendor/shopware/platform/src/Storefront/Controller/AccountOrderController.php' is beyond a symbolic link\n","exitCode":128}
[2021-12-20 10:43:42.801] [exthost] [error] {"message":"Git error","stdout":"","stderr":"fatal: pathspec '/var/www/html/vendor/shopware/platform/src/Storefront/Controller/AccountOrderController.php' is beyond a symbolic link\n","exitCode":128}
[2021-12-20 10:43:42.801] [exthost] [error] {"message":"Git error","stdout":"","stderr":"fatal: pathspec '/var/www/html/vendor/shopware/platform/src/Storefront/Controller/AccountOrderController.php' is beyond a symbolic link\n","exitCode":128}
[2021-12-20 10:43:42.801] [exthost] [error] {"message":"Git error","stdout":"","stderr":"fatal: pathspec '/var/www/html/vendor/shopware/platform/src/Storefront/Controller/AccountOrderController.php' is beyond a symbolic link\n","exitCode":128}
[2021-12-20 10:43:42.801] [exthost] [error] {"message":"Git error","stdout":"","stderr":"fatal: pathspec '/var/www/html/vendor/shopware/platform/src/Storefront/Controller/AccountOrderController.php' is beyond a symbolic link\n","exitCode":128}
[2021-12-20 10:43:42.801] [exthost] [error] {"message":"Git error","stdout":"","stderr":"fatal: pathspec '/var/www/html/vendor/shopware/platform/src/Storefront/Controller/AccountOrderController.php' is beyond a symbolic link\n","exitCode":128}
[2021-12-20 10:43:42.801] [exthost] [error] {"message":"Git error","stdout":"","stderr":"fatal: pathspec '/var/www/html/vendor/shopware/platform/src/Storefront/Controller/AccountOrderController.php' is beyond a symbolic link\n","exitCode":128}
[2021-12-20 10:43:42.801] [exthost] [error] {"message":"Git error","stdout":"","stderr":"fatal: pathspec '/var/www/html/vendor/shopware/platform/src/Storefront/Controller/AccountOrderController.php' is beyond a symbolic link\n","exitCode":128}
[2021-12-20 10:43:42.801] [exthost] [error] {"message":"Git error","stdout":"","stderr":"fatal: pathspec '/var/www/html/vendor/shopware/platform/src/Storefront/Controller/AccountOrderController.php' is beyond a symbolic link\n","exitCode":128}
[2021-12-20 10:43:42.801] [exthost] [error] {"message":"Git error","stdout":"","stderr":"fatal: pathspec '/var/www/html/vendor/shopware/platform/src/Storefront/Controller/AccountOrderController.php' is beyond a symbolic link\n","exitCode":128}
[2021-12-20 11:21:07.935] [exthost] [info] extension host terminating: received terminate message from renderer
[2021-12-20 11:21:07.989] [exthost] [info] Lock '/var/www/.vscode-server/data/User/workspaceStorage/40d9a2f1d021964133be52b46957053c/vscode.lock': Marking the lockfile as scheduled to be released in 6000 ms.
[2021-12-20 11:21:09.332] [exthost] [info] Extension host with pid 1262 exiting with code 0
