[2021-12-23 08:57:37.911] [exthost] [info] Extension host with pid 1234 started
[2021-12-23 08:57:37.953] [exthost] [info] Lock '/var/www/.vscode-server/data/User/workspaceStorage/40d9a2f1d021964133be52b46957053c/vscode.lock': Lock acquired.
[2021-12-23 08:57:38.025] [exthost] [info] ExtensionService#_doActivateExtension vscode.css-language-features, startup: false, activationEvent: 'onLanguage:scss'
[2021-12-23 08:57:38.134] [exthost] [info] ExtensionService#_doActivateExtension vscode.debug-auto-launch, startup: true, activationEvent: '*'
[2021-12-23 08:57:38.148] [exthost] [info] ExtensionService#_doActivateExtension vscode.git-base, startup: true, activationEvent: '*', root cause: vscode.github
[2021-12-23 08:57:38.157] [exthost] [info] ExtensionService#_doActivateExtension HookyQR.beautify, startup: true, activationEvent: '*'
[2021-12-23 08:57:38.279] [exthost] [info] ExtensionService#_doActivateExtension mblode.twig-language, startup: true, activationEvent: '*'
[2021-12-23 08:57:38.374] [exthost] [info] ExtensionService#_doActivateExtension vscode.git, startup: true, activationEvent: '*'
[2021-12-23 08:57:38.481] [exthost] [info] ExtensionService#_doActivateExtension vscode.github, startup: true, activationEvent: '*'
[2021-12-23 08:57:38.686] [exthost] [info] ExtensionService#_doActivateExtension vscode.emmet, startup: false, activationEvent: 'onStartupFinished'
[2021-12-23 08:57:38.722] [exthost] [info] ExtensionService#_doActivateExtension vscode.merge-conflict, startup: false, activationEvent: 'onStartupFinished'
[2021-12-23 08:57:38.734] [exthost] [info] Eager extensions activated
[2021-12-23 08:57:39.705] [exthost] [error] {"message":"Git error","stdout":"","stderr":"fatal: Pathspec '/var/www/html/custom/plugins/HishamTest/src/Resources/theme.json' is in submodule 'html'\n","exitCode":128,"gitErrorCode":"IsInSubmodule"}
[2021-12-23 08:57:39.705] [exthost] [error] {"message":"Git error","stdout":"","stderr":"fatal: Pathspec '/var/www/html/custom/plugins/HishamTest/src/Resources/theme.json' is in submodule 'html'\n","exitCode":128,"gitErrorCode":"IsInSubmodule"}
[2021-12-23 08:57:39.705] [exthost] [error] {"message":"Git error","stdout":"","stderr":"fatal: Pathspec '/var/www/html/custom/plugins/HishamTest/src/Resources/theme.json' is in submodule 'html'\n","exitCode":128,"gitErrorCode":"IsInSubmodule"}
[2021-12-23 08:57:39.705] [exthost] [error] {"message":"Git error","stdout":"","stderr":"fatal: Pathspec '/var/www/html/custom/plugins/HishamTest/src/Resources/theme.json' is in submodule 'html'\n","exitCode":128,"gitErrorCode":"IsInSubmodule"}
[2021-12-23 08:57:39.705] [exthost] [error] {"message":"Git error","stdout":"","stderr":"fatal: Pathspec '/var/www/html/custom/plugins/HishamTest/src/Resources/theme.json' is in submodule 'html'\n","exitCode":128,"gitErrorCode":"IsInSubmodule"}
[2021-12-23 08:57:39.705] [exthost] [error] {"message":"Git error","stdout":"","stderr":"fatal: Pathspec '/var/www/html/custom/plugins/HishamTest/src/Resources/theme.json' is in submodule 'html'\n","exitCode":128,"gitErrorCode":"IsInSubmodule"}
[2021-12-23 08:57:39.705] [exthost] [error] {"message":"Git error","stdout":"","stderr":"fatal: Pathspec '/var/www/html/custom/plugins/HishamTest/src/Resources/theme.json' is in submodule 'html'\n","exitCode":128,"gitErrorCode":"IsInSubmodule"}
[2021-12-23 08:57:39.705] [exthost] [error] {"message":"Git error","stdout":"","stderr":"fatal: Pathspec '/var/www/html/custom/plugins/HishamTest/src/Resources/theme.json' is in submodule 'html'\n","exitCode":128,"gitErrorCode":"IsInSubmodule"}
[2021-12-23 08:57:39.705] [exthost] [error] {"message":"Git error","stdout":"","stderr":"fatal: Pathspec '/var/www/html/custom/plugins/HishamTest/src/Resources/theme.json' is in submodule 'html'\n","exitCode":128,"gitErrorCode":"IsInSubmodule"}
[2021-12-23 08:57:39.705] [exthost] [error] {"message":"Git error","stdout":"","stderr":"fatal: Pathspec '/var/www/html/custom/plugins/HishamTest/src/Resources/theme.json' is in submodule 'html'\n","exitCode":128,"gitErrorCode":"IsInSubmodule"}
[2021-12-23 08:57:39.705] [exthost] [error] {"message":"Git error","stdout":"","stderr":"fatal: Pathspec '/var/www/html/custom/plugins/HishamTest/src/Resources/theme.json' is in submodule 'html'\n","exitCode":128,"gitErrorCode":"IsInSubmodule"}
[2021-12-23 08:57:39.705] [exthost] [error] {"message":"Git error","stdout":"","stderr":"fatal: Pathspec '/var/www/html/custom/plugins/HishamTest/src/Resources/theme.json' is in submodule 'html'\n","exitCode":128,"gitErrorCode":"IsInSubmodule"}
[2021-12-23 08:57:39.705] [exthost] [error] {"message":"Git error","stdout":"","stderr":"fatal: Pathspec '/var/www/html/custom/plugins/HishamTest/src/Resources/theme.json' is in submodule 'html'\n","exitCode":128,"gitErrorCode":"IsInSubmodule"}
[2021-12-23 08:57:39.705] [exthost] [error] {"message":"Git error","stdout":"","stderr":"fatal: Pathspec '/var/www/html/custom/plugins/HishamTest/src/Resources/theme.json' is in submodule 'html'\n","exitCode":128,"gitErrorCode":"IsInSubmodule"}
[2021-12-23 08:57:39.705] [exthost] [error] {"message":"Git error","stdout":"","stderr":"fatal: Pathspec '/var/www/html/custom/plugins/HishamTest/src/Resources/theme.json' is in submodule 'html'\n","exitCode":128,"gitErrorCode":"IsInSubmodule"}
[2021-12-23 08:57:39.705] [exthost] [error] {"message":"Git error","stdout":"","stderr":"fatal: Pathspec '/var/www/html/custom/plugins/HishamTest/src/Resources/theme.json' is in submodule 'html'\n","exitCode":128,"gitErrorCode":"IsInSubmodule"}
[2021-12-23 08:57:39.705] [exthost] [error] {"message":"Git error","stdout":"","stderr":"fatal: Pathspec '/var/www/html/custom/plugins/HishamTest/src/Resources/theme.json' is in submodule 'html'\n","exitCode":128,"gitErrorCode":"IsInSubmodule"}
[2021-12-23 08:57:39.705] [exthost] [error] {"message":"Git error","stdout":"","stderr":"fatal: Pathspec '/var/www/html/custom/plugins/HishamTest/src/Resources/theme.json' is in submodule 'html'\n","exitCode":128,"gitErrorCode":"IsInSubmodule"}
[2021-12-23 08:57:39.705] [exthost] [error] {"message":"Git error","stdout":"","stderr":"fatal: Pathspec '/var/www/html/custom/plugins/HishamTest/src/Resources/theme.json' is in submodule 'html'\n","exitCode":128,"gitErrorCode":"IsInSubmodule"}
[2021-12-23 08:57:39.705] [exthost] [error] {"message":"Git error","stdout":"","stderr":"fatal: Pathspec '/var/www/html/custom/plugins/HishamTest/src/Resources/theme.json' is in submodule 'html'\n","exitCode":128,"gitErrorCode":"IsInSubmodule"}
[2021-12-23 08:57:39.705] [exthost] [error] {"message":"Git error","stdout":"","stderr":"fatal: Pathspec '/var/www/html/custom/plugins/HishamTest/src/Resources/theme.json' is in submodule 'html'\n","exitCode":128,"gitErrorCode":"IsInSubmodule"}
[2021-12-23 08:57:39.705] [exthost] [error] {"message":"Git error","stdout":"","stderr":"fatal: Pathspec '/var/www/html/custom/plugins/HishamTest/src/Resources/theme.json' is in submodule 'html'\n","exitCode":128,"gitErrorCode":"IsInSubmodule"}
[2021-12-23 08:57:39.705] [exthost] [error] {"message":"Git error","stdout":"","stderr":"fatal: Pathspec '/var/www/html/custom/plugins/HishamTest/src/Resources/theme.json' is in submodule 'html'\n","exitCode":128,"gitErrorCode":"IsInSubmodule"}
[2021-12-23 08:57:39.705] [exthost] [error] {"message":"Git error","stdout":"","stderr":"fatal: Pathspec '/var/www/html/custom/plugins/HishamTest/src/Resources/theme.json' is in submodule 'html'\n","exitCode":128,"gitErrorCode":"IsInSubmodule"}
[2021-12-23 08:57:39.705] [exthost] [error] {"message":"Git error","stdout":"","stderr":"fatal: Pathspec '/var/www/html/custom/plugins/HishamTest/src/Resources/theme.json' is in submodule 'html'\n","exitCode":128,"gitErrorCode":"IsInSubmodule"}
[2021-12-23 08:57:39.705] [exthost] [error] {"message":"Git error","stdout":"","stderr":"fatal: Pathspec '/var/www/html/custom/plugins/HishamTest/src/Resources/theme.json' is in submodule 'html'\n","exitCode":128,"gitErrorCode":"IsInSubmodule"}
[2021-12-23 08:57:39.705] [exthost] [error] {"message":"Git error","stdout":"","stderr":"fatal: Pathspec '/var/www/html/custom/plugins/HishamTest/src/Resources/theme.json' is in submodule 'html'\n","exitCode":128,"gitErrorCode":"IsInSubmodule"}
[2021-12-23 08:57:39.705] [exthost] [error] {"message":"Git error","stdout":"","stderr":"fatal: Pathspec '/var/www/html/custom/plugins/HishamTest/src/Resources/theme.json' is in submodule 'html'\n","exitCode":128,"gitErrorCode":"IsInSubmodule"}
[2021-12-23 08:57:39.705] [exthost] [error] {"message":"Git error","stdout":"","stderr":"fatal: Pathspec '/var/www/html/custom/plugins/HishamTest/src/Resources/theme.json' is in submodule 'html'\n","exitCode":128,"gitErrorCode":"IsInSubmodule"}
[2021-12-23 08:57:39.705] [exthost] [error] {"message":"Git error","stdout":"","stderr":"fatal: Pathspec '/var/www/html/custom/plugins/HishamTest/src/Resources/theme.json' is in submodule 'html'\n","exitCode":128,"gitErrorCode":"IsInSubmodule"}
[2021-12-23 08:57:39.705] [exthost] [error] {"message":"Git error","stdout":"","stderr":"fatal: Pathspec '/var/www/html/custom/plugins/HishamTest/src/Resources/theme.json' is in submodule 'html'\n","exitCode":128,"gitErrorCode":"IsInSubmodule"}
[2021-12-23 08:57:39.705] [exthost] [error] {"message":"Git error","stdout":"","stderr":"fatal: Pathspec '/var/www/html/custom/plugins/HishamTest/src/Resources/theme.json' is in submodule 'html'\n","exitCode":128,"gitErrorCode":"IsInSubmodule"}
[2021-12-23 08:57:39.705] [exthost] [error] {"message":"Git error","stdout":"","stderr":"fatal: Pathspec '/var/www/html/custom/plugins/HishamTest/src/Resources/theme.json' is in submodule 'html'\n","exitCode":128,"gitErrorCode":"IsInSubmodule"}
[2021-12-23 08:57:39.705] [exthost] [error] {"message":"Git error","stdout":"","stderr":"fatal: Pathspec '/var/www/html/custom/plugins/HishamTest/src/Resources/theme.json' is in submodule 'html'\n","exitCode":128,"gitErrorCode":"IsInSubmodule"}
[2021-12-23 08:57:39.705] [exthost] [error] {"message":"Git error","stdout":"","stderr":"fatal: Pathspec '/var/www/html/custom/plugins/HishamTest/src/Resources/theme.json' is in submodule 'html'\n","exitCode":128,"gitErrorCode":"IsInSubmodule"}
[2021-12-23 08:57:39.705] [exthost] [error] {"message":"Git error","stdout":"","stderr":"fatal: Pathspec '/var/www/html/custom/plugins/HishamTest/src/Resources/theme.json' is in submodule 'html'\n","exitCode":128,"gitErrorCode":"IsInSubmodule"}
[2021-12-23 08:57:39.705] [exthost] [error] {"message":"Git error","stdout":"","stderr":"fatal: Pathspec '/var/www/html/custom/plugins/HishamTest/src/Resources/theme.json' is in submodule 'html'\n","exitCode":128,"gitErrorCode":"IsInSubmodule"}
[2021-12-23 08:57:39.705] [exthost] [error] {"message":"Git error","stdout":"","stderr":"fatal: Pathspec '/var/www/html/custom/plugins/HishamTest/src/Resources/theme.json' is in submodule 'html'\n","exitCode":128,"gitErrorCode":"IsInSubmodule"}
[2021-12-23 08:57:39.705] [exthost] [error] {"message":"Git error","stdout":"","stderr":"fatal: Pathspec '/var/www/html/custom/plugins/HishamTest/src/Resources/theme.json' is in submodule 'html'\n","exitCode":128,"gitErrorCode":"IsInSubmodule"}
[2021-12-23 08:57:39.705] [exthost] [error] {"message":"Git error","stdout":"","stderr":"fatal: Pathspec '/var/www/html/custom/plugins/HishamTest/src/Resources/theme.json' is in submodule 'html'\n","exitCode":128,"gitErrorCode":"IsInSubmodule"}
[2021-12-23 08:57:39.705] [exthost] [error] {"message":"Git error","stdout":"","stderr":"fatal: Pathspec '/var/www/html/custom/plugins/HishamTest/src/Resources/theme.json' is in submodule 'html'\n","exitCode":128,"gitErrorCode":"IsInSubmodule"}
[2021-12-23 08:57:39.705] [exthost] [error] {"message":"Git error","stdout":"","stderr":"fatal: Pathspec '/var/www/html/custom/plugins/HishamTest/src/Resources/theme.json' is in submodule 'html'\n","exitCode":128,"gitErrorCode":"IsInSubmodule"}
[2021-12-23 08:57:39.705] [exthost] [error] {"message":"Git error","stdout":"","stderr":"fatal: Pathspec '/var/www/html/custom/plugins/HishamTest/src/Resources/theme.json' is in submodule 'html'\n","exitCode":128,"gitErrorCode":"IsInSubmodule"}
[2021-12-23 08:57:39.705] [exthost] [error] {"message":"Git error","stdout":"","stderr":"fatal: Pathspec '/var/www/html/custom/plugins/HishamTest/src/Resources/theme.json' is in submodule 'html'\n","exitCode":128,"gitErrorCode":"IsInSubmodule"}
[2021-12-23 08:57:39.705] [exthost] [error] {"message":"Git error","stdout":"","stderr":"fatal: Pathspec '/var/www/html/custom/plugins/HishamTest/src/Resources/theme.json' is in submodule 'html'\n","exitCode":128,"gitErrorCode":"IsInSubmodule"}
[2021-12-23 08:57:39.705] [exthost] [error] {"message":"Git error","stdout":"","stderr":"fatal: Pathspec '/var/www/html/custom/plugins/HishamTest/src/Resources/theme.json' is in submodule 'html'\n","exitCode":128,"gitErrorCode":"IsInSubmodule"}
[2021-12-23 08:57:39.705] [exthost] [error] {"message":"Git error","stdout":"","stderr":"fatal: Pathspec '/var/www/html/custom/plugins/HishamTest/src/Resources/theme.json' is in submodule 'html'\n","exitCode":128,"gitErrorCode":"IsInSubmodule"}
[2021-12-23 08:57:39.706] [exthost] [error] {"message":"Git error","stdout":"","stderr":"fatal: Pathspec '/var/www/html/custom/plugins/HishamTest/src/Resources/theme.json' is in submodule 'html'\n","exitCode":128,"gitErrorCode":"IsInSubmodule"}
[2021-12-23 08:57:39.706] [exthost] [error] {"message":"Git error","stdout":"","stderr":"fatal: Pathspec '/var/www/html/custom/plugins/HishamTest/src/Resources/theme.json' is in submodule 'html'\n","exitCode":128,"gitErrorCode":"IsInSubmodule"}
[2021-12-23 08:57:39.706] [exthost] [error] {"message":"Git error","stdout":"","stderr":"fatal: Pathspec '/var/www/html/custom/plugins/HishamTest/src/Resources/theme.json' is in submodule 'html'\n","exitCode":128,"gitErrorCode":"IsInSubmodule"}
[2021-12-23 08:57:39.706] [exthost] [error] {"message":"Git error","stdout":"","stderr":"fatal: Pathspec '/var/www/html/custom/plugins/HishamTest/src/Resources/theme.json' is in submodule 'html'\n","exitCode":128,"gitErrorCode":"IsInSubmodule"}
[2021-12-23 08:57:39.706] [exthost] [error] {"message":"Git error","stdout":"","stderr":"fatal: Pathspec '/var/www/html/custom/plugins/HishamTest/src/Resources/theme.json' is in submodule 'html'\n","exitCode":128,"gitErrorCode":"IsInSubmodule"}
[2021-12-23 08:57:39.706] [exthost] [error] {"message":"Git error","stdout":"","stderr":"fatal: Pathspec '/var/www/html/custom/plugins/HishamTest/src/Resources/theme.json' is in submodule 'html'\n","exitCode":128,"gitErrorCode":"IsInSubmodule"}
[2021-12-23 08:57:39.706] [exthost] [error] {"message":"Git error","stdout":"","stderr":"fatal: Pathspec '/var/www/html/custom/plugins/HishamTest/src/Resources/theme.json' is in submodule 'html'\n","exitCode":128,"gitErrorCode":"IsInSubmodule"}
[2021-12-23 08:57:39.706] [exthost] [error] {"message":"Git error","stdout":"","stderr":"fatal: Pathspec '/var/www/html/custom/plugins/HishamTest/src/Resources/theme.json' is in submodule 'html'\n","exitCode":128,"gitErrorCode":"IsInSubmodule"}
[2021-12-23 08:57:39.706] [exthost] [error] {"message":"Git error","stdout":"","stderr":"fatal: Pathspec '/var/www/html/custom/plugins/HishamTest/src/Resources/theme.json' is in submodule 'html'\n","exitCode":128,"gitErrorCode":"IsInSubmodule"}
[2021-12-23 08:57:39.706] [exthost] [error] {"message":"Git error","stdout":"","stderr":"fatal: Pathspec '/var/www/html/custom/plugins/HishamTest/src/Resources/theme.json' is in submodule 'html'\n","exitCode":128,"gitErrorCode":"IsInSubmodule"}
[2021-12-23 08:57:39.706] [exthost] [error] {"message":"Git error","stdout":"","stderr":"fatal: Pathspec '/var/www/html/custom/plugins/HishamTest/src/Resources/theme.json' is in submodule 'html'\n","exitCode":128,"gitErrorCode":"IsInSubmodule"}
[2021-12-23 08:57:39.706] [exthost] [error] {"message":"Git error","stdout":"","stderr":"fatal: Pathspec '/var/www/html/custom/plugins/HishamTest/src/Resources/theme.json' is in submodule 'html'\n","exitCode":128,"gitErrorCode":"IsInSubmodule"}
[2021-12-23 08:57:39.706] [exthost] [error] {"message":"Git error","stdout":"","stderr":"fatal: Pathspec '/var/www/html/custom/plugins/HishamTest/src/Resources/theme.json' is in submodule 'html'\n","exitCode":128,"gitErrorCode":"IsInSubmodule"}
[2021-12-23 08:57:39.706] [exthost] [error] {"message":"Git error","stdout":"","stderr":"fatal: Pathspec '/var/www/html/custom/plugins/HishamTest/src/Resources/theme.json' is in submodule 'html'\n","exitCode":128,"gitErrorCode":"IsInSubmodule"}
[2021-12-23 08:57:39.706] [exthost] [error] {"message":"Git error","stdout":"","stderr":"fatal: Pathspec '/var/www/html/custom/plugins/HishamTest/src/Resources/theme.json' is in submodule 'html'\n","exitCode":128,"gitErrorCode":"IsInSubmodule"}
[2021-12-23 08:57:39.706] [exthost] [error] {"message":"Git error","stdout":"","stderr":"fatal: Pathspec '/var/www/html/custom/plugins/HishamTest/src/Resources/theme.json' is in submodule 'html'\n","exitCode":128,"gitErrorCode":"IsInSubmodule"}
[2021-12-23 08:57:39.706] [exthost] [error] {"message":"Git error","stdout":"","stderr":"fatal: Pathspec '/var/www/html/custom/plugins/HishamTest/src/Resources/theme.json' is in submodule 'html'\n","exitCode":128,"gitErrorCode":"IsInSubmodule"}
[2021-12-23 08:57:39.706] [exthost] [error] {"message":"Git error","stdout":"","stderr":"fatal: Pathspec '/var/www/html/custom/plugins/HishamTest/src/Resources/theme.json' is in submodule 'html'\n","exitCode":128,"gitErrorCode":"IsInSubmodule"}
[2021-12-23 08:57:39.706] [exthost] [error] {"message":"Git error","stdout":"","stderr":"fatal: Pathspec '/var/www/html/custom/plugins/HishamTest/src/Resources/theme.json' is in submodule 'html'\n","exitCode":128,"gitErrorCode":"IsInSubmodule"}
[2021-12-23 08:57:39.706] [exthost] [error] {"message":"Git error","stdout":"","stderr":"fatal: Pathspec '/var/www/html/custom/plugins/HishamTest/src/Resources/theme.json' is in submodule 'html'\n","exitCode":128,"gitErrorCode":"IsInSubmodule"}
[2021-12-23 08:57:39.706] [exthost] [error] {"message":"Git error","stdout":"","stderr":"fatal: Pathspec '/var/www/html/custom/plugins/HishamTest/src/Resources/theme.json' is in submodule 'html'\n","exitCode":128,"gitErrorCode":"IsInSubmodule"}
[2021-12-23 08:57:39.706] [exthost] [error] {"message":"Git error","stdout":"","stderr":"fatal: Pathspec '/var/www/html/custom/plugins/HishamTest/src/Resources/theme.json' is in submodule 'html'\n","exitCode":128,"gitErrorCode":"IsInSubmodule"}
[2021-12-23 08:57:39.706] [exthost] [error] {"message":"Git error","stdout":"","stderr":"fatal: Pathspec '/var/www/html/custom/plugins/HishamTest/src/Resources/theme.json' is in submodule 'html'\n","exitCode":128,"gitErrorCode":"IsInSubmodule"}
[2021-12-23 08:57:39.706] [exthost] [error] {"message":"Git error","stdout":"","stderr":"fatal: Pathspec '/var/www/html/custom/plugins/HishamTest/src/Resources/theme.json' is in submodule 'html'\n","exitCode":128,"gitErrorCode":"IsInSubmodule"}
[2021-12-23 08:57:39.706] [exthost] [error] {"message":"Git error","stdout":"","stderr":"fatal: Pathspec '/var/www/html/custom/plugins/HishamTest/src/Resources/theme.json' is in submodule 'html'\n","exitCode":128,"gitErrorCode":"IsInSubmodule"}
[2021-12-23 08:57:39.706] [exthost] [error] {"message":"Git error","stdout":"","stderr":"fatal: Pathspec '/var/www/html/custom/plugins/HishamTest/src/Resources/theme.json' is in submodule 'html'\n","exitCode":128,"gitErrorCode":"IsInSubmodule"}
[2021-12-23 08:57:39.706] [exthost] [error] {"message":"Git error","stdout":"","stderr":"fatal: Pathspec '/var/www/html/custom/plugins/HishamTest/src/Resources/theme.json' is in submodule 'html'\n","exitCode":128,"gitErrorCode":"IsInSubmodule"}
[2021-12-23 08:57:39.706] [exthost] [error] {"message":"Git error","stdout":"","stderr":"fatal: Pathspec '/var/www/html/custom/plugins/HishamTest/src/Resources/theme.json' is in submodule 'html'\n","exitCode":128,"gitErrorCode":"IsInSubmodule"}
[2021-12-23 08:57:39.706] [exthost] [error] {"message":"Git error","stdout":"","stderr":"fatal: Pathspec '/var/www/html/custom/plugins/HishamTest/src/Resources/theme.json' is in submodule 'html'\n","exitCode":128,"gitErrorCode":"IsInSubmodule"}
[2021-12-23 08:57:39.706] [exthost] [error] {"message":"Git error","stdout":"","stderr":"fatal: Pathspec '/var/www/html/custom/plugins/HishamTest/src/Resources/theme.json' is in submodule 'html'\n","exitCode":128,"gitErrorCode":"IsInSubmodule"}
[2021-12-23 08:57:39.706] [exthost] [error] {"message":"Git error","stdout":"","stderr":"fatal: Pathspec '/var/www/html/custom/plugins/HishamTest/src/Resources/theme.json' is in submodule 'html'\n","exitCode":128,"gitErrorCode":"IsInSubmodule"}
[2021-12-23 08:57:47.861] [exthost] [error] {"message":"Git error","stdout":"","stderr":"fatal: Pathspec '/var/www/html/custom/plugins/HishamTest/src/Resources/views' is in submodule 'html'\n","exitCode":128,"gitErrorCode":"IsInSubmodule"}
[2021-12-23 08:57:47.862] [exthost] [error] {"message":"Git error","stdout":"","stderr":"fatal: Pathspec '/var/www/html/custom/plugins/HishamTest/src/Resources/views' is in submodule 'html'\n","exitCode":128,"gitErrorCode":"IsInSubmodule"}
[2021-12-23 08:57:47.862] [exthost] [error] {"message":"Git error","stdout":"","stderr":"fatal: Pathspec '/var/www/html/custom/plugins/HishamTest/src/Resources/views' is in submodule 'html'\n","exitCode":128,"gitErrorCode":"IsInSubmodule"}
[2021-12-23 08:57:47.862] [exthost] [error] {"message":"Git error","stdout":"","stderr":"fatal: Pathspec '/var/www/html/custom/plugins/HishamTest/src/Resources/views' is in submodule 'html'\n","exitCode":128,"gitErrorCode":"IsInSubmodule"}
[2021-12-23 08:57:47.862] [exthost] [error] {"message":"Git error","stdout":"","stderr":"fatal: Pathspec '/var/www/html/custom/plugins/HishamTest/src/Resources/views' is in submodule 'html'\n","exitCode":128,"gitErrorCode":"IsInSubmodule"}
[2021-12-23 08:57:47.862] [exthost] [error] {"message":"Git error","stdout":"","stderr":"fatal: Pathspec '/var/www/html/custom/plugins/HishamTest/src/Resources/views' is in submodule 'html'\n","exitCode":128,"gitErrorCode":"IsInSubmodule"}
[2021-12-23 08:57:47.862] [exthost] [error] {"message":"Git error","stdout":"","stderr":"fatal: Pathspec '/var/www/html/custom/plugins/HishamTest/src/Resources/views' is in submodule 'html'\n","exitCode":128,"gitErrorCode":"IsInSubmodule"}
[2021-12-23 08:57:47.862] [exthost] [error] {"message":"Git error","stdout":"","stderr":"fatal: Pathspec '/var/www/html/custom/plugins/HishamTest/src/Resources/views' is in submodule 'html'\n","exitCode":128,"gitErrorCode":"IsInSubmodule"}
[2021-12-23 08:57:47.862] [exthost] [error] {"message":"Git error","stdout":"","stderr":"fatal: Pathspec '/var/www/html/custom/plugins/HishamTest/src/Resources/views' is in submodule 'html'\n","exitCode":128,"gitErrorCode":"IsInSubmodule"}
[2021-12-23 08:57:47.862] [exthost] [error] {"message":"Git error","stdout":"","stderr":"fatal: Pathspec '/var/www/html/custom/plugins/HishamTest/src/Resources/views' is in submodule 'html'\n","exitCode":128,"gitErrorCode":"IsInSubmodule"}
[2021-12-23 08:57:47.862] [exthost] [error] {"message":"Git error","stdout":"","stderr":"fatal: Pathspec '/var/www/html/custom/plugins/HishamTest/src/Resources/views' is in submodule 'html'\n","exitCode":128,"gitErrorCode":"IsInSubmodule"}
[2021-12-23 08:57:47.862] [exthost] [error] {"message":"Git error","stdout":"","stderr":"fatal: Pathspec '/var/www/html/custom/plugins/HishamTest/src/Resources/views' is in submodule 'html'\n","exitCode":128,"gitErrorCode":"IsInSubmodule"}
[2021-12-23 08:57:47.862] [exthost] [error] {"message":"Git error","stdout":"","stderr":"fatal: Pathspec '/var/www/html/custom/plugins/HishamTest/src/Resources/views' is in submodule 'html'\n","exitCode":128,"gitErrorCode":"IsInSubmodule"}
[2021-12-23 08:57:47.862] [exthost] [error] {"message":"Git error","stdout":"","stderr":"fatal: Pathspec '/var/www/html/custom/plugins/HishamTest/src/Resources/views' is in submodule 'html'\n","exitCode":128,"gitErrorCode":"IsInSubmodule"}
[2021-12-23 08:57:47.862] [exthost] [error] {"message":"Git error","stdout":"","stderr":"fatal: Pathspec '/var/www/html/custom/plugins/HishamTest/src/Resources/views' is in submodule 'html'\n","exitCode":128,"gitErrorCode":"IsInSubmodule"}
[2021-12-23 08:57:51.326] [exthost] [error] {"message":"Git error","stdout":"","stderr":"fatal: Pathspec '/var/www/html/.gitignore' is in submodule 'html'\n","exitCode":128,"gitErrorCode":"IsInSubmodule"}
[2021-12-23 08:57:51.327] [exthost] [error] {"message":"Git error","stdout":"","stderr":"fatal: Pathspec '/var/www/html/.gitignore' is in submodule 'html'\n","exitCode":128,"gitErrorCode":"IsInSubmodule"}
[2021-12-23 08:57:51.327] [exthost] [error] {"message":"Git error","stdout":"","stderr":"fatal: Pathspec '/var/www/html/.gitignore' is in submodule 'html'\n","exitCode":128,"gitErrorCode":"IsInSubmodule"}
[2021-12-23 08:57:51.327] [exthost] [error] {"message":"Git error","stdout":"","stderr":"fatal: Pathspec '/var/www/html/.gitignore' is in submodule 'html'\n","exitCode":128,"gitErrorCode":"IsInSubmodule"}
[2021-12-23 08:57:51.327] [exthost] [error] {"message":"Git error","stdout":"","stderr":"fatal: Pathspec '/var/www/html/.gitignore' is in submodule 'html'\n","exitCode":128,"gitErrorCode":"IsInSubmodule"}
[2021-12-23 08:57:51.327] [exthost] [error] {"message":"Git error","stdout":"","stderr":"fatal: Pathspec '/var/www/html/.gitignore' is in submodule 'html'\n","exitCode":128,"gitErrorCode":"IsInSubmodule"}
[2021-12-23 08:57:51.327] [exthost] [error] {"message":"Git error","stdout":"","stderr":"fatal: Pathspec '/var/www/html/.gitignore' is in submodule 'html'\n","exitCode":128,"gitErrorCode":"IsInSubmodule"}
[2021-12-23 08:57:51.327] [exthost] [error] {"message":"Git error","stdout":"","stderr":"fatal: Pathspec '/var/www/html/.gitignore' is in submodule 'html'\n","exitCode":128,"gitErrorCode":"IsInSubmodule"}
[2021-12-23 08:57:51.327] [exthost] [error] {"message":"Git error","stdout":"","stderr":"fatal: Pathspec '/var/www/html/.gitignore' is in submodule 'html'\n","exitCode":128,"gitErrorCode":"IsInSubmodule"}
[2021-12-23 08:57:51.327] [exthost] [error] {"message":"Git error","stdout":"","stderr":"fatal: Pathspec '/var/www/html/.gitignore' is in submodule 'html'\n","exitCode":128,"gitErrorCode":"IsInSubmodule"}
[2021-12-23 08:57:51.327] [exthost] [error] {"message":"Git error","stdout":"","stderr":"fatal: Pathspec '/var/www/html/.gitignore' is in submodule 'html'\n","exitCode":128,"gitErrorCode":"IsInSubmodule"}
[2021-12-23 08:57:51.327] [exthost] [error] {"message":"Git error","stdout":"","stderr":"fatal: Pathspec '/var/www/html/.gitignore' is in submodule 'html'\n","exitCode":128,"gitErrorCode":"IsInSubmodule"}
[2021-12-23 08:57:51.327] [exthost] [error] {"message":"Git error","stdout":"","stderr":"fatal: Pathspec '/var/www/html/.gitignore' is in submodule 'html'\n","exitCode":128,"gitErrorCode":"IsInSubmodule"}
[2021-12-23 08:57:51.327] [exthost] [error] {"message":"Git error","stdout":"","stderr":"fatal: Pathspec '/var/www/html/.gitignore' is in submodule 'html'\n","exitCode":128,"gitErrorCode":"IsInSubmodule"}
[2021-12-23 08:57:51.327] [exthost] [error] {"message":"Git error","stdout":"","stderr":"fatal: Pathspec '/var/www/html/.gitignore' is in submodule 'html'\n","exitCode":128,"gitErrorCode":"IsInSubmodule"}
[2021-12-23 08:57:51.327] [exthost] [error] {"message":"Git error","stdout":"","stderr":"fatal: Pathspec '/var/www/html/.gitignore' is in submodule 'html'\n","exitCode":128,"gitErrorCode":"IsInSubmodule"}
[2021-12-23 09:03:30.068] [exthost] [error] {"message":"Git error","stdout":"","stderr":"fatal: Pathspec '/var/www/html/custom/plugins/HishamTest/src/Resources/views/storefront/layout/header' is in submodule 'html'\n","exitCode":128,"gitErrorCode":"IsInSubmodule"}
[2021-12-23 09:03:30.068] [exthost] [error] {"message":"Git error","stdout":"","stderr":"fatal: Pathspec '/var/www/html/custom/plugins/HishamTest/src/Resources/views/storefront/layout/header' is in submodule 'html'\n","exitCode":128,"gitErrorCode":"IsInSubmodule"}
[2021-12-23 09:03:30.788] [exthost] [info] ExtensionService#_doActivateExtension mblode.twig-language-2, startup: false, activationEvent: 'onLanguage:twig'
[2021-12-23 09:03:31.246] [exthost] [error] {"message":"Git error","stdout":"","stderr":"fatal: Pathspec '/var/www/html/custom/plugins/HishamTest/src/Resources/views/storefront' is in submodule 'html'\n","exitCode":128,"gitErrorCode":"IsInSubmodule"}
[2021-12-23 09:03:31.246] [exthost] [error] {"message":"Git error","stdout":"","stderr":"fatal: Pathspec '/var/www/html/custom/plugins/HishamTest/src/Resources/views/storefront' is in submodule 'html'\n","exitCode":128,"gitErrorCode":"IsInSubmodule"}
[2021-12-23 09:03:37.324] [exthost] [error] {"message":"Git error","stdout":"","stderr":"fatal: Pathspec '/var/www/html/vendor/aws' is in submodule 'html'\n","exitCode":128,"gitErrorCode":"IsInSubmodule"}
[2021-12-23 09:03:37.324] [exthost] [error] {"message":"Git error","stdout":"","stderr":"fatal: Pathspec '/var/www/html/vendor/aws' is in submodule 'html'\n","exitCode":128,"gitErrorCode":"IsInSubmodule"}
[2021-12-23 09:03:37.324] [exthost] [error] {"message":"Git error","stdout":"","stderr":"fatal: Pathspec '/var/www/html/vendor/aws' is in submodule 'html'\n","exitCode":128,"gitErrorCode":"IsInSubmodule"}
[2021-12-23 09:03:37.325] [exthost] [error] {"message":"Git error","stdout":"","stderr":"fatal: Pathspec '/var/www/html/vendor/aws' is in submodule 'html'\n","exitCode":128,"gitErrorCode":"IsInSubmodule"}
[2021-12-23 09:03:37.325] [exthost] [error] {"message":"Git error","stdout":"","stderr":"fatal: Pathspec '/var/www/html/vendor/aws' is in submodule 'html'\n","exitCode":128,"gitErrorCode":"IsInSubmodule"}
[2021-12-23 09:03:37.325] [exthost] [error] {"message":"Git error","stdout":"","stderr":"fatal: Pathspec '/var/www/html/vendor/aws' is in submodule 'html'\n","exitCode":128,"gitErrorCode":"IsInSubmodule"}
[2021-12-23 09:03:37.325] [exthost] [error] {"message":"Git error","stdout":"","stderr":"fatal: Pathspec '/var/www/html/vendor/aws' is in submodule 'html'\n","exitCode":128,"gitErrorCode":"IsInSubmodule"}
[2021-12-23 09:03:37.325] [exthost] [error] {"message":"Git error","stdout":"","stderr":"fatal: Pathspec '/var/www/html/vendor/aws' is in submodule 'html'\n","exitCode":128,"gitErrorCode":"IsInSubmodule"}
[2021-12-23 09:03:37.325] [exthost] [error] {"message":"Git error","stdout":"","stderr":"fatal: Pathspec '/var/www/html/vendor/aws' is in submodule 'html'\n","exitCode":128,"gitErrorCode":"IsInSubmodule"}
[2021-12-23 09:03:37.325] [exthost] [error] {"message":"Git error","stdout":"","stderr":"fatal: Pathspec '/var/www/html/vendor/aws' is in submodule 'html'\n","exitCode":128,"gitErrorCode":"IsInSubmodule"}
[2021-12-23 09:03:37.325] [exthost] [error] {"message":"Git error","stdout":"","stderr":"fatal: Pathspec '/var/www/html/vendor/aws' is in submodule 'html'\n","exitCode":128,"gitErrorCode":"IsInSubmodule"}
[2021-12-23 09:03:37.325] [exthost] [error] {"message":"Git error","stdout":"","stderr":"fatal: Pathspec '/var/www/html/vendor/aws' is in submodule 'html'\n","exitCode":128,"gitErrorCode":"IsInSubmodule"}
[2021-12-23 09:03:37.325] [exthost] [error] {"message":"Git error","stdout":"","stderr":"fatal: Pathspec '/var/www/html/vendor/aws' is in submodule 'html'\n","exitCode":128,"gitErrorCode":"IsInSubmodule"}
[2021-12-23 09:03:37.325] [exthost] [error] {"message":"Git error","stdout":"","stderr":"fatal: Pathspec '/var/www/html/vendor/aws' is in submodule 'html'\n","exitCode":128,"gitErrorCode":"IsInSubmodule"}
[2021-12-23 09:03:37.325] [exthost] [error] {"message":"Git error","stdout":"","stderr":"fatal: Pathspec '/var/www/html/vendor/aws' is in submodule 'html'\n","exitCode":128,"gitErrorCode":"IsInSubmodule"}
[2021-12-23 09:03:37.325] [exthost] [error] {"message":"Git error","stdout":"","stderr":"fatal: Pathspec '/var/www/html/vendor/aws' is in submodule 'html'\n","exitCode":128,"gitErrorCode":"IsInSubmodule"}
[2021-12-23 09:03:37.325] [exthost] [error] {"message":"Git error","stdout":"","stderr":"fatal: Pathspec '/var/www/html/vendor/aws' is in submodule 'html'\n","exitCode":128,"gitErrorCode":"IsInSubmodule"}
[2021-12-23 09:03:37.325] [exthost] [error] {"message":"Git error","stdout":"","stderr":"fatal: Pathspec '/var/www/html/vendor/aws' is in submodule 'html'\n","exitCode":128,"gitErrorCode":"IsInSubmodule"}
[2021-12-23 09:03:37.325] [exthost] [error] {"message":"Git error","stdout":"","stderr":"fatal: Pathspec '/var/www/html/vendor/aws' is in submodule 'html'\n","exitCode":128,"gitErrorCode":"IsInSubmodule"}
[2021-12-23 09:03:37.325] [exthost] [error] {"message":"Git error","stdout":"","stderr":"fatal: Pathspec '/var/www/html/vendor/aws' is in submodule 'html'\n","exitCode":128,"gitErrorCode":"IsInSubmodule"}
[2021-12-23 09:03:37.325] [exthost] [error] {"message":"Git error","stdout":"","stderr":"fatal: Pathspec '/var/www/html/vendor/aws' is in submodule 'html'\n","exitCode":128,"gitErrorCode":"IsInSubmodule"}
[2021-12-23 09:03:37.325] [exthost] [error] {"message":"Git error","stdout":"","stderr":"fatal: Pathspec '/var/www/html/vendor/aws' is in submodule 'html'\n","exitCode":128,"gitErrorCode":"IsInSubmodule"}
[2021-12-23 09:03:37.325] [exthost] [error] {"message":"Git error","stdout":"","stderr":"fatal: Pathspec '/var/www/html/vendor/aws' is in submodule 'html'\n","exitCode":128,"gitErrorCode":"IsInSubmodule"}
[2021-12-23 09:03:37.325] [exthost] [error] {"message":"Git error","stdout":"","stderr":"fatal: Pathspec '/var/www/html/vendor/aws' is in submodule 'html'\n","exitCode":128,"gitErrorCode":"IsInSubmodule"}
[2021-12-23 09:03:37.325] [exthost] [error] {"message":"Git error","stdout":"","stderr":"fatal: Pathspec '/var/www/html/vendor/aws' is in submodule 'html'\n","exitCode":128,"gitErrorCode":"IsInSubmodule"}
[2021-12-23 09:03:37.325] [exthost] [error] {"message":"Git error","stdout":"","stderr":"fatal: Pathspec '/var/www/html/vendor/aws' is in submodule 'html'\n","exitCode":128,"gitErrorCode":"IsInSubmodule"}
[2021-12-23 09:03:39.087] [exthost] [error] {"message":"Git error","stdout":"","stderr":"fatal: Pathspec '/var/www/html/vendor/league' is in submodule 'html'\n","exitCode":128,"gitErrorCode":"IsInSubmodule"}
[2021-12-23 09:03:39.087] [exthost] [error] {"message":"Git error","stdout":"","stderr":"fatal: Pathspec '/var/www/html/vendor/league' is in submodule 'html'\n","exitCode":128,"gitErrorCode":"IsInSubmodule"}
[2021-12-23 09:03:39.087] [exthost] [error] {"message":"Git error","stdout":"","stderr":"fatal: Pathspec '/var/www/html/vendor/league' is in submodule 'html'\n","exitCode":128,"gitErrorCode":"IsInSubmodule"}
[2021-12-23 09:03:39.087] [exthost] [error] {"message":"Git error","stdout":"","stderr":"fatal: Pathspec '/var/www/html/vendor/league' is in submodule 'html'\n","exitCode":128,"gitErrorCode":"IsInSubmodule"}
[2021-12-23 09:03:39.087] [exthost] [error] {"message":"Git error","stdout":"","stderr":"fatal: Pathspec '/var/www/html/vendor/league' is in submodule 'html'\n","exitCode":128,"gitErrorCode":"IsInSubmodule"}
[2021-12-23 09:03:39.087] [exthost] [error] {"message":"Git error","stdout":"","stderr":"fatal: Pathspec '/var/www/html/vendor/league' is in submodule 'html'\n","exitCode":128,"gitErrorCode":"IsInSubmodule"}
[2021-12-23 09:03:39.087] [exthost] [error] {"message":"Git error","stdout":"","stderr":"fatal: Pathspec '/var/www/html/vendor/league' is in submodule 'html'\n","exitCode":128,"gitErrorCode":"IsInSubmodule"}
[2021-12-23 09:03:43.303] [exthost] [error] {"message":"Git error","stdout":"","stderr":"fatal: Pathspec '/var/www/html/vendor/nyholm' is in submodule 'html'\n","exitCode":128,"gitErrorCode":"IsInSubmodule"}
[2021-12-23 09:03:43.303] [exthost] [error] {"message":"Git error","stdout":"","stderr":"fatal: Pathspec '/var/www/html/vendor/nyholm' is in submodule 'html'\n","exitCode":128,"gitErrorCode":"IsInSubmodule"}
[2021-12-23 09:03:43.303] [exthost] [error] {"message":"Git error","stdout":"","stderr":"fatal: Pathspec '/var/www/html/vendor/nyholm' is in submodule 'html'\n","exitCode":128,"gitErrorCode":"IsInSubmodule"}
[2021-12-23 09:03:43.303] [exthost] [error] {"message":"Git error","stdout":"","stderr":"fatal: Pathspec '/var/www/html/vendor/nyholm' is in submodule 'html'\n","exitCode":128,"gitErrorCode":"IsInSubmodule"}
[2021-12-23 09:03:43.303] [exthost] [error] {"message":"Git error","stdout":"","stderr":"fatal: Pathspec '/var/www/html/vendor/nyholm' is in submodule 'html'\n","exitCode":128,"gitErrorCode":"IsInSubmodule"}
[2021-12-23 09:03:43.303] [exthost] [error] {"message":"Git error","stdout":"","stderr":"fatal: Pathspec '/var/www/html/vendor/nyholm' is in submodule 'html'\n","exitCode":128,"gitErrorCode":"IsInSubmodule"}
[2021-12-23 09:03:43.303] [exthost] [error] {"message":"Git error","stdout":"","stderr":"fatal: Pathspec '/var/www/html/vendor/nyholm' is in submodule 'html'\n","exitCode":128,"gitErrorCode":"IsInSubmodule"}
[2021-12-23 09:03:43.303] [exthost] [error] {"message":"Git error","stdout":"","stderr":"fatal: Pathspec '/var/www/html/vendor/nyholm' is in submodule 'html'\n","exitCode":128,"gitErrorCode":"IsInSubmodule"}
[2021-12-23 09:03:43.303] [exthost] [error] {"message":"Git error","stdout":"","stderr":"fatal: Pathspec '/var/www/html/vendor/nyholm' is in submodule 'html'\n","exitCode":128,"gitErrorCode":"IsInSubmodule"}
[2021-12-23 09:03:43.303] [exthost] [error] {"message":"Git error","stdout":"","stderr":"fatal: Pathspec '/var/www/html/vendor/nyholm' is in submodule 'html'\n","exitCode":128,"gitErrorCode":"IsInSubmodule"}
[2021-12-23 09:03:43.303] [exthost] [error] {"message":"Git error","stdout":"","stderr":"fatal: Pathspec '/var/www/html/vendor/nyholm' is in submodule 'html'\n","exitCode":128,"gitErrorCode":"IsInSubmodule"}
[2021-12-23 09:03:43.303] [exthost] [error] {"message":"Git error","stdout":"","stderr":"fatal: Pathspec '/var/www/html/vendor/nyholm' is in submodule 'html'\n","exitCode":128,"gitErrorCode":"IsInSubmodule"}
[2021-12-23 09:03:43.303] [exthost] [error] {"message":"Git error","stdout":"","stderr":"fatal: Pathspec '/var/www/html/vendor/nyholm' is in submodule 'html'\n","exitCode":128,"gitErrorCode":"IsInSubmodule"}
[2021-12-23 09:03:43.303] [exthost] [error] {"message":"Git error","stdout":"","stderr":"fatal: Pathspec '/var/www/html/vendor/nyholm' is in submodule 'html'\n","exitCode":128,"gitErrorCode":"IsInSubmodule"}
[2021-12-23 09:03:43.303] [exthost] [error] {"message":"Git error","stdout":"","stderr":"fatal: Pathspec '/var/www/html/vendor/nyholm' is in submodule 'html'\n","exitCode":128,"gitErrorCode":"IsInSubmodule"}
[2021-12-23 09:03:43.303] [exthost] [error] {"message":"Git error","stdout":"","stderr":"fatal: Pathspec '/var/www/html/vendor/nyholm' is in submodule 'html'\n","exitCode":128,"gitErrorCode":"IsInSubmodule"}
[2021-12-23 09:03:43.303] [exthost] [error] {"message":"Git error","stdout":"","stderr":"fatal: Pathspec '/var/www/html/vendor/nyholm' is in submodule 'html'\n","exitCode":128,"gitErrorCode":"IsInSubmodule"}
[2021-12-23 09:03:43.304] [exthost] [error] {"message":"Git error","stdout":"","stderr":"fatal: Pathspec '/var/www/html/vendor/nyholm' is in submodule 'html'\n","exitCode":128,"gitErrorCode":"IsInSubmodule"}
[2021-12-23 09:03:43.304] [exthost] [error] {"message":"Git error","stdout":"","stderr":"fatal: Pathspec '/var/www/html/vendor/nyholm' is in submodule 'html'\n","exitCode":128,"gitErrorCode":"IsInSubmodule"}
[2021-12-23 09:03:43.304] [exthost] [error] {"message":"Git error","stdout":"","stderr":"fatal: Pathspec '/var/www/html/vendor/nyholm' is in submodule 'html'\n","exitCode":128,"gitErrorCode":"IsInSubmodule"}
[2021-12-23 09:03:43.304] [exthost] [error] {"message":"Git error","stdout":"","stderr":"fatal: Pathspec '/var/www/html/vendor/nyholm' is in submodule 'html'\n","exitCode":128,"gitErrorCode":"IsInSubmodule"}
[2021-12-23 09:03:43.304] [exthost] [error] {"message":"Git error","stdout":"","stderr":"fatal: Pathspec '/var/www/html/vendor/nyholm' is in submodule 'html'\n","exitCode":128,"gitErrorCode":"IsInSubmodule"}
[2021-12-23 09:03:43.304] [exthost] [error] {"message":"Git error","stdout":"","stderr":"fatal: Pathspec '/var/www/html/vendor/nyholm' is in submodule 'html'\n","exitCode":128,"gitErrorCode":"IsInSubmodule"}
[2021-12-23 09:03:43.304] [exthost] [error] {"message":"Git error","stdout":"","stderr":"fatal: Pathspec '/var/www/html/vendor/nyholm' is in submodule 'html'\n","exitCode":128,"gitErrorCode":"IsInSubmodule"}
[2021-12-23 09:03:43.304] [exthost] [error] {"message":"Git error","stdout":"","stderr":"fatal: Pathspec '/var/www/html/vendor/nyholm' is in submodule 'html'\n","exitCode":128,"gitErrorCode":"IsInSubmodule"}
[2021-12-23 09:03:43.304] [exthost] [error] {"message":"Git error","stdout":"","stderr":"fatal: Pathspec '/var/www/html/vendor/nyholm' is in submodule 'html'\n","exitCode":128,"gitErrorCode":"IsInSubmodule"}
[2021-12-23 09:03:43.304] [exthost] [error] {"message":"Git error","stdout":"","stderr":"fatal: Pathspec '/var/www/html/vendor/nyholm' is in submodule 'html'\n","exitCode":128,"gitErrorCode":"IsInSubmodule"}
[2021-12-23 09:03:43.304] [exthost] [error] {"message":"Git error","stdout":"","stderr":"fatal: Pathspec '/var/www/html/vendor/nyholm' is in submodule 'html'\n","exitCode":128,"gitErrorCode":"IsInSubmodule"}
[2021-12-23 09:03:43.304] [exthost] [error] {"message":"Git error","stdout":"","stderr":"fatal: Pathspec '/var/www/html/vendor/nyholm' is in submodule 'html'\n","exitCode":128,"gitErrorCode":"IsInSubmodule"}
[2021-12-23 09:03:43.304] [exthost] [error] {"message":"Git error","stdout":"","stderr":"fatal: Pathspec '/var/www/html/vendor/nyholm' is in submodule 'html'\n","exitCode":128,"gitErrorCode":"IsInSubmodule"}
[2021-12-23 09:03:43.304] [exthost] [error] {"message":"Git error","stdout":"","stderr":"fatal: Pathspec '/var/www/html/vendor/nyholm' is in submodule 'html'\n","exitCode":128,"gitErrorCode":"IsInSubmodule"}
[2021-12-23 09:03:43.304] [exthost] [error] {"message":"Git error","stdout":"","stderr":"fatal: Pathspec '/var/www/html/vendor/nyholm' is in submodule 'html'\n","exitCode":128,"gitErrorCode":"IsInSubmodule"}
[2021-12-23 09:03:43.304] [exthost] [error] {"message":"Git error","stdout":"","stderr":"fatal: Pathspec '/var/www/html/vendor/nyholm' is in submodule 'html'\n","exitCode":128,"gitErrorCode":"IsInSubmodule"}
[2021-12-23 09:03:43.304] [exthost] [error] {"message":"Git error","stdout":"","stderr":"fatal: Pathspec '/var/www/html/vendor/nyholm' is in submodule 'html'\n","exitCode":128,"gitErrorCode":"IsInSubmodule"}
[2021-12-23 09:04:05.345] [exthost] [error] {"message":"Git error","stdout":"","stderr":"fatal: Pathspec '/var/www/html/vendor/shopware/platform' is in submodule 'html'\n","exitCode":128,"gitErrorCode":"IsInSubmodule"}
[2021-12-23 09:04:05.345] [exthost] [error] {"message":"Git error","stdout":"","stderr":"fatal: Pathspec '/var/www/html/vendor/shopware/platform' is in submodule 'html'\n","exitCode":128,"gitErrorCode":"IsInSubmodule"}
[2021-12-23 09:04:05.345] [exthost] [error] {"message":"Git error","stdout":"","stderr":"fatal: Pathspec '/var/www/html/vendor/shopware/platform' is in submodule 'html'\n","exitCode":128,"gitErrorCode":"IsInSubmodule"}
[2021-12-23 09:04:05.345] [exthost] [error] {"message":"Git error","stdout":"","stderr":"fatal: Pathspec '/var/www/html/vendor/shopware/platform' is in submodule 'html'\n","exitCode":128,"gitErrorCode":"IsInSubmodule"}
[2021-12-23 09:04:05.345] [exthost] [error] {"message":"Git error","stdout":"","stderr":"fatal: Pathspec '/var/www/html/vendor/shopware/platform' is in submodule 'html'\n","exitCode":128,"gitErrorCode":"IsInSubmodule"}
[2021-12-23 09:04:05.345] [exthost] [error] {"message":"Git error","stdout":"","stderr":"fatal: Pathspec '/var/www/html/vendor/shopware/platform' is in submodule 'html'\n","exitCode":128,"gitErrorCode":"IsInSubmodule"}
[2021-12-23 09:04:05.345] [exthost] [error] {"message":"Git error","stdout":"","stderr":"fatal: Pathspec '/var/www/html/vendor/shopware/platform' is in submodule 'html'\n","exitCode":128,"gitErrorCode":"IsInSubmodule"}
[2021-12-23 09:04:05.345] [exthost] [error] {"message":"Git error","stdout":"","stderr":"fatal: Pathspec '/var/www/html/vendor/shopware/platform' is in submodule 'html'\n","exitCode":128,"gitErrorCode":"IsInSubmodule"}
[2021-12-23 09:04:05.345] [exthost] [error] {"message":"Git error","stdout":"","stderr":"fatal: Pathspec '/var/www/html/vendor/shopware/platform' is in submodule 'html'\n","exitCode":128,"gitErrorCode":"IsInSubmodule"}
[2021-12-23 09:04:05.345] [exthost] [error] {"message":"Git error","stdout":"","stderr":"fatal: Pathspec '/var/www/html/vendor/shopware/platform' is in submodule 'html'\n","exitCode":128,"gitErrorCode":"IsInSubmodule"}
[2021-12-23 09:04:05.345] [exthost] [error] {"message":"Git error","stdout":"","stderr":"fatal: Pathspec '/var/www/html/vendor/shopware/platform' is in submodule 'html'\n","exitCode":128,"gitErrorCode":"IsInSubmodule"}
[2021-12-23 09:04:05.346] [exthost] [error] {"message":"Git error","stdout":"","stderr":"fatal: Pathspec '/var/www/html/vendor/shopware/platform' is in submodule 'html'\n","exitCode":128,"gitErrorCode":"IsInSubmodule"}
[2021-12-23 09:04:05.346] [exthost] [error] {"message":"Git error","stdout":"","stderr":"fatal: Pathspec '/var/www/html/vendor/shopware/platform' is in submodule 'html'\n","exitCode":128,"gitErrorCode":"IsInSubmodule"}
[2021-12-23 09:04:05.346] [exthost] [error] {"message":"Git error","stdout":"","stderr":"fatal: Pathspec '/var/www/html/vendor/shopware/platform' is in submodule 'html'\n","exitCode":128,"gitErrorCode":"IsInSubmodule"}
[2021-12-23 09:04:05.346] [exthost] [error] {"message":"Git error","stdout":"","stderr":"fatal: Pathspec '/var/www/html/vendor/shopware/platform' is in submodule 'html'\n","exitCode":128,"gitErrorCode":"IsInSubmodule"}
[2021-12-23 09:04:05.346] [exthost] [error] {"message":"Git error","stdout":"","stderr":"fatal: Pathspec '/var/www/html/vendor/shopware/platform' is in submodule 'html'\n","exitCode":128,"gitErrorCode":"IsInSubmodule"}
[2021-12-23 09:04:06.705] [exthost] [error] {"message":"Git error","stdout":"","stderr":"fatal: pathspec '/var/www/html/vendor/shopware/platform/docker-compose.yaml' is beyond a symbolic link\n","exitCode":128}
[2021-12-23 09:04:06.705] [exthost] [error] {"message":"Git error","stdout":"","stderr":"fatal: pathspec '/var/www/html/vendor/shopware/platform/docker-compose.yaml' is beyond a symbolic link\n","exitCode":128}
[2021-12-23 09:04:06.705] [exthost] [error] {"message":"Git error","stdout":"","stderr":"fatal: pathspec '/var/www/html/vendor/shopware/platform/docker-compose.yaml' is beyond a symbolic link\n","exitCode":128}
[2021-12-23 09:04:07.741] [exthost] [error] {"message":"Git error","stdout":"","stderr":"fatal: pathspec '/var/www/html/vendor/shopware/platform/src/Administration' is beyond a symbolic link\n","exitCode":128}
[2021-12-23 09:04:07.741] [exthost] [error] {"message":"Git error","stdout":"","stderr":"fatal: pathspec '/var/www/html/vendor/shopware/platform/src/Administration' is beyond a symbolic link\n","exitCode":128}
[2021-12-23 09:04:07.741] [exthost] [error] {"message":"Git error","stdout":"","stderr":"fatal: pathspec '/var/www/html/vendor/shopware/platform/src/Administration' is beyond a symbolic link\n","exitCode":128}
[2021-12-23 09:04:07.741] [exthost] [error] {"message":"Git error","stdout":"","stderr":"fatal: pathspec '/var/www/html/vendor/shopware/platform/src/Administration' is beyond a symbolic link\n","exitCode":128}
[2021-12-23 09:04:07.741] [exthost] [error] {"message":"Git error","stdout":"","stderr":"fatal: pathspec '/var/www/html/vendor/shopware/platform/src/Administration' is beyond a symbolic link\n","exitCode":128}
[2021-12-23 09:04:07.741] [exthost] [error] {"message":"Git error","stdout":"","stderr":"fatal: pathspec '/var/www/html/vendor/shopware/platform/src/Administration' is beyond a symbolic link\n","exitCode":128}
[2021-12-23 09:04:11.023] [exthost] [error] {"message":"Git error","stdout":"","stderr":"fatal: pathspec '/var/www/html/vendor/shopware/platform/src/Storefront/Controller' is beyond a symbolic link\n","exitCode":128}
[2021-12-23 09:04:11.023] [exthost] [error] {"message":"Git error","stdout":"","stderr":"fatal: pathspec '/var/www/html/vendor/shopware/platform/src/Storefront/Controller' is beyond a symbolic link\n","exitCode":128}
[2021-12-23 09:04:11.023] [exthost] [error] {"message":"Git error","stdout":"","stderr":"fatal: pathspec '/var/www/html/vendor/shopware/platform/src/Storefront/Controller' is beyond a symbolic link\n","exitCode":128}
[2021-12-23 09:04:11.023] [exthost] [error] {"message":"Git error","stdout":"","stderr":"fatal: pathspec '/var/www/html/vendor/shopware/platform/src/Storefront/Controller' is beyond a symbolic link\n","exitCode":128}
[2021-12-23 09:04:11.023] [exthost] [error] {"message":"Git error","stdout":"","stderr":"fatal: pathspec '/var/www/html/vendor/shopware/platform/src/Storefront/Controller' is beyond a symbolic link\n","exitCode":128}
[2021-12-23 09:04:11.023] [exthost] [error] {"message":"Git error","stdout":"","stderr":"fatal: pathspec '/var/www/html/vendor/shopware/platform/src/Storefront/Controller' is beyond a symbolic link\n","exitCode":128}
[2021-12-23 09:04:11.023] [exthost] [error] {"message":"Git error","stdout":"","stderr":"fatal: pathspec '/var/www/html/vendor/shopware/platform/src/Storefront/Controller' is beyond a symbolic link\n","exitCode":128}
[2021-12-23 09:04:11.023] [exthost] [error] {"message":"Git error","stdout":"","stderr":"fatal: pathspec '/var/www/html/vendor/shopware/platform/src/Storefront/Controller' is beyond a symbolic link\n","exitCode":128}
[2021-12-23 09:04:11.023] [exthost] [error] {"message":"Git error","stdout":"","stderr":"fatal: pathspec '/var/www/html/vendor/shopware/platform/src/Storefront/Controller' is beyond a symbolic link\n","exitCode":128}
[2021-12-23 09:04:11.023] [exthost] [error] {"message":"Git error","stdout":"","stderr":"fatal: pathspec '/var/www/html/vendor/shopware/platform/src/Storefront/Controller' is beyond a symbolic link\n","exitCode":128}
[2021-12-23 09:04:11.023] [exthost] [error] {"message":"Git error","stdout":"","stderr":"fatal: pathspec '/var/www/html/vendor/shopware/platform/src/Storefront/Controller' is beyond a symbolic link\n","exitCode":128}
[2021-12-23 09:04:11.023] [exthost] [error] {"message":"Git error","stdout":"","stderr":"fatal: pathspec '/var/www/html/vendor/shopware/platform/src/Storefront/Controller' is beyond a symbolic link\n","exitCode":128}
[2021-12-23 09:04:11.023] [exthost] [error] {"message":"Git error","stdout":"","stderr":"fatal: pathspec '/var/www/html/vendor/shopware/platform/src/Storefront/Controller' is beyond a symbolic link\n","exitCode":128}
[2021-12-23 09:04:11.023] [exthost] [error] {"message":"Git error","stdout":"","stderr":"fatal: pathspec '/var/www/html/vendor/shopware/platform/src/Storefront/Controller' is beyond a symbolic link\n","exitCode":128}
[2021-12-23 09:04:11.023] [exthost] [error] {"message":"Git error","stdout":"","stderr":"fatal: pathspec '/var/www/html/vendor/shopware/platform/src/Storefront/Controller' is beyond a symbolic link\n","exitCode":128}
[2021-12-23 09:04:11.023] [exthost] [error] {"message":"Git error","stdout":"","stderr":"fatal: pathspec '/var/www/html/vendor/shopware/platform/src/Storefront/Controller' is beyond a symbolic link\n","exitCode":128}
[2021-12-23 09:04:23.385] [exthost] [error] {"message":"Git error","stdout":"","stderr":"fatal: pathspec '/var/www/html/vendor/shopware/platform/src/Storefront/Theme/Aggregate' is beyond a symbolic link\n","exitCode":128}
[2021-12-23 09:04:23.385] [exthost] [error] {"message":"Git error","stdout":"","stderr":"fatal: pathspec '/var/www/html/vendor/shopware/platform/src/Storefront/Theme/Aggregate' is beyond a symbolic link\n","exitCode":128}
[2021-12-23 09:04:23.385] [exthost] [error] {"message":"Git error","stdout":"","stderr":"fatal: pathspec '/var/www/html/vendor/shopware/platform/src/Storefront/Theme/Aggregate' is beyond a symbolic link\n","exitCode":128}
[2021-12-23 09:04:23.385] [exthost] [error] {"message":"Git error","stdout":"","stderr":"fatal: pathspec '/var/www/html/vendor/shopware/platform/src/Storefront/Theme/Aggregate' is beyond a symbolic link\n","exitCode":128}
[2021-12-23 09:04:23.385] [exthost] [error] {"message":"Git error","stdout":"","stderr":"fatal: pathspec '/var/www/html/vendor/shopware/platform/src/Storefront/Theme/Aggregate' is beyond a symbolic link\n","exitCode":128}
[2021-12-23 09:04:23.385] [exthost] [error] {"message":"Git error","stdout":"","stderr":"fatal: pathspec '/var/www/html/vendor/shopware/platform/src/Storefront/Theme/Aggregate' is beyond a symbolic link\n","exitCode":128}
[2021-12-23 09:04:23.385] [exthost] [error] {"message":"Git error","stdout":"","stderr":"fatal: pathspec '/var/www/html/vendor/shopware/platform/src/Storefront/Theme/Aggregate' is beyond a symbolic link\n","exitCode":128}
[2021-12-23 09:04:23.385] [exthost] [error] {"message":"Git error","stdout":"","stderr":"fatal: pathspec '/var/www/html/vendor/shopware/platform/src/Storefront/Theme/Aggregate' is beyond a symbolic link\n","exitCode":128}
[2021-12-23 09:04:23.385] [exthost] [error] {"message":"Git error","stdout":"","stderr":"fatal: pathspec '/var/www/html/vendor/shopware/platform/src/Storefront/Theme/Aggregate' is beyond a symbolic link\n","exitCode":128}
[2021-12-23 09:04:23.385] [exthost] [error] {"message":"Git error","stdout":"","stderr":"fatal: pathspec '/var/www/html/vendor/shopware/platform/src/Storefront/Theme/Aggregate' is beyond a symbolic link\n","exitCode":128}
[2021-12-23 09:04:23.385] [exthost] [error] {"message":"Git error","stdout":"","stderr":"fatal: pathspec '/var/www/html/vendor/shopware/platform/src/Storefront/Theme/Aggregate' is beyond a symbolic link\n","exitCode":128}
[2021-12-23 09:04:23.385] [exthost] [error] {"message":"Git error","stdout":"","stderr":"fatal: pathspec '/var/www/html/vendor/shopware/platform/src/Storefront/Theme/Aggregate' is beyond a symbolic link\n","exitCode":128}
[2021-12-23 09:04:30.205] [exthost] [error] {"message":"Git error","stdout":"","stderr":"fatal: pathspec '/var/www/html/vendor/shopware/platform/src/Storefront/Framework/AffiliateTracking' is beyond a symbolic link\n","exitCode":128}
[2021-12-23 09:04:30.205] [exthost] [error] {"message":"Git error","stdout":"","stderr":"fatal: pathspec '/var/www/html/vendor/shopware/platform/src/Storefront/Framework/AffiliateTracking' is beyond a symbolic link\n","exitCode":128}
[2021-12-23 09:04:30.205] [exthost] [error] {"message":"Git error","stdout":"","stderr":"fatal: pathspec '/var/www/html/vendor/shopware/platform/src/Storefront/Framework/AffiliateTracking' is beyond a symbolic link\n","exitCode":128}
[2021-12-23 09:04:30.205] [exthost] [error] {"message":"Git error","stdout":"","stderr":"fatal: pathspec '/var/www/html/vendor/shopware/platform/src/Storefront/Framework/AffiliateTracking' is beyond a symbolic link\n","exitCode":128}
[2021-12-23 09:04:30.205] [exthost] [error] {"message":"Git error","stdout":"","stderr":"fatal: pathspec '/var/www/html/vendor/shopware/platform/src/Storefront/Framework/AffiliateTracking' is beyond a symbolic link\n","exitCode":128}
[2021-12-23 09:04:30.205] [exthost] [error] {"message":"Git error","stdout":"","stderr":"fatal: pathspec '/var/www/html/vendor/shopware/platform/src/Storefront/Framework/AffiliateTracking' is beyond a symbolic link\n","exitCode":128}
[2021-12-23 09:04:30.205] [exthost] [error] {"message":"Git error","stdout":"","stderr":"fatal: pathspec '/var/www/html/vendor/shopware/platform/src/Storefront/Framework/AffiliateTracking' is beyond a symbolic link\n","exitCode":128}
[2021-12-23 09:04:30.205] [exthost] [error] {"message":"Git error","stdout":"","stderr":"fatal: pathspec '/var/www/html/vendor/shopware/platform/src/Storefront/Framework/AffiliateTracking' is beyond a symbolic link\n","exitCode":128}
[2021-12-23 09:04:30.205] [exthost] [error] {"message":"Git error","stdout":"","stderr":"fatal: pathspec '/var/www/html/vendor/shopware/platform/src/Storefront/Framework/AffiliateTracking' is beyond a symbolic link\n","exitCode":128}
[2021-12-23 09:04:30.205] [exthost] [error] {"message":"Git error","stdout":"","stderr":"fatal: pathspec '/var/www/html/vendor/shopware/platform/src/Storefront/Framework/AffiliateTracking' is beyond a symbolic link\n","exitCode":128}
[2021-12-23 09:04:30.205] [exthost] [error] {"message":"Git error","stdout":"","stderr":"fatal: pathspec '/var/www/html/vendor/shopware/platform/src/Storefront/Framework/AffiliateTracking' is beyond a symbolic link\n","exitCode":128}
[2021-12-23 09:04:30.205] [exthost] [error] {"message":"Git error","stdout":"","stderr":"fatal: pathspec '/var/www/html/vendor/shopware/platform/src/Storefront/Framework/AffiliateTracking' is beyond a symbolic link\n","exitCode":128}
[2021-12-23 09:04:34.218] [exthost] [error] {"message":"Git error","stdout":"","stderr":"fatal: pathspec '/var/www/html/vendor/shopware/platform/src/Storefront/Controller/AccountOrderController.php' is beyond a symbolic link\n","exitCode":128}
[2021-12-23 09:04:34.218] [exthost] [error] {"message":"Git error","stdout":"","stderr":"fatal: pathspec '/var/www/html/vendor/shopware/platform/src/Storefront/Controller/AccountOrderController.php' is beyond a symbolic link\n","exitCode":128}
[2021-12-23 09:04:34.218] [exthost] [error] {"message":"Git error","stdout":"","stderr":"fatal: pathspec '/var/www/html/vendor/shopware/platform/src/Storefront/Controller/AccountOrderController.php' is beyond a symbolic link\n","exitCode":128}
[2021-12-23 09:04:34.218] [exthost] [error] {"message":"Git error","stdout":"","stderr":"fatal: pathspec '/var/www/html/vendor/shopware/platform/src/Storefront/Controller/AccountOrderController.php' is beyond a symbolic link\n","exitCode":128}
[2021-12-23 09:04:34.218] [exthost] [error] {"message":"Git error","stdout":"","stderr":"fatal: pathspec '/var/www/html/vendor/shopware/platform/src/Storefront/Controller/AccountOrderController.php' is beyond a symbolic link\n","exitCode":128}
[2021-12-23 09:04:34.218] [exthost] [error] {"message":"Git error","stdout":"","stderr":"fatal: pathspec '/var/www/html/vendor/shopware/platform/src/Storefront/Controller/AccountOrderController.php' is beyond a symbolic link\n","exitCode":128}
[2021-12-23 09:04:34.218] [exthost] [error] {"message":"Git error","stdout":"","stderr":"fatal: pathspec '/var/www/html/vendor/shopware/platform/src/Storefront/Controller/AccountOrderController.php' is beyond a symbolic link\n","exitCode":128}
[2021-12-23 09:04:34.218] [exthost] [error] {"message":"Git error","stdout":"","stderr":"fatal: pathspec '/var/www/html/vendor/shopware/platform/src/Storefront/Controller/AccountOrderController.php' is beyond a symbolic link\n","exitCode":128}
[2021-12-23 09:04:34.218] [exthost] [error] {"message":"Git error","stdout":"","stderr":"fatal: pathspec '/var/www/html/vendor/shopware/platform/src/Storefront/Controller/AccountOrderController.php' is beyond a symbolic link\n","exitCode":128}
[2021-12-23 09:04:34.218] [exthost] [error] {"message":"Git error","stdout":"","stderr":"fatal: pathspec '/var/www/html/vendor/shopware/platform/src/Storefront/Controller/AccountOrderController.php' is beyond a symbolic link\n","exitCode":128}
[2021-12-23 09:04:34.218] [exthost] [error] {"message":"Git error","stdout":"","stderr":"fatal: pathspec '/var/www/html/vendor/shopware/platform/src/Storefront/Controller/AccountOrderController.php' is beyond a symbolic link\n","exitCode":128}
[2021-12-23 09:04:34.218] [exthost] [error] {"message":"Git error","stdout":"","stderr":"fatal: pathspec '/var/www/html/vendor/shopware/platform/src/Storefront/Controller/AccountOrderController.php' is beyond a symbolic link\n","exitCode":128}
[2021-12-23 09:04:34.218] [exthost] [error] {"message":"Git error","stdout":"","stderr":"fatal: pathspec '/var/www/html/vendor/shopware/platform/src/Storefront/Controller/AccountOrderController.php' is beyond a symbolic link\n","exitCode":128}
[2021-12-23 09:04:34.218] [exthost] [error] {"message":"Git error","stdout":"","stderr":"fatal: pathspec '/var/www/html/vendor/shopware/platform/src/Storefront/Controller/AccountOrderController.php' is beyond a symbolic link\n","exitCode":128}
[2021-12-23 09:04:34.218] [exthost] [error] {"message":"Git error","stdout":"","stderr":"fatal: pathspec '/var/www/html/vendor/shopware/platform/src/Storefront/Controller/AccountOrderController.php' is beyond a symbolic link\n","exitCode":128}
[2021-12-23 09:04:34.218] [exthost] [error] {"message":"Git error","stdout":"","stderr":"fatal: pathspec '/var/www/html/vendor/shopware/platform/src/Storefront/Controller/AccountOrderController.php' is beyond a symbolic link\n","exitCode":128}
[2021-12-23 09:04:34.218] [exthost] [error] {"message":"Git error","stdout":"","stderr":"fatal: pathspec '/var/www/html/vendor/shopware/platform/src/Storefront/Controller/AccountOrderController.php' is beyond a symbolic link\n","exitCode":128}
[2021-12-23 09:04:42.549] [exthost] [error] {"message":"Git error","stdout":"","stderr":"fatal: pathspec '/var/www/html/vendor/shopware/platform/src/Core/Checkout' is beyond a symbolic link\n","exitCode":128}
[2021-12-23 09:04:42.549] [exthost] [error] {"message":"Git error","stdout":"","stderr":"fatal: pathspec '/var/www/html/vendor/shopware/platform/src/Core/Checkout' is beyond a symbolic link\n","exitCode":128}
[2021-12-23 09:04:42.549] [exthost] [error] {"message":"Git error","stdout":"","stderr":"fatal: pathspec '/var/www/html/vendor/shopware/platform/src/Core/Checkout' is beyond a symbolic link\n","exitCode":128}
[2021-12-23 09:04:42.549] [exthost] [error] {"message":"Git error","stdout":"","stderr":"fatal: pathspec '/var/www/html/vendor/shopware/platform/src/Core/Checkout' is beyond a symbolic link\n","exitCode":128}
[2021-12-23 09:04:42.549] [exthost] [error] {"message":"Git error","stdout":"","stderr":"fatal: pathspec '/var/www/html/vendor/shopware/platform/src/Core/Checkout' is beyond a symbolic link\n","exitCode":128}
[2021-12-23 09:04:42.549] [exthost] [error] {"message":"Git error","stdout":"","stderr":"fatal: pathspec '/var/www/html/vendor/shopware/platform/src/Core/Checkout' is beyond a symbolic link\n","exitCode":128}
[2021-12-23 09:04:42.549] [exthost] [error] {"message":"Git error","stdout":"","stderr":"fatal: pathspec '/var/www/html/vendor/shopware/platform/src/Core/Checkout' is beyond a symbolic link\n","exitCode":128}
[2021-12-23 09:04:42.549] [exthost] [error] {"message":"Git error","stdout":"","stderr":"fatal: pathspec '/var/www/html/vendor/shopware/platform/src/Core/Checkout' is beyond a symbolic link\n","exitCode":128}
[2021-12-23 09:04:42.549] [exthost] [error] {"message":"Git error","stdout":"","stderr":"fatal: pathspec '/var/www/html/vendor/shopware/platform/src/Core/Checkout' is beyond a symbolic link\n","exitCode":128}
[2021-12-23 09:04:42.550] [exthost] [error] {"message":"Git error","stdout":"","stderr":"fatal: pathspec '/var/www/html/vendor/shopware/platform/src/Core/Checkout' is beyond a symbolic link\n","exitCode":128}
[2021-12-23 09:04:42.550] [exthost] [error] {"message":"Git error","stdout":"","stderr":"fatal: pathspec '/var/www/html/vendor/shopware/platform/src/Core/Checkout' is beyond a symbolic link\n","exitCode":128}
[2021-12-23 09:04:42.550] [exthost] [error] {"message":"Git error","stdout":"","stderr":"fatal: pathspec '/var/www/html/vendor/shopware/platform/src/Core/Checkout' is beyond a symbolic link\n","exitCode":128}
[2021-12-23 09:04:42.550] [exthost] [error] {"message":"Git error","stdout":"","stderr":"fatal: pathspec '/var/www/html/vendor/shopware/platform/src/Core/Checkout' is beyond a symbolic link\n","exitCode":128}
[2021-12-23 09:04:42.550] [exthost] [error] {"message":"Git error","stdout":"","stderr":"fatal: pathspec '/var/www/html/vendor/shopware/platform/src/Core/Checkout' is beyond a symbolic link\n","exitCode":128}
[2021-12-23 09:04:42.550] [exthost] [error] {"message":"Git error","stdout":"","stderr":"fatal: pathspec '/var/www/html/vendor/shopware/platform/src/Core/Checkout' is beyond a symbolic link\n","exitCode":128}
[2021-12-23 09:04:42.550] [exthost] [error] {"message":"Git error","stdout":"","stderr":"fatal: pathspec '/var/www/html/vendor/shopware/platform/src/Core/Checkout' is beyond a symbolic link\n","exitCode":128}
[2021-12-23 09:04:42.550] [exthost] [error] {"message":"Git error","stdout":"","stderr":"fatal: pathspec '/var/www/html/vendor/shopware/platform/src/Core/Checkout' is beyond a symbolic link\n","exitCode":128}
[2021-12-23 09:04:42.550] [exthost] [error] {"message":"Git error","stdout":"","stderr":"fatal: pathspec '/var/www/html/vendor/shopware/platform/src/Core/Checkout' is beyond a symbolic link\n","exitCode":128}
[2021-12-23 09:04:42.550] [exthost] [error] {"message":"Git error","stdout":"","stderr":"fatal: pathspec '/var/www/html/vendor/shopware/platform/src/Core/Checkout' is beyond a symbolic link\n","exitCode":128}
[2021-12-23 09:04:42.550] [exthost] [error] {"message":"Git error","stdout":"","stderr":"fatal: pathspec '/var/www/html/vendor/shopware/platform/src/Core/Checkout' is beyond a symbolic link\n","exitCode":128}
[2021-12-23 09:04:48.106] [exthost] [error] {"message":"Git error","stdout":"","stderr":"fatal: pathspec '/var/www/html/vendor/shopware/platform/phpstan-baseline.neon' is beyond a symbolic link\n","exitCode":128}
[2021-12-23 09:04:48.106] [exthost] [error] {"message":"Git error","stdout":"","stderr":"fatal: pathspec '/var/www/html/vendor/shopware/platform/phpstan-baseline.neon' is beyond a symbolic link\n","exitCode":128}
[2021-12-23 09:04:48.106] [exthost] [error] {"message":"Git error","stdout":"","stderr":"fatal: pathspec '/var/www/html/vendor/shopware/platform/phpstan-baseline.neon' is beyond a symbolic link\n","exitCode":128}
[2021-12-23 09:05:01.489] [exthost] [error] {"message":"Git error","stdout":"","stderr":"fatal: pathspec '/var/www/html/vendor/shopware/platform/psalm.xml' is beyond a symbolic link\n","exitCode":128}
[2021-12-23 09:05:01.489] [exthost] [error] {"message":"Git error","stdout":"","stderr":"fatal: pathspec '/var/www/html/vendor/shopware/platform/psalm.xml' is beyond a symbolic link\n","exitCode":128}
[2021-12-23 09:05:01.489] [exthost] [error] {"message":"Git error","stdout":"","stderr":"fatal: pathspec '/var/www/html/vendor/shopware/platform/psalm.xml' is beyond a symbolic link\n","exitCode":128}
[2021-12-23 09:05:01.489] [exthost] [error] {"message":"Git error","stdout":"","stderr":"fatal: pathspec '/var/www/html/vendor/shopware/platform/psalm.xml' is beyond a symbolic link\n","exitCode":128}
[2021-12-23 09:05:01.489] [exthost] [error] {"message":"Git error","stdout":"","stderr":"fatal: pathspec '/var/www/html/vendor/shopware/platform/psalm.xml' is beyond a symbolic link\n","exitCode":128}
[2021-12-23 09:05:01.489] [exthost] [error] {"message":"Git error","stdout":"","stderr":"fatal: pathspec '/var/www/html/vendor/shopware/platform/psalm.xml' is beyond a symbolic link\n","exitCode":128}
[2021-12-23 09:05:01.489] [exthost] [error] {"message":"Git error","stdout":"","stderr":"fatal: pathspec '/var/www/html/vendor/shopware/platform/psalm.xml' is beyond a symbolic link\n","exitCode":128}
[2021-12-23 09:05:04.658] [exthost] [error] {"message":"Git error","stdout":"","stderr":"fatal: pathspec '/var/www/html/vendor/shopware/platform/src/Storefront/Page/Account' is beyond a symbolic link\n","exitCode":128}
[2021-12-23 09:05:04.658] [exthost] [error] {"message":"Git error","stdout":"","stderr":"fatal: pathspec '/var/www/html/vendor/shopware/platform/src/Storefront/Page/Account' is beyond a symbolic link\n","exitCode":128}
[2021-12-23 09:05:04.658] [exthost] [error] {"message":"Git error","stdout":"","stderr":"fatal: pathspec '/var/www/html/vendor/shopware/platform/src/Storefront/Page/Account' is beyond a symbolic link\n","exitCode":128}
[2021-12-23 09:05:04.658] [exthost] [error] {"message":"Git error","stdout":"","stderr":"fatal: pathspec '/var/www/html/vendor/shopware/platform/src/Storefront/Page/Account' is beyond a symbolic link\n","exitCode":128}
[2021-12-23 09:05:04.658] [exthost] [error] {"message":"Git error","stdout":"","stderr":"fatal: pathspec '/var/www/html/vendor/shopware/platform/src/Storefront/Page/Account' is beyond a symbolic link\n","exitCode":128}
[2021-12-23 09:05:04.658] [exthost] [error] {"message":"Git error","stdout":"","stderr":"fatal: pathspec '/var/www/html/vendor/shopware/platform/src/Storefront/Page/Account' is beyond a symbolic link\n","exitCode":128}
[2021-12-23 09:05:04.658] [exthost] [error] {"message":"Git error","stdout":"","stderr":"fatal: pathspec '/var/www/html/vendor/shopware/platform/src/Storefront/Page/Account' is beyond a symbolic link\n","exitCode":128}
[2021-12-23 09:05:04.658] [exthost] [error] {"message":"Git error","stdout":"","stderr":"fatal: pathspec '/var/www/html/vendor/shopware/platform/src/Storefront/Page/Account' is beyond a symbolic link\n","exitCode":128}
[2021-12-23 09:05:04.658] [exthost] [error] {"message":"Git error","stdout":"","stderr":"fatal: pathspec '/var/www/html/vendor/shopware/platform/src/Storefront/Page/Account' is beyond a symbolic link\n","exitCode":128}
[2021-12-23 09:05:04.658] [exthost] [error] {"message":"Git error","stdout":"","stderr":"fatal: pathspec '/var/www/html/vendor/shopware/platform/src/Storefront/Page/Account' is beyond a symbolic link\n","exitCode":128}
[2021-12-23 09:05:04.658] [exthost] [error] {"message":"Git error","stdout":"","stderr":"fatal: pathspec '/var/www/html/vendor/shopware/platform/src/Storefront/Page/Account' is beyond a symbolic link\n","exitCode":128}
[2021-12-23 09:05:04.658] [exthost] [error] {"message":"Git error","stdout":"","stderr":"fatal: pathspec '/var/www/html/vendor/shopware/platform/src/Storefront/Page/Account' is beyond a symbolic link\n","exitCode":128}
[2021-12-23 09:05:04.658] [exthost] [error] {"message":"Git error","stdout":"","stderr":"fatal: pathspec '/var/www/html/vendor/shopware/platform/src/Storefront/Page/Account' is beyond a symbolic link\n","exitCode":128}
[2021-12-23 09:05:04.658] [exthost] [error] {"message":"Git error","stdout":"","stderr":"fatal: pathspec '/var/www/html/vendor/shopware/platform/src/Storefront/Page/Account' is beyond a symbolic link\n","exitCode":128}
[2021-12-23 09:05:06.895] [exthost] [error] {"message":"Git error","stdout":"","stderr":"fatal: pathspec '/var/www/html/vendor/shopware/platform/src/Storefront/Page/GenericPageLoader.php' is beyond a symbolic link\n","exitCode":128}
[2021-12-23 09:05:06.895] [exthost] [error] {"message":"Git error","stdout":"","stderr":"fatal: pathspec '/var/www/html/vendor/shopware/platform/src/Storefront/Page/GenericPageLoader.php' is beyond a symbolic link\n","exitCode":128}
[2021-12-23 09:05:06.895] [exthost] [error] {"message":"Git error","stdout":"","stderr":"fatal: pathspec '/var/www/html/vendor/shopware/platform/src/Storefront/Page/GenericPageLoader.php' is beyond a symbolic link\n","exitCode":128}
[2021-12-23 09:05:06.895] [exthost] [error] {"message":"Git error","stdout":"","stderr":"fatal: pathspec '/var/www/html/vendor/shopware/platform/src/Storefront/Page/GenericPageLoader.php' is beyond a symbolic link\n","exitCode":128}
[2021-12-23 09:05:09.340] [exthost] [error] {"message":"Git error","stdout":"","stderr":"fatal: pathspec '/var/www/html/vendor/shopware/platform/src/Storefront/Page/Account/CustomerGroupRegistration' is beyond a symbolic link\n","exitCode":128}
[2021-12-23 09:05:09.340] [exthost] [error] {"message":"Git error","stdout":"","stderr":"fatal: pathspec '/var/www/html/vendor/shopware/platform/src/Storefront/Page/Account/CustomerGroupRegistration' is beyond a symbolic link\n","exitCode":128}
[2021-12-23 09:05:09.340] [exthost] [error] {"message":"Git error","stdout":"","stderr":"fatal: pathspec '/var/www/html/vendor/shopware/platform/src/Storefront/Page/Account/CustomerGroupRegistration' is beyond a symbolic link\n","exitCode":128}
[2021-12-23 09:05:09.340] [exthost] [error] {"message":"Git error","stdout":"","stderr":"fatal: pathspec '/var/www/html/vendor/shopware/platform/src/Storefront/Page/Account/CustomerGroupRegistration' is beyond a symbolic link\n","exitCode":128}
[2021-12-23 09:05:09.340] [exthost] [error] {"message":"Git error","stdout":"","stderr":"fatal: pathspec '/var/www/html/vendor/shopware/platform/src/Storefront/Page/Account/CustomerGroupRegistration' is beyond a symbolic link\n","exitCode":128}
[2021-12-23 09:05:09.340] [exthost] [error] {"message":"Git error","stdout":"","stderr":"fatal: pathspec '/var/www/html/vendor/shopware/platform/src/Storefront/Page/Account/CustomerGroupRegistration' is beyond a symbolic link\n","exitCode":128}
[2021-12-23 09:05:09.340] [exthost] [error] {"message":"Git error","stdout":"","stderr":"fatal: pathspec '/var/www/html/vendor/shopware/platform/src/Storefront/Page/Account/CustomerGroupRegistration' is beyond a symbolic link\n","exitCode":128}
[2021-12-23 09:05:11.445] [exthost] [error] {"message":"Git error","stdout":"","stderr":"fatal: pathspec '/var/www/html/vendor/shopware/platform/src/Storefront/Page/PageLoadedEvent.php' is beyond a symbolic link\n","exitCode":128}
[2021-12-23 09:05:16.454] [exthost] [error] {"message":"Git error","stdout":"","stderr":"fatal: pathspec '/var/www/html/vendor/shopware/platform/src/Storefront/Resources/app' is beyond a symbolic link\n","exitCode":128}
[2021-12-23 09:05:16.454] [exthost] [error] {"message":"Git error","stdout":"","stderr":"fatal: pathspec '/var/www/html/vendor/shopware/platform/src/Storefront/Resources/app' is beyond a symbolic link\n","exitCode":128}
[2021-12-23 09:05:16.454] [exthost] [error] {"message":"Git error","stdout":"","stderr":"fatal: pathspec '/var/www/html/vendor/shopware/platform/src/Storefront/Resources/app' is beyond a symbolic link\n","exitCode":128}
[2021-12-23 09:05:16.454] [exthost] [error] {"message":"Git error","stdout":"","stderr":"fatal: pathspec '/var/www/html/vendor/shopware/platform/src/Storefront/Resources/app' is beyond a symbolic link\n","exitCode":128}
[2021-12-23 09:05:16.454] [exthost] [error] {"message":"Git error","stdout":"","stderr":"fatal: pathspec '/var/www/html/vendor/shopware/platform/src/Storefront/Resources/app' is beyond a symbolic link\n","exitCode":128}
[2021-12-23 09:05:16.454] [exthost] [error] {"message":"Git error","stdout":"","stderr":"fatal: pathspec '/var/www/html/vendor/shopware/platform/src/Storefront/Resources/app' is beyond a symbolic link\n","exitCode":128}
[2021-12-23 09:05:16.454] [exthost] [error] {"message":"Git error","stdout":"","stderr":"fatal: pathspec '/var/www/html/vendor/shopware/platform/src/Storefront/Resources/app' is beyond a symbolic link\n","exitCode":128}
[2021-12-23 09:05:16.454] [exthost] [error] {"message":"Git error","stdout":"","stderr":"fatal: pathspec '/var/www/html/vendor/shopware/platform/src/Storefront/Resources/app' is beyond a symbolic link\n","exitCode":128}
[2021-12-23 09:05:20.472] [exthost] [error] {"message":"Git error","stdout":"","stderr":"fatal: pathspec '/var/www/html/vendor/shopware/platform/src/Storefront/Resources/views/storefront' is beyond a symbolic link\n","exitCode":128}
[2021-12-23 09:05:20.472] [exthost] [error] {"message":"Git error","stdout":"","stderr":"fatal: pathspec '/var/www/html/vendor/shopware/platform/src/Storefront/Resources/views/storefront' is beyond a symbolic link\n","exitCode":128}
[2021-12-23 09:05:21.982] [exthost] [error] {"message":"Git error","stdout":"","stderr":"fatal: pathspec '/var/www/html/vendor/shopware/platform/src/Storefront/Resources/views/storefront/block' is beyond a symbolic link\n","exitCode":128}
[2021-12-23 09:05:21.983] [exthost] [error] {"message":"Git error","stdout":"","stderr":"fatal: pathspec '/var/www/html/vendor/shopware/platform/src/Storefront/Resources/views/storefront/block' is beyond a symbolic link\n","exitCode":128}
[2021-12-23 09:05:21.983] [exthost] [error] {"message":"Git error","stdout":"","stderr":"fatal: pathspec '/var/www/html/vendor/shopware/platform/src/Storefront/Resources/views/storefront/block' is beyond a symbolic link\n","exitCode":128}
[2021-12-23 09:05:21.983] [exthost] [error] {"message":"Git error","stdout":"","stderr":"fatal: pathspec '/var/www/html/vendor/shopware/platform/src/Storefront/Resources/views/storefront/block' is beyond a symbolic link\n","exitCode":128}
[2021-12-23 09:05:21.983] [exthost] [error] {"message":"Git error","stdout":"","stderr":"fatal: pathspec '/var/www/html/vendor/shopware/platform/src/Storefront/Resources/views/storefront/block' is beyond a symbolic link\n","exitCode":128}
[2021-12-23 09:05:21.983] [exthost] [error] {"message":"Git error","stdout":"","stderr":"fatal: pathspec '/var/www/html/vendor/shopware/platform/src/Storefront/Resources/views/storefront/block' is beyond a symbolic link\n","exitCode":128}
[2021-12-23 09:05:21.983] [exthost] [error] {"message":"Git error","stdout":"","stderr":"fatal: pathspec '/var/www/html/vendor/shopware/platform/src/Storefront/Resources/views/storefront/block' is beyond a symbolic link\n","exitCode":128}
[2021-12-23 09:05:21.983] [exthost] [error] {"message":"Git error","stdout":"","stderr":"fatal: pathspec '/var/www/html/vendor/shopware/platform/src/Storefront/Resources/views/storefront/block' is beyond a symbolic link\n","exitCode":128}
[2021-12-23 09:05:23.913] [exthost] [error] {"message":"Git error","stdout":"","stderr":"fatal: pathspec '/var/www/html/vendor/shopware/platform/src/Storefront/Resources/views/storefront/layout/cookie' is beyond a symbolic link\n","exitCode":128}
[2021-12-23 09:05:23.913] [exthost] [error] {"message":"Git error","stdout":"","stderr":"fatal: pathspec '/var/www/html/vendor/shopware/platform/src/Storefront/Resources/views/storefront/layout/cookie' is beyond a symbolic link\n","exitCode":128}
[2021-12-23 09:05:23.913] [exthost] [error] {"message":"Git error","stdout":"","stderr":"fatal: pathspec '/var/www/html/vendor/shopware/platform/src/Storefront/Resources/views/storefront/layout/cookie' is beyond a symbolic link\n","exitCode":128}
[2021-12-23 09:05:23.913] [exthost] [error] {"message":"Git error","stdout":"","stderr":"fatal: pathspec '/var/www/html/vendor/shopware/platform/src/Storefront/Resources/views/storefront/layout/cookie' is beyond a symbolic link\n","exitCode":128}
[2021-12-23 09:05:23.913] [exthost] [error] {"message":"Git error","stdout":"","stderr":"fatal: pathspec '/var/www/html/vendor/shopware/platform/src/Storefront/Resources/views/storefront/layout/cookie' is beyond a symbolic link\n","exitCode":128}
[2021-12-23 09:05:23.913] [exthost] [error] {"message":"Git error","stdout":"","stderr":"fatal: pathspec '/var/www/html/vendor/shopware/platform/src/Storefront/Resources/views/storefront/layout/cookie' is beyond a symbolic link\n","exitCode":128}
[2021-12-23 09:05:23.913] [exthost] [error] {"message":"Git error","stdout":"","stderr":"fatal: pathspec '/var/www/html/vendor/shopware/platform/src/Storefront/Resources/views/storefront/layout/cookie' is beyond a symbolic link\n","exitCode":128}
[2021-12-23 09:05:23.913] [exthost] [error] {"message":"Git error","stdout":"","stderr":"fatal: pathspec '/var/www/html/vendor/shopware/platform/src/Storefront/Resources/views/storefront/layout/cookie' is beyond a symbolic link\n","exitCode":128}
[2021-12-23 09:05:27.371] [exthost] [error] {"message":"Git error","stdout":"","stderr":"fatal: pathspec '/var/www/html/vendor/shopware/platform/src/Storefront/Resources/views/storefront/page/account' is beyond a symbolic link\n","exitCode":128}
[2021-12-23 09:05:27.371] [exthost] [error] {"message":"Git error","stdout":"","stderr":"fatal: pathspec '/var/www/html/vendor/shopware/platform/src/Storefront/Resources/views/storefront/page/account' is beyond a symbolic link\n","exitCode":128}
[2021-12-23 09:05:27.371] [exthost] [error] {"message":"Git error","stdout":"","stderr":"fatal: pathspec '/var/www/html/vendor/shopware/platform/src/Storefront/Resources/views/storefront/page/account' is beyond a symbolic link\n","exitCode":128}
[2021-12-23 09:05:27.371] [exthost] [error] {"message":"Git error","stdout":"","stderr":"fatal: pathspec '/var/www/html/vendor/shopware/platform/src/Storefront/Resources/views/storefront/page/account' is beyond a symbolic link\n","exitCode":128}
[2021-12-23 09:05:27.371] [exthost] [error] {"message":"Git error","stdout":"","stderr":"fatal: pathspec '/var/www/html/vendor/shopware/platform/src/Storefront/Resources/views/storefront/page/account' is beyond a symbolic link\n","exitCode":128}
[2021-12-23 09:05:27.371] [exthost] [error] {"message":"Git error","stdout":"","stderr":"fatal: pathspec '/var/www/html/vendor/shopware/platform/src/Storefront/Resources/views/storefront/page/account' is beyond a symbolic link\n","exitCode":128}
[2021-12-23 09:05:27.371] [exthost] [error] {"message":"Git error","stdout":"","stderr":"fatal: pathspec '/var/www/html/vendor/shopware/platform/src/Storefront/Resources/views/storefront/page/account' is beyond a symbolic link\n","exitCode":128}
[2021-12-23 09:05:27.371] [exthost] [error] {"message":"Git error","stdout":"","stderr":"fatal: pathspec '/var/www/html/vendor/shopware/platform/src/Storefront/Resources/views/storefront/page/account' is beyond a symbolic link\n","exitCode":128}
[2021-12-23 09:05:27.371] [exthost] [error] {"message":"Git error","stdout":"","stderr":"fatal: pathspec '/var/www/html/vendor/shopware/platform/src/Storefront/Resources/views/storefront/page/account' is beyond a symbolic link\n","exitCode":128}
[2021-12-23 09:05:28.460] [exthost] [error] {"message":"Git error","stdout":"","stderr":"fatal: pathspec '/var/www/html/vendor/shopware/platform/src/Storefront/Resources/views/storefront/page/account/addressbook' is beyond a symbolic link\n","exitCode":128}
[2021-12-23 09:05:28.460] [exthost] [error] {"message":"Git error","stdout":"","stderr":"fatal: pathspec '/var/www/html/vendor/shopware/platform/src/Storefront/Resources/views/storefront/page/account/addressbook' is beyond a symbolic link\n","exitCode":128}
[2021-12-23 09:05:28.460] [exthost] [error] {"message":"Git error","stdout":"","stderr":"fatal: pathspec '/var/www/html/vendor/shopware/platform/src/Storefront/Resources/views/storefront/page/account/addressbook' is beyond a symbolic link\n","exitCode":128}
[2021-12-23 09:05:28.460] [exthost] [error] {"message":"Git error","stdout":"","stderr":"fatal: pathspec '/var/www/html/vendor/shopware/platform/src/Storefront/Resources/views/storefront/page/account/addressbook' is beyond a symbolic link\n","exitCode":128}
[2021-12-23 09:05:28.460] [exthost] [error] {"message":"Git error","stdout":"","stderr":"fatal: pathspec '/var/www/html/vendor/shopware/platform/src/Storefront/Resources/views/storefront/page/account/addressbook' is beyond a symbolic link\n","exitCode":128}
[2021-12-23 09:05:28.460] [exthost] [error] {"message":"Git error","stdout":"","stderr":"fatal: pathspec '/var/www/html/vendor/shopware/platform/src/Storefront/Resources/views/storefront/page/account/addressbook' is beyond a symbolic link\n","exitCode":128}
[2021-12-23 09:05:28.460] [exthost] [error] {"message":"Git error","stdout":"","stderr":"fatal: pathspec '/var/www/html/vendor/shopware/platform/src/Storefront/Resources/views/storefront/page/account/addressbook' is beyond a symbolic link\n","exitCode":128}
[2021-12-23 09:05:28.460] [exthost] [error] {"message":"Git error","stdout":"","stderr":"fatal: pathspec '/var/www/html/vendor/shopware/platform/src/Storefront/Resources/views/storefront/page/account/addressbook' is beyond a symbolic link\n","exitCode":128}
[2021-12-23 09:05:28.460] [exthost] [error] {"message":"Git error","stdout":"","stderr":"fatal: pathspec '/var/www/html/vendor/shopware/platform/src/Storefront/Resources/views/storefront/page/account/addressbook' is beyond a symbolic link\n","exitCode":128}
[2021-12-23 09:05:28.460] [exthost] [error] {"message":"Git error","stdout":"","stderr":"fatal: pathspec '/var/www/html/vendor/shopware/platform/src/Storefront/Resources/views/storefront/page/account/addressbook' is beyond a symbolic link\n","exitCode":128}
[2021-12-23 09:05:28.460] [exthost] [error] {"message":"Git error","stdout":"","stderr":"fatal: pathspec '/var/www/html/vendor/shopware/platform/src/Storefront/Resources/views/storefront/page/account/addressbook' is beyond a symbolic link\n","exitCode":128}
[2021-12-23 09:05:28.460] [exthost] [error] {"message":"Git error","stdout":"","stderr":"fatal: pathspec '/var/www/html/vendor/shopware/platform/src/Storefront/Resources/views/storefront/page/account/addressbook' is beyond a symbolic link\n","exitCode":128}
[2021-12-23 09:05:28.460] [exthost] [error] {"message":"Git error","stdout":"","stderr":"fatal: pathspec '/var/www/html/vendor/shopware/platform/src/Storefront/Resources/views/storefront/page/account/addressbook' is beyond a symbolic link\n","exitCode":128}
[2021-12-23 09:05:28.460] [exthost] [error] {"message":"Git error","stdout":"","stderr":"fatal: pathspec '/var/www/html/vendor/shopware/platform/src/Storefront/Resources/views/storefront/page/account/addressbook' is beyond a symbolic link\n","exitCode":128}
[2021-12-23 09:05:33.130] [exthost] [error] {"message":"Git error","stdout":"","stderr":"fatal: pathspec '/var/www/html/vendor/shopware/platform/src/Storefront/Resources/views/storefront/page/wishlist/index.html.twig' is beyond a symbolic link\n","exitCode":128}
[2021-12-23 09:05:33.130] [exthost] [error] {"message":"Git error","stdout":"","stderr":"fatal: pathspec '/var/www/html/vendor/shopware/platform/src/Storefront/Resources/views/storefront/page/wishlist/index.html.twig' is beyond a symbolic link\n","exitCode":128}
[2021-12-23 09:05:33.130] [exthost] [error] {"message":"Git error","stdout":"","stderr":"fatal: pathspec '/var/www/html/vendor/shopware/platform/src/Storefront/Resources/views/storefront/page/wishlist/index.html.twig' is beyond a symbolic link\n","exitCode":128}
[2021-12-23 09:17:58.772] [exthost] [error] {"message":"Git error","stdout":"","stderr":"fatal: pathspec '/var/www/html/vendor/shopware/platform/src/Storefront/Resources/views/storefront/section/cms-section-block-container.html.twig' is beyond a symbolic link\n","exitCode":128}
[2021-12-23 09:17:58.772] [exthost] [error] {"message":"Git error","stdout":"","stderr":"fatal: pathspec '/var/www/html/vendor/shopware/platform/src/Storefront/Resources/views/storefront/section/cms-section-block-container.html.twig' is beyond a symbolic link\n","exitCode":128}
[2021-12-23 09:17:58.772] [exthost] [error] {"message":"Git error","stdout":"","stderr":"fatal: pathspec '/var/www/html/vendor/shopware/platform/src/Storefront/Resources/views/storefront/section/cms-section-block-container.html.twig' is beyond a symbolic link\n","exitCode":128}
[2021-12-23 10:02:30.590] [exthost] [info] ExtensionService#_doActivateExtension vscode.extension-editing, startup: false, activationEvent: 'onLanguage:markdown'
[2021-12-23 10:02:30.643] [exthost] [info] ExtensionService#_doActivateExtension vscode.markdown-language-features, startup: false, activationEvent: 'onLanguage:markdown'
[2021-12-23 10:02:30.895] [exthost] [info] ExtensionService#_doActivateExtension vscode.markdown-math, startup: false, activationEvent: 'api', root cause: vscode.markdown-language-features
