[2021-12-21 08:14:45.678] [exthost] [info] Extension host with pid 1094 started
[2021-12-21 08:14:45.695] [exthost] [info] Lock '/var/www/.vscode-server/data/User/workspaceStorage/40d9a2f1d021964133be52b46957053c/vscode.lock': Lock acquired.
[2021-12-21 08:14:45.818] [exthost] [info] ExtensionService#_doActivateExtension vscode.css-language-features, startup: false, activationEvent: 'onLanguage:scss'
[2021-12-21 08:14:45.910] [exthost] [info] ExtensionService#_doActivateExtension vscode.debug-auto-launch, startup: true, activationEvent: '*'
[2021-12-21 08:14:45.933] [exthost] [info] ExtensionService#_doActivateExtension vscode.git-base, startup: true, activationEvent: '*', root cause: vscode.github
[2021-12-21 08:14:45.942] [exthost] [info] ExtensionService#_doActivateExtension HookyQR.beautify, startup: true, activationEvent: '*'
[2021-12-21 08:14:46.063] [exthost] [info] ExtensionService#_doActivateExtension mblode.twig-language, startup: true, activationEvent: '*'
[2021-12-21 08:14:46.229] [exthost] [info] ExtensionService#_doActivateExtension vscode.git, startup: true, activationEvent: '*'
[2021-12-21 08:14:46.400] [exthost] [info] ExtensionService#_doActivateExtension vscode.github, startup: true, activationEvent: '*'
[2021-12-21 08:14:46.708] [exthost] [info] ExtensionService#_doActivateExtension vscode.emmet, startup: false, activationEvent: 'onStartupFinished'
[2021-12-21 08:14:46.739] [exthost] [info] ExtensionService#_doActivateExtension vscode.merge-conflict, startup: false, activationEvent: 'onStartupFinished'
[2021-12-21 08:14:46.780] [exthost] [info] Eager extensions activated
[2021-12-21 08:14:47.472] [exthost] [error] {"message":"Git error","stdout":"","stderr":"fatal: Pathspec '/var/www/html/custom/plugins/HishamTest/src/Resources/theme.json' is in submodule 'html'\n","exitCode":128,"gitErrorCode":"IsInSubmodule"}
[2021-12-21 08:14:47.472] [exthost] [error] {"message":"Git error","stdout":"","stderr":"fatal: Pathspec '/var/www/html/custom/plugins/HishamTest/src/Resources/theme.json' is in submodule 'html'\n","exitCode":128,"gitErrorCode":"IsInSubmodule"}
[2021-12-21 08:14:47.472] [exthost] [error] {"message":"Git error","stdout":"","stderr":"fatal: Pathspec '/var/www/html/custom/plugins/HishamTest/src/Resources/theme.json' is in submodule 'html'\n","exitCode":128,"gitErrorCode":"IsInSubmodule"}
[2021-12-21 08:14:47.472] [exthost] [error] {"message":"Git error","stdout":"","stderr":"fatal: Pathspec '/var/www/html/custom/plugins/HishamTest/src/Resources/theme.json' is in submodule 'html'\n","exitCode":128,"gitErrorCode":"IsInSubmodule"}
[2021-12-21 08:14:47.472] [exthost] [error] {"message":"Git error","stdout":"","stderr":"fatal: Pathspec '/var/www/html/custom/plugins/HishamTest/src/Resources/theme.json' is in submodule 'html'\n","exitCode":128,"gitErrorCode":"IsInSubmodule"}
[2021-12-21 08:14:47.472] [exthost] [error] {"message":"Git error","stdout":"","stderr":"fatal: Pathspec '/var/www/html/custom/plugins/HishamTest/src/Resources/theme.json' is in submodule 'html'\n","exitCode":128,"gitErrorCode":"IsInSubmodule"}
[2021-12-21 08:14:47.472] [exthost] [error] {"message":"Git error","stdout":"","stderr":"fatal: Pathspec '/var/www/html/custom/plugins/HishamTest/src/Resources/theme.json' is in submodule 'html'\n","exitCode":128,"gitErrorCode":"IsInSubmodule"}
[2021-12-21 08:14:47.472] [exthost] [error] {"message":"Git error","stdout":"","stderr":"fatal: Pathspec '/var/www/html/custom/plugins/HishamTest/src/Resources/theme.json' is in submodule 'html'\n","exitCode":128,"gitErrorCode":"IsInSubmodule"}
[2021-12-21 08:14:47.472] [exthost] [error] {"message":"Git error","stdout":"","stderr":"fatal: Pathspec '/var/www/html/custom/plugins/HishamTest/src/Resources/theme.json' is in submodule 'html'\n","exitCode":128,"gitErrorCode":"IsInSubmodule"}
[2021-12-21 08:14:47.472] [exthost] [error] {"message":"Git error","stdout":"","stderr":"fatal: Pathspec '/var/www/html/custom/plugins/HishamTest/src/Resources/theme.json' is in submodule 'html'\n","exitCode":128,"gitErrorCode":"IsInSubmodule"}
[2021-12-21 08:14:47.472] [exthost] [error] {"message":"Git error","stdout":"","stderr":"fatal: Pathspec '/var/www/html/custom/plugins/HishamTest/src/Resources/theme.json' is in submodule 'html'\n","exitCode":128,"gitErrorCode":"IsInSubmodule"}
[2021-12-21 08:14:47.472] [exthost] [error] {"message":"Git error","stdout":"","stderr":"fatal: Pathspec '/var/www/html/custom/plugins/HishamTest/src/Resources/theme.json' is in submodule 'html'\n","exitCode":128,"gitErrorCode":"IsInSubmodule"}
[2021-12-21 08:14:47.472] [exthost] [error] {"message":"Git error","stdout":"","stderr":"fatal: Pathspec '/var/www/html/custom/plugins/HishamTest/src/Resources/theme.json' is in submodule 'html'\n","exitCode":128,"gitErrorCode":"IsInSubmodule"}
[2021-12-21 08:14:47.472] [exthost] [error] {"message":"Git error","stdout":"","stderr":"fatal: Pathspec '/var/www/html/custom/plugins/HishamTest/src/Resources/theme.json' is in submodule 'html'\n","exitCode":128,"gitErrorCode":"IsInSubmodule"}
[2021-12-21 08:14:47.472] [exthost] [error] {"message":"Git error","stdout":"","stderr":"fatal: Pathspec '/var/www/html/custom/plugins/HishamTest/src/Resources/theme.json' is in submodule 'html'\n","exitCode":128,"gitErrorCode":"IsInSubmodule"}
[2021-12-21 08:14:47.472] [exthost] [error] {"message":"Git error","stdout":"","stderr":"fatal: Pathspec '/var/www/html/custom/plugins/HishamTest/src/Resources/theme.json' is in submodule 'html'\n","exitCode":128,"gitErrorCode":"IsInSubmodule"}
[2021-12-21 08:14:47.472] [exthost] [error] {"message":"Git error","stdout":"","stderr":"fatal: Pathspec '/var/www/html/custom/plugins/HishamTest/src/Resources/theme.json' is in submodule 'html'\n","exitCode":128,"gitErrorCode":"IsInSubmodule"}
[2021-12-21 08:14:47.472] [exthost] [error] {"message":"Git error","stdout":"","stderr":"fatal: Pathspec '/var/www/html/custom/plugins/HishamTest/src/Resources/theme.json' is in submodule 'html'\n","exitCode":128,"gitErrorCode":"IsInSubmodule"}
[2021-12-21 08:14:47.472] [exthost] [error] {"message":"Git error","stdout":"","stderr":"fatal: Pathspec '/var/www/html/custom/plugins/HishamTest/src/Resources/theme.json' is in submodule 'html'\n","exitCode":128,"gitErrorCode":"IsInSubmodule"}
[2021-12-21 08:14:47.472] [exthost] [error] {"message":"Git error","stdout":"","stderr":"fatal: Pathspec '/var/www/html/custom/plugins/HishamTest/src/Resources/theme.json' is in submodule 'html'\n","exitCode":128,"gitErrorCode":"IsInSubmodule"}
[2021-12-21 08:14:47.472] [exthost] [error] {"message":"Git error","stdout":"","stderr":"fatal: Pathspec '/var/www/html/custom/plugins/HishamTest/src/Resources/theme.json' is in submodule 'html'\n","exitCode":128,"gitErrorCode":"IsInSubmodule"}
[2021-12-21 08:14:47.472] [exthost] [error] {"message":"Git error","stdout":"","stderr":"fatal: Pathspec '/var/www/html/custom/plugins/HishamTest/src/Resources/theme.json' is in submodule 'html'\n","exitCode":128,"gitErrorCode":"IsInSubmodule"}
[2021-12-21 08:14:47.472] [exthost] [error] {"message":"Git error","stdout":"","stderr":"fatal: Pathspec '/var/www/html/custom/plugins/HishamTest/src/Resources/theme.json' is in submodule 'html'\n","exitCode":128,"gitErrorCode":"IsInSubmodule"}
[2021-12-21 08:14:47.472] [exthost] [error] {"message":"Git error","stdout":"","stderr":"fatal: Pathspec '/var/www/html/custom/plugins/HishamTest/src/Resources/theme.json' is in submodule 'html'\n","exitCode":128,"gitErrorCode":"IsInSubmodule"}
[2021-12-21 08:14:47.472] [exthost] [error] {"message":"Git error","stdout":"","stderr":"fatal: Pathspec '/var/www/html/custom/plugins/HishamTest/src/Resources/theme.json' is in submodule 'html'\n","exitCode":128,"gitErrorCode":"IsInSubmodule"}
[2021-12-21 08:14:47.472] [exthost] [error] {"message":"Git error","stdout":"","stderr":"fatal: Pathspec '/var/www/html/custom/plugins/HishamTest/src/Resources/theme.json' is in submodule 'html'\n","exitCode":128,"gitErrorCode":"IsInSubmodule"}
[2021-12-21 08:14:47.472] [exthost] [error] {"message":"Git error","stdout":"","stderr":"fatal: Pathspec '/var/www/html/custom/plugins/HishamTest/src/Resources/theme.json' is in submodule 'html'\n","exitCode":128,"gitErrorCode":"IsInSubmodule"}
[2021-12-21 08:14:47.472] [exthost] [error] {"message":"Git error","stdout":"","stderr":"fatal: Pathspec '/var/www/html/custom/plugins/HishamTest/src/Resources/theme.json' is in submodule 'html'\n","exitCode":128,"gitErrorCode":"IsInSubmodule"}
[2021-12-21 08:14:47.472] [exthost] [error] {"message":"Git error","stdout":"","stderr":"fatal: Pathspec '/var/www/html/custom/plugins/HishamTest/src/Resources/theme.json' is in submodule 'html'\n","exitCode":128,"gitErrorCode":"IsInSubmodule"}
[2021-12-21 08:14:47.472] [exthost] [error] {"message":"Git error","stdout":"","stderr":"fatal: Pathspec '/var/www/html/custom/plugins/HishamTest/src/Resources/theme.json' is in submodule 'html'\n","exitCode":128,"gitErrorCode":"IsInSubmodule"}
[2021-12-21 08:14:47.472] [exthost] [error] {"message":"Git error","stdout":"","stderr":"fatal: Pathspec '/var/www/html/custom/plugins/HishamTest/src/Resources/theme.json' is in submodule 'html'\n","exitCode":128,"gitErrorCode":"IsInSubmodule"}
[2021-12-21 08:14:47.472] [exthost] [error] {"message":"Git error","stdout":"","stderr":"fatal: Pathspec '/var/www/html/custom/plugins/HishamTest/src/Resources/theme.json' is in submodule 'html'\n","exitCode":128,"gitErrorCode":"IsInSubmodule"}
[2021-12-21 08:14:47.472] [exthost] [error] {"message":"Git error","stdout":"","stderr":"fatal: Pathspec '/var/www/html/custom/plugins/HishamTest/src/Resources/theme.json' is in submodule 'html'\n","exitCode":128,"gitErrorCode":"IsInSubmodule"}
[2021-12-21 08:14:47.472] [exthost] [error] {"message":"Git error","stdout":"","stderr":"fatal: Pathspec '/var/www/html/custom/plugins/HishamTest/src/Resources/theme.json' is in submodule 'html'\n","exitCode":128,"gitErrorCode":"IsInSubmodule"}
[2021-12-21 08:14:47.472] [exthost] [error] {"message":"Git error","stdout":"","stderr":"fatal: Pathspec '/var/www/html/custom/plugins/HishamTest/src/Resources/theme.json' is in submodule 'html'\n","exitCode":128,"gitErrorCode":"IsInSubmodule"}
[2021-12-21 08:14:47.472] [exthost] [error] {"message":"Git error","stdout":"","stderr":"fatal: Pathspec '/var/www/html/custom/plugins/HishamTest/src/Resources/theme.json' is in submodule 'html'\n","exitCode":128,"gitErrorCode":"IsInSubmodule"}
[2021-12-21 08:14:47.472] [exthost] [error] {"message":"Git error","stdout":"","stderr":"fatal: Pathspec '/var/www/html/custom/plugins/HishamTest/src/Resources/theme.json' is in submodule 'html'\n","exitCode":128,"gitErrorCode":"IsInSubmodule"}
[2021-12-21 08:14:47.472] [exthost] [error] {"message":"Git error","stdout":"","stderr":"fatal: Pathspec '/var/www/html/custom/plugins/HishamTest/src/Resources/theme.json' is in submodule 'html'\n","exitCode":128,"gitErrorCode":"IsInSubmodule"}
[2021-12-21 08:14:47.472] [exthost] [error] {"message":"Git error","stdout":"","stderr":"fatal: Pathspec '/var/www/html/custom/plugins/HishamTest/src/Resources/theme.json' is in submodule 'html'\n","exitCode":128,"gitErrorCode":"IsInSubmodule"}
[2021-12-21 08:14:47.472] [exthost] [error] {"message":"Git error","stdout":"","stderr":"fatal: Pathspec '/var/www/html/custom/plugins/HishamTest/src/Resources/theme.json' is in submodule 'html'\n","exitCode":128,"gitErrorCode":"IsInSubmodule"}
[2021-12-21 08:14:47.472] [exthost] [error] {"message":"Git error","stdout":"","stderr":"fatal: Pathspec '/var/www/html/custom/plugins/HishamTest/src/Resources/theme.json' is in submodule 'html'\n","exitCode":128,"gitErrorCode":"IsInSubmodule"}
[2021-12-21 08:14:47.472] [exthost] [error] {"message":"Git error","stdout":"","stderr":"fatal: Pathspec '/var/www/html/custom/plugins/HishamTest/src/Resources/theme.json' is in submodule 'html'\n","exitCode":128,"gitErrorCode":"IsInSubmodule"}
[2021-12-21 08:14:47.472] [exthost] [error] {"message":"Git error","stdout":"","stderr":"fatal: Pathspec '/var/www/html/custom/plugins/HishamTest/src/Resources/theme.json' is in submodule 'html'\n","exitCode":128,"gitErrorCode":"IsInSubmodule"}
[2021-12-21 08:14:47.472] [exthost] [error] {"message":"Git error","stdout":"","stderr":"fatal: Pathspec '/var/www/html/custom/plugins/HishamTest/src/Resources/theme.json' is in submodule 'html'\n","exitCode":128,"gitErrorCode":"IsInSubmodule"}
[2021-12-21 08:14:47.472] [exthost] [error] {"message":"Git error","stdout":"","stderr":"fatal: Pathspec '/var/www/html/custom/plugins/HishamTest/src/Resources/theme.json' is in submodule 'html'\n","exitCode":128,"gitErrorCode":"IsInSubmodule"}
[2021-12-21 08:14:47.472] [exthost] [error] {"message":"Git error","stdout":"","stderr":"fatal: Pathspec '/var/www/html/custom/plugins/HishamTest/src/Resources/theme.json' is in submodule 'html'\n","exitCode":128,"gitErrorCode":"IsInSubmodule"}
[2021-12-21 08:14:47.472] [exthost] [error] {"message":"Git error","stdout":"","stderr":"fatal: Pathspec '/var/www/html/custom/plugins/HishamTest/src/Resources/theme.json' is in submodule 'html'\n","exitCode":128,"gitErrorCode":"IsInSubmodule"}
[2021-12-21 08:14:47.472] [exthost] [error] {"message":"Git error","stdout":"","stderr":"fatal: Pathspec '/var/www/html/custom/plugins/HishamTest/src/Resources/theme.json' is in submodule 'html'\n","exitCode":128,"gitErrorCode":"IsInSubmodule"}
[2021-12-21 08:14:47.472] [exthost] [error] {"message":"Git error","stdout":"","stderr":"fatal: Pathspec '/var/www/html/custom/plugins/HishamTest/src/Resources/theme.json' is in submodule 'html'\n","exitCode":128,"gitErrorCode":"IsInSubmodule"}
[2021-12-21 08:14:47.472] [exthost] [error] {"message":"Git error","stdout":"","stderr":"fatal: Pathspec '/var/www/html/custom/plugins/HishamTest/src/Resources/theme.json' is in submodule 'html'\n","exitCode":128,"gitErrorCode":"IsInSubmodule"}
[2021-12-21 08:14:47.472] [exthost] [error] {"message":"Git error","stdout":"","stderr":"fatal: Pathspec '/var/www/html/custom/plugins/HishamTest/src/Resources/theme.json' is in submodule 'html'\n","exitCode":128,"gitErrorCode":"IsInSubmodule"}
[2021-12-21 08:14:47.472] [exthost] [error] {"message":"Git error","stdout":"","stderr":"fatal: Pathspec '/var/www/html/custom/plugins/HishamTest/src/Resources/theme.json' is in submodule 'html'\n","exitCode":128,"gitErrorCode":"IsInSubmodule"}
[2021-12-21 08:14:47.472] [exthost] [error] {"message":"Git error","stdout":"","stderr":"fatal: Pathspec '/var/www/html/custom/plugins/HishamTest/src/Resources/theme.json' is in submodule 'html'\n","exitCode":128,"gitErrorCode":"IsInSubmodule"}
[2021-12-21 08:14:47.472] [exthost] [error] {"message":"Git error","stdout":"","stderr":"fatal: Pathspec '/var/www/html/custom/plugins/HishamTest/src/Resources/theme.json' is in submodule 'html'\n","exitCode":128,"gitErrorCode":"IsInSubmodule"}
[2021-12-21 08:14:47.473] [exthost] [error] {"message":"Git error","stdout":"","stderr":"fatal: Pathspec '/var/www/html/custom/plugins/HishamTest/src/Resources/theme.json' is in submodule 'html'\n","exitCode":128,"gitErrorCode":"IsInSubmodule"}
[2021-12-21 08:14:47.473] [exthost] [error] {"message":"Git error","stdout":"","stderr":"fatal: Pathspec '/var/www/html/custom/plugins/HishamTest/src/Resources/theme.json' is in submodule 'html'\n","exitCode":128,"gitErrorCode":"IsInSubmodule"}
[2021-12-21 08:14:47.473] [exthost] [error] {"message":"Git error","stdout":"","stderr":"fatal: Pathspec '/var/www/html/custom/plugins/HishamTest/src/Resources/theme.json' is in submodule 'html'\n","exitCode":128,"gitErrorCode":"IsInSubmodule"}
[2021-12-21 08:14:47.473] [exthost] [error] {"message":"Git error","stdout":"","stderr":"fatal: Pathspec '/var/www/html/custom/plugins/HishamTest/src/Resources/theme.json' is in submodule 'html'\n","exitCode":128,"gitErrorCode":"IsInSubmodule"}
[2021-12-21 08:14:47.473] [exthost] [error] {"message":"Git error","stdout":"","stderr":"fatal: Pathspec '/var/www/html/custom/plugins/HishamTest/src/Resources/theme.json' is in submodule 'html'\n","exitCode":128,"gitErrorCode":"IsInSubmodule"}
[2021-12-21 08:14:47.473] [exthost] [error] {"message":"Git error","stdout":"","stderr":"fatal: Pathspec '/var/www/html/custom/plugins/HishamTest/src/Resources/theme.json' is in submodule 'html'\n","exitCode":128,"gitErrorCode":"IsInSubmodule"}
[2021-12-21 08:14:47.473] [exthost] [error] {"message":"Git error","stdout":"","stderr":"fatal: Pathspec '/var/www/html/custom/plugins/HishamTest/src/Resources/theme.json' is in submodule 'html'\n","exitCode":128,"gitErrorCode":"IsInSubmodule"}
[2021-12-21 08:14:47.473] [exthost] [error] {"message":"Git error","stdout":"","stderr":"fatal: Pathspec '/var/www/html/custom/plugins/HishamTest/src/Resources/theme.json' is in submodule 'html'\n","exitCode":128,"gitErrorCode":"IsInSubmodule"}
[2021-12-21 08:14:47.473] [exthost] [error] {"message":"Git error","stdout":"","stderr":"fatal: Pathspec '/var/www/html/custom/plugins/HishamTest/src/Resources/theme.json' is in submodule 'html'\n","exitCode":128,"gitErrorCode":"IsInSubmodule"}
[2021-12-21 08:14:47.473] [exthost] [error] {"message":"Git error","stdout":"","stderr":"fatal: Pathspec '/var/www/html/custom/plugins/HishamTest/src/Resources/theme.json' is in submodule 'html'\n","exitCode":128,"gitErrorCode":"IsInSubmodule"}
[2021-12-21 08:14:47.473] [exthost] [error] {"message":"Git error","stdout":"","stderr":"fatal: Pathspec '/var/www/html/custom/plugins/HishamTest/src/Resources/theme.json' is in submodule 'html'\n","exitCode":128,"gitErrorCode":"IsInSubmodule"}
[2021-12-21 08:14:47.473] [exthost] [error] {"message":"Git error","stdout":"","stderr":"fatal: Pathspec '/var/www/html/custom/plugins/HishamTest/src/Resources/theme.json' is in submodule 'html'\n","exitCode":128,"gitErrorCode":"IsInSubmodule"}
[2021-12-21 08:14:47.473] [exthost] [error] {"message":"Git error","stdout":"","stderr":"fatal: Pathspec '/var/www/html/custom/plugins/HishamTest/src/Resources/theme.json' is in submodule 'html'\n","exitCode":128,"gitErrorCode":"IsInSubmodule"}
[2021-12-21 08:14:47.473] [exthost] [error] {"message":"Git error","stdout":"","stderr":"fatal: Pathspec '/var/www/html/custom/plugins/HishamTest/src/Resources/theme.json' is in submodule 'html'\n","exitCode":128,"gitErrorCode":"IsInSubmodule"}
[2021-12-21 08:14:47.473] [exthost] [error] {"message":"Git error","stdout":"","stderr":"fatal: Pathspec '/var/www/html/custom/plugins/HishamTest/src/Resources/theme.json' is in submodule 'html'\n","exitCode":128,"gitErrorCode":"IsInSubmodule"}
[2021-12-21 08:14:47.473] [exthost] [error] {"message":"Git error","stdout":"","stderr":"fatal: Pathspec '/var/www/html/custom/plugins/HishamTest/src/Resources/theme.json' is in submodule 'html'\n","exitCode":128,"gitErrorCode":"IsInSubmodule"}
[2021-12-21 08:14:47.473] [exthost] [error] {"message":"Git error","stdout":"","stderr":"fatal: Pathspec '/var/www/html/custom/plugins/HishamTest/src/Resources/theme.json' is in submodule 'html'\n","exitCode":128,"gitErrorCode":"IsInSubmodule"}
[2021-12-21 08:14:47.473] [exthost] [error] {"message":"Git error","stdout":"","stderr":"fatal: Pathspec '/var/www/html/custom/plugins/HishamTest/src/Resources/theme.json' is in submodule 'html'\n","exitCode":128,"gitErrorCode":"IsInSubmodule"}
[2021-12-21 08:14:47.473] [exthost] [error] {"message":"Git error","stdout":"","stderr":"fatal: Pathspec '/var/www/html/custom/plugins/HishamTest/src/Resources/theme.json' is in submodule 'html'\n","exitCode":128,"gitErrorCode":"IsInSubmodule"}
[2021-12-21 08:14:47.473] [exthost] [error] {"message":"Git error","stdout":"","stderr":"fatal: Pathspec '/var/www/html/custom/plugins/HishamTest/src/Resources/theme.json' is in submodule 'html'\n","exitCode":128,"gitErrorCode":"IsInSubmodule"}
[2021-12-21 08:14:47.473] [exthost] [error] {"message":"Git error","stdout":"","stderr":"fatal: Pathspec '/var/www/html/custom/plugins/HishamTest/src/Resources/theme.json' is in submodule 'html'\n","exitCode":128,"gitErrorCode":"IsInSubmodule"}
[2021-12-21 08:14:47.473] [exthost] [error] {"message":"Git error","stdout":"","stderr":"fatal: Pathspec '/var/www/html/custom/plugins/HishamTest/src/Resources/theme.json' is in submodule 'html'\n","exitCode":128,"gitErrorCode":"IsInSubmodule"}
[2021-12-21 08:16:00.028] [exthost] [error] {"message":"Git error","stdout":"","stderr":"fatal: Pathspec '/var/www/html/files' is in submodule 'html'\n","exitCode":128,"gitErrorCode":"IsInSubmodule"}
[2021-12-21 08:16:00.028] [exthost] [error] {"message":"Git error","stdout":"","stderr":"fatal: Pathspec '/var/www/html/files' is in submodule 'html'\n","exitCode":128,"gitErrorCode":"IsInSubmodule"}
[2021-12-21 08:16:01.086] [exthost] [error] {"message":"Git error","stdout":"","stderr":"fatal: Pathspec '/var/www/html/public' is in submodule 'html'\n","exitCode":128,"gitErrorCode":"IsInSubmodule"}
[2021-12-21 08:16:01.086] [exthost] [error] {"message":"Git error","stdout":"","stderr":"fatal: Pathspec '/var/www/html/public' is in submodule 'html'\n","exitCode":128,"gitErrorCode":"IsInSubmodule"}
[2021-12-21 08:16:01.086] [exthost] [error] {"message":"Git error","stdout":"","stderr":"fatal: Pathspec '/var/www/html/public' is in submodule 'html'\n","exitCode":128,"gitErrorCode":"IsInSubmodule"}
[2021-12-21 08:16:01.086] [exthost] [error] {"message":"Git error","stdout":"","stderr":"fatal: Pathspec '/var/www/html/public' is in submodule 'html'\n","exitCode":128,"gitErrorCode":"IsInSubmodule"}
[2021-12-21 08:16:01.086] [exthost] [error] {"message":"Git error","stdout":"","stderr":"fatal: Pathspec '/var/www/html/public' is in submodule 'html'\n","exitCode":128,"gitErrorCode":"IsInSubmodule"}
[2021-12-21 08:16:01.086] [exthost] [error] {"message":"Git error","stdout":"","stderr":"fatal: Pathspec '/var/www/html/public' is in submodule 'html'\n","exitCode":128,"gitErrorCode":"IsInSubmodule"}
[2021-12-21 08:16:01.086] [exthost] [error] {"message":"Git error","stdout":"","stderr":"fatal: Pathspec '/var/www/html/public' is in submodule 'html'\n","exitCode":128,"gitErrorCode":"IsInSubmodule"}
[2021-12-21 08:16:03.910] [exthost] [error] {"message":"Git error","stdout":"","stderr":"fatal: Pathspec '/var/www/html/dev-ops/administration' is in submodule 'html'\n","exitCode":128,"gitErrorCode":"IsInSubmodule"}
[2021-12-21 08:16:03.910] [exthost] [error] {"message":"Git error","stdout":"","stderr":"fatal: Pathspec '/var/www/html/dev-ops/administration' is in submodule 'html'\n","exitCode":128,"gitErrorCode":"IsInSubmodule"}
[2021-12-21 08:16:03.910] [exthost] [error] {"message":"Git error","stdout":"","stderr":"fatal: Pathspec '/var/www/html/dev-ops/administration' is in submodule 'html'\n","exitCode":128,"gitErrorCode":"IsInSubmodule"}
[2021-12-21 08:16:03.910] [exthost] [error] {"message":"Git error","stdout":"","stderr":"fatal: Pathspec '/var/www/html/dev-ops/administration' is in submodule 'html'\n","exitCode":128,"gitErrorCode":"IsInSubmodule"}
[2021-12-21 08:16:03.910] [exthost] [error] {"message":"Git error","stdout":"","stderr":"fatal: Pathspec '/var/www/html/dev-ops/administration' is in submodule 'html'\n","exitCode":128,"gitErrorCode":"IsInSubmodule"}
[2021-12-21 08:16:03.910] [exthost] [error] {"message":"Git error","stdout":"","stderr":"fatal: Pathspec '/var/www/html/dev-ops/administration' is in submodule 'html'\n","exitCode":128,"gitErrorCode":"IsInSubmodule"}
[2021-12-21 08:16:03.910] [exthost] [error] {"message":"Git error","stdout":"","stderr":"fatal: Pathspec '/var/www/html/dev-ops/administration' is in submodule 'html'\n","exitCode":128,"gitErrorCode":"IsInSubmodule"}
[2021-12-21 08:16:03.910] [exthost] [error] {"message":"Git error","stdout":"","stderr":"fatal: Pathspec '/var/www/html/dev-ops/administration' is in submodule 'html'\n","exitCode":128,"gitErrorCode":"IsInSubmodule"}
[2021-12-21 08:16:03.910] [exthost] [error] {"message":"Git error","stdout":"","stderr":"fatal: Pathspec '/var/www/html/dev-ops/administration' is in submodule 'html'\n","exitCode":128,"gitErrorCode":"IsInSubmodule"}
[2021-12-21 08:16:08.728] [exthost] [error] {"message":"Git error","stdout":"","stderr":"fatal: Pathspec '/var/www/html/.gitignore' is in submodule 'html'\n","exitCode":128,"gitErrorCode":"IsInSubmodule"}
[2021-12-21 08:16:08.728] [exthost] [error] {"message":"Git error","stdout":"","stderr":"fatal: Pathspec '/var/www/html/.gitignore' is in submodule 'html'\n","exitCode":128,"gitErrorCode":"IsInSubmodule"}
[2021-12-21 08:16:08.728] [exthost] [error] {"message":"Git error","stdout":"","stderr":"fatal: Pathspec '/var/www/html/.gitignore' is in submodule 'html'\n","exitCode":128,"gitErrorCode":"IsInSubmodule"}
[2021-12-21 08:16:08.728] [exthost] [error] {"message":"Git error","stdout":"","stderr":"fatal: Pathspec '/var/www/html/.gitignore' is in submodule 'html'\n","exitCode":128,"gitErrorCode":"IsInSubmodule"}
[2021-12-21 08:16:08.728] [exthost] [error] {"message":"Git error","stdout":"","stderr":"fatal: Pathspec '/var/www/html/.gitignore' is in submodule 'html'\n","exitCode":128,"gitErrorCode":"IsInSubmodule"}
[2021-12-21 08:16:08.728] [exthost] [error] {"message":"Git error","stdout":"","stderr":"fatal: Pathspec '/var/www/html/.gitignore' is in submodule 'html'\n","exitCode":128,"gitErrorCode":"IsInSubmodule"}
[2021-12-21 08:16:08.728] [exthost] [error] {"message":"Git error","stdout":"","stderr":"fatal: Pathspec '/var/www/html/.gitignore' is in submodule 'html'\n","exitCode":128,"gitErrorCode":"IsInSubmodule"}
[2021-12-21 08:17:05.685] [exthost] [error] {"message":"Git error","stdout":"","stderr":"fatal: Pathspec '/var/www/html/docker-sync.yml' is in submodule 'html'\n","exitCode":128,"gitErrorCode":"IsInSubmodule"}
[2021-12-21 08:17:05.685] [exthost] [error] {"message":"Git error","stdout":"","stderr":"fatal: Pathspec '/var/www/html/docker-sync.yml' is in submodule 'html'\n","exitCode":128,"gitErrorCode":"IsInSubmodule"}
[2021-12-21 08:17:05.685] [exthost] [error] {"message":"Git error","stdout":"","stderr":"fatal: Pathspec '/var/www/html/docker-sync.yml' is in submodule 'html'\n","exitCode":128,"gitErrorCode":"IsInSubmodule"}
[2021-12-21 08:17:05.685] [exthost] [error] {"message":"Git error","stdout":"","stderr":"fatal: Pathspec '/var/www/html/docker-sync.yml' is in submodule 'html'\n","exitCode":128,"gitErrorCode":"IsInSubmodule"}
[2021-12-21 08:17:05.685] [exthost] [error] {"message":"Git error","stdout":"","stderr":"fatal: Pathspec '/var/www/html/docker-sync.yml' is in submodule 'html'\n","exitCode":128,"gitErrorCode":"IsInSubmodule"}
[2021-12-21 08:17:05.685] [exthost] [error] {"message":"Git error","stdout":"","stderr":"fatal: Pathspec '/var/www/html/docker-sync.yml' is in submodule 'html'\n","exitCode":128,"gitErrorCode":"IsInSubmodule"}
[2021-12-21 08:17:05.685] [exthost] [error] {"message":"Git error","stdout":"","stderr":"fatal: Pathspec '/var/www/html/docker-sync.yml' is in submodule 'html'\n","exitCode":128,"gitErrorCode":"IsInSubmodule"}
[2021-12-21 08:17:05.685] [exthost] [error] {"message":"Git error","stdout":"","stderr":"fatal: Pathspec '/var/www/html/docker-sync.yml' is in submodule 'html'\n","exitCode":128,"gitErrorCode":"IsInSubmodule"}
[2021-12-21 08:17:05.685] [exthost] [error] {"message":"Git error","stdout":"","stderr":"fatal: Pathspec '/var/www/html/docker-sync.yml' is in submodule 'html'\n","exitCode":128,"gitErrorCode":"IsInSubmodule"}
[2021-12-21 08:17:05.685] [exthost] [error] {"message":"Git error","stdout":"","stderr":"fatal: Pathspec '/var/www/html/docker-sync.yml' is in submodule 'html'\n","exitCode":128,"gitErrorCode":"IsInSubmodule"}
[2021-12-21 08:17:05.685] [exthost] [error] {"message":"Git error","stdout":"","stderr":"fatal: Pathspec '/var/www/html/docker-sync.yml' is in submodule 'html'\n","exitCode":128,"gitErrorCode":"IsInSubmodule"}
[2021-12-21 08:17:05.685] [exthost] [error] {"message":"Git error","stdout":"","stderr":"fatal: Pathspec '/var/www/html/docker-sync.yml' is in submodule 'html'\n","exitCode":128,"gitErrorCode":"IsInSubmodule"}
[2021-12-21 08:17:05.685] [exthost] [error] {"message":"Git error","stdout":"","stderr":"fatal: Pathspec '/var/www/html/docker-sync.yml' is in submodule 'html'\n","exitCode":128,"gitErrorCode":"IsInSubmodule"}
[2021-12-21 08:17:05.685] [exthost] [error] {"message":"Git error","stdout":"","stderr":"fatal: Pathspec '/var/www/html/docker-sync.yml' is in submodule 'html'\n","exitCode":128,"gitErrorCode":"IsInSubmodule"}
[2021-12-21 08:17:05.685] [exthost] [error] {"message":"Git error","stdout":"","stderr":"fatal: Pathspec '/var/www/html/docker-sync.yml' is in submodule 'html'\n","exitCode":128,"gitErrorCode":"IsInSubmodule"}
[2021-12-21 08:17:05.685] [exthost] [error] {"message":"Git error","stdout":"","stderr":"fatal: Pathspec '/var/www/html/docker-sync.yml' is in submodule 'html'\n","exitCode":128,"gitErrorCode":"IsInSubmodule"}
[2021-12-21 08:17:20.015] [exthost] [error] {"message":"Git error","stdout":"","stderr":"fatal: Pathspec '/var/www/html/custom/apps/.gitkeep' is in submodule 'html'\n","exitCode":128,"gitErrorCode":"IsInSubmodule"}
[2021-12-21 08:17:23.287] [exthost] [error] {"message":"Git error","stdout":"","stderr":"fatal: Pathspec '/var/www/html/config/jwt' is in submodule 'html'\n","exitCode":128,"gitErrorCode":"IsInSubmodule"}
[2021-12-21 08:17:23.287] [exthost] [error] {"message":"Git error","stdout":"","stderr":"fatal: Pathspec '/var/www/html/config/jwt' is in submodule 'html'\n","exitCode":128,"gitErrorCode":"IsInSubmodule"}
[2021-12-21 08:17:23.287] [exthost] [error] {"message":"Git error","stdout":"","stderr":"fatal: Pathspec '/var/www/html/config/jwt' is in submodule 'html'\n","exitCode":128,"gitErrorCode":"IsInSubmodule"}
[2021-12-21 08:17:25.078] [exthost] [error] {"message":"Git error","stdout":"","stderr":"fatal: Pathspec '/var/www/html/config/jwt/.gitkeep' is in submodule 'html'\n","exitCode":128,"gitErrorCode":"IsInSubmodule"}
[2021-12-21 08:17:25.078] [exthost] [error] {"message":"Git error","stdout":"","stderr":"fatal: Pathspec '/var/www/html/config/jwt/.gitkeep' is in submodule 'html'\n","exitCode":128,"gitErrorCode":"IsInSubmodule"}
[2021-12-21 08:17:25.078] [exthost] [error] {"message":"Git error","stdout":"","stderr":"fatal: Pathspec '/var/www/html/config/jwt/.gitkeep' is in submodule 'html'\n","exitCode":128,"gitErrorCode":"IsInSubmodule"}
[2021-12-21 08:17:28.900] [exthost] [error] {"message":"Git error","stdout":"","stderr":"fatal: Pathspec '/var/www/html/bin/composer.json' is in submodule 'html'\n","exitCode":128,"gitErrorCode":"IsInSubmodule"}
[2021-12-21 08:17:28.900] [exthost] [error] {"message":"Git error","stdout":"","stderr":"fatal: Pathspec '/var/www/html/bin/composer.json' is in submodule 'html'\n","exitCode":128,"gitErrorCode":"IsInSubmodule"}
[2021-12-21 08:17:28.900] [exthost] [error] {"message":"Git error","stdout":"","stderr":"fatal: Pathspec '/var/www/html/bin/composer.json' is in submodule 'html'\n","exitCode":128,"gitErrorCode":"IsInSubmodule"}
[2021-12-21 08:17:28.900] [exthost] [error] {"message":"Git error","stdout":"","stderr":"fatal: Pathspec '/var/www/html/bin/composer.json' is in submodule 'html'\n","exitCode":128,"gitErrorCode":"IsInSubmodule"}
[2021-12-21 08:17:33.188] [exthost] [error] {"message":"Git error","stdout":"","stderr":"fatal: Pathspec '/var/www/html/public/bundles' is in submodule 'html'\n","exitCode":128,"gitErrorCode":"IsInSubmodule"}
[2021-12-21 08:17:33.188] [exthost] [error] {"message":"Git error","stdout":"","stderr":"fatal: Pathspec '/var/www/html/public/bundles' is in submodule 'html'\n","exitCode":128,"gitErrorCode":"IsInSubmodule"}
[2021-12-21 08:17:33.188] [exthost] [error] {"message":"Git error","stdout":"","stderr":"fatal: Pathspec '/var/www/html/public/bundles' is in submodule 'html'\n","exitCode":128,"gitErrorCode":"IsInSubmodule"}
[2021-12-21 08:17:33.188] [exthost] [error] {"message":"Git error","stdout":"","stderr":"fatal: Pathspec '/var/www/html/public/bundles' is in submodule 'html'\n","exitCode":128,"gitErrorCode":"IsInSubmodule"}
[2021-12-21 08:17:33.188] [exthost] [error] {"message":"Git error","stdout":"","stderr":"fatal: Pathspec '/var/www/html/public/bundles' is in submodule 'html'\n","exitCode":128,"gitErrorCode":"IsInSubmodule"}
[2021-12-21 08:17:33.188] [exthost] [error] {"message":"Git error","stdout":"","stderr":"fatal: Pathspec '/var/www/html/public/bundles' is in submodule 'html'\n","exitCode":128,"gitErrorCode":"IsInSubmodule"}
[2021-12-21 08:17:33.188] [exthost] [error] {"message":"Git error","stdout":"","stderr":"fatal: Pathspec '/var/www/html/public/bundles' is in submodule 'html'\n","exitCode":128,"gitErrorCode":"IsInSubmodule"}
[2021-12-21 08:17:33.188] [exthost] [error] {"message":"Git error","stdout":"","stderr":"fatal: Pathspec '/var/www/html/public/bundles' is in submodule 'html'\n","exitCode":128,"gitErrorCode":"IsInSubmodule"}
[2021-12-21 08:17:33.188] [exthost] [error] {"message":"Git error","stdout":"","stderr":"fatal: Pathspec '/var/www/html/public/bundles' is in submodule 'html'\n","exitCode":128,"gitErrorCode":"IsInSubmodule"}
[2021-12-21 08:17:33.188] [exthost] [error] {"message":"Git error","stdout":"","stderr":"fatal: Pathspec '/var/www/html/public/bundles' is in submodule 'html'\n","exitCode":128,"gitErrorCode":"IsInSubmodule"}
[2021-12-21 08:17:33.188] [exthost] [error] {"message":"Git error","stdout":"","stderr":"fatal: Pathspec '/var/www/html/public/bundles' is in submodule 'html'\n","exitCode":128,"gitErrorCode":"IsInSubmodule"}
[2021-12-21 08:17:33.188] [exthost] [error] {"message":"Git error","stdout":"","stderr":"fatal: Pathspec '/var/www/html/public/bundles' is in submodule 'html'\n","exitCode":128,"gitErrorCode":"IsInSubmodule"}
[2021-12-21 08:17:49.720] [exthost] [error] {"message":"Git error","stdout":"","stderr":"fatal: Pathspec '/var/www/html/vendor/aws' is in submodule 'html'\n","exitCode":128,"gitErrorCode":"IsInSubmodule"}
[2021-12-21 08:17:49.720] [exthost] [error] {"message":"Git error","stdout":"","stderr":"fatal: Pathspec '/var/www/html/vendor/aws' is in submodule 'html'\n","exitCode":128,"gitErrorCode":"IsInSubmodule"}
[2021-12-21 08:17:49.720] [exthost] [error] {"message":"Git error","stdout":"","stderr":"fatal: Pathspec '/var/www/html/vendor/aws' is in submodule 'html'\n","exitCode":128,"gitErrorCode":"IsInSubmodule"}
[2021-12-21 08:17:49.720] [exthost] [error] {"message":"Git error","stdout":"","stderr":"fatal: Pathspec '/var/www/html/vendor/aws' is in submodule 'html'\n","exitCode":128,"gitErrorCode":"IsInSubmodule"}
[2021-12-21 08:17:49.720] [exthost] [error] {"message":"Git error","stdout":"","stderr":"fatal: Pathspec '/var/www/html/vendor/aws' is in submodule 'html'\n","exitCode":128,"gitErrorCode":"IsInSubmodule"}
[2021-12-21 08:17:49.720] [exthost] [error] {"message":"Git error","stdout":"","stderr":"fatal: Pathspec '/var/www/html/vendor/aws' is in submodule 'html'\n","exitCode":128,"gitErrorCode":"IsInSubmodule"}
[2021-12-21 08:17:49.720] [exthost] [error] {"message":"Git error","stdout":"","stderr":"fatal: Pathspec '/var/www/html/vendor/aws' is in submodule 'html'\n","exitCode":128,"gitErrorCode":"IsInSubmodule"}
[2021-12-21 08:17:49.720] [exthost] [error] {"message":"Git error","stdout":"","stderr":"fatal: Pathspec '/var/www/html/vendor/aws' is in submodule 'html'\n","exitCode":128,"gitErrorCode":"IsInSubmodule"}
[2021-12-21 08:17:49.720] [exthost] [error] {"message":"Git error","stdout":"","stderr":"fatal: Pathspec '/var/www/html/vendor/aws' is in submodule 'html'\n","exitCode":128,"gitErrorCode":"IsInSubmodule"}
[2021-12-21 08:17:49.720] [exthost] [error] {"message":"Git error","stdout":"","stderr":"fatal: Pathspec '/var/www/html/vendor/aws' is in submodule 'html'\n","exitCode":128,"gitErrorCode":"IsInSubmodule"}
[2021-12-21 08:17:49.720] [exthost] [error] {"message":"Git error","stdout":"","stderr":"fatal: Pathspec '/var/www/html/vendor/aws' is in submodule 'html'\n","exitCode":128,"gitErrorCode":"IsInSubmodule"}
[2021-12-21 08:17:49.720] [exthost] [error] {"message":"Git error","stdout":"","stderr":"fatal: Pathspec '/var/www/html/vendor/aws' is in submodule 'html'\n","exitCode":128,"gitErrorCode":"IsInSubmodule"}
[2021-12-21 08:17:49.720] [exthost] [error] {"message":"Git error","stdout":"","stderr":"fatal: Pathspec '/var/www/html/vendor/aws' is in submodule 'html'\n","exitCode":128,"gitErrorCode":"IsInSubmodule"}
[2021-12-21 08:17:49.720] [exthost] [error] {"message":"Git error","stdout":"","stderr":"fatal: Pathspec '/var/www/html/vendor/aws' is in submodule 'html'\n","exitCode":128,"gitErrorCode":"IsInSubmodule"}
[2021-12-21 08:17:49.721] [exthost] [error] {"message":"Git error","stdout":"","stderr":"fatal: Pathspec '/var/www/html/vendor/aws' is in submodule 'html'\n","exitCode":128,"gitErrorCode":"IsInSubmodule"}
[2021-12-21 08:17:49.721] [exthost] [error] {"message":"Git error","stdout":"","stderr":"fatal: Pathspec '/var/www/html/vendor/aws' is in submodule 'html'\n","exitCode":128,"gitErrorCode":"IsInSubmodule"}
[2021-12-21 08:17:49.721] [exthost] [error] {"message":"Git error","stdout":"","stderr":"fatal: Pathspec '/var/www/html/vendor/aws' is in submodule 'html'\n","exitCode":128,"gitErrorCode":"IsInSubmodule"}
[2021-12-21 08:17:49.721] [exthost] [error] {"message":"Git error","stdout":"","stderr":"fatal: Pathspec '/var/www/html/vendor/aws' is in submodule 'html'\n","exitCode":128,"gitErrorCode":"IsInSubmodule"}
[2021-12-21 08:17:49.721] [exthost] [error] {"message":"Git error","stdout":"","stderr":"fatal: Pathspec '/var/www/html/vendor/aws' is in submodule 'html'\n","exitCode":128,"gitErrorCode":"IsInSubmodule"}
[2021-12-21 08:17:50.742] [exthost] [error] {"message":"Git error","stdout":"","stderr":"fatal: Pathspec '/var/www/html/vendor/google' is in submodule 'html'\n","exitCode":128,"gitErrorCode":"IsInSubmodule"}
[2021-12-21 08:17:50.742] [exthost] [error] {"message":"Git error","stdout":"","stderr":"fatal: Pathspec '/var/www/html/vendor/google' is in submodule 'html'\n","exitCode":128,"gitErrorCode":"IsInSubmodule"}
[2021-12-21 08:17:50.742] [exthost] [error] {"message":"Git error","stdout":"","stderr":"fatal: Pathspec '/var/www/html/vendor/google' is in submodule 'html'\n","exitCode":128,"gitErrorCode":"IsInSubmodule"}
[2021-12-21 08:17:50.742] [exthost] [error] {"message":"Git error","stdout":"","stderr":"fatal: Pathspec '/var/www/html/vendor/google' is in submodule 'html'\n","exitCode":128,"gitErrorCode":"IsInSubmodule"}
[2021-12-21 08:17:52.932] [exthost] [error] {"message":"Git error","stdout":"","stderr":"fatal: Pathspec '/var/www/html/vendor/justinrainbow' is in submodule 'html'\n","exitCode":128,"gitErrorCode":"IsInSubmodule"}
[2021-12-21 08:17:52.932] [exthost] [error] {"message":"Git error","stdout":"","stderr":"fatal: Pathspec '/var/www/html/vendor/justinrainbow' is in submodule 'html'\n","exitCode":128,"gitErrorCode":"IsInSubmodule"}
[2021-12-21 08:17:52.932] [exthost] [error] {"message":"Git error","stdout":"","stderr":"fatal: Pathspec '/var/www/html/vendor/justinrainbow' is in submodule 'html'\n","exitCode":128,"gitErrorCode":"IsInSubmodule"}
[2021-12-21 08:17:52.932] [exthost] [error] {"message":"Git error","stdout":"","stderr":"fatal: Pathspec '/var/www/html/vendor/justinrainbow' is in submodule 'html'\n","exitCode":128,"gitErrorCode":"IsInSubmodule"}
[2021-12-21 08:17:52.932] [exthost] [error] {"message":"Git error","stdout":"","stderr":"fatal: Pathspec '/var/www/html/vendor/justinrainbow' is in submodule 'html'\n","exitCode":128,"gitErrorCode":"IsInSubmodule"}
[2021-12-21 08:17:52.932] [exthost] [error] {"message":"Git error","stdout":"","stderr":"fatal: Pathspec '/var/www/html/vendor/justinrainbow' is in submodule 'html'\n","exitCode":128,"gitErrorCode":"IsInSubmodule"}
[2021-12-21 08:17:52.932] [exthost] [error] {"message":"Git error","stdout":"","stderr":"fatal: Pathspec '/var/www/html/vendor/justinrainbow' is in submodule 'html'\n","exitCode":128,"gitErrorCode":"IsInSubmodule"}
[2021-12-21 08:17:52.932] [exthost] [error] {"message":"Git error","stdout":"","stderr":"fatal: Pathspec '/var/www/html/vendor/justinrainbow' is in submodule 'html'\n","exitCode":128,"gitErrorCode":"IsInSubmodule"}
[2021-12-21 08:17:52.932] [exthost] [error] {"message":"Git error","stdout":"","stderr":"fatal: Pathspec '/var/www/html/vendor/justinrainbow' is in submodule 'html'\n","exitCode":128,"gitErrorCode":"IsInSubmodule"}
[2021-12-21 08:17:54.664] [exthost] [error] {"message":"Git error","stdout":"","stderr":"fatal: Pathspec '/var/www/html/vendor/nikic' is in submodule 'html'\n","exitCode":128,"gitErrorCode":"IsInSubmodule"}
[2021-12-21 08:17:54.664] [exthost] [error] {"message":"Git error","stdout":"","stderr":"fatal: Pathspec '/var/www/html/vendor/nikic' is in submodule 'html'\n","exitCode":128,"gitErrorCode":"IsInSubmodule"}
[2021-12-21 08:17:54.664] [exthost] [error] {"message":"Git error","stdout":"","stderr":"fatal: Pathspec '/var/www/html/vendor/nikic' is in submodule 'html'\n","exitCode":128,"gitErrorCode":"IsInSubmodule"}
[2021-12-21 08:17:54.664] [exthost] [error] {"message":"Git error","stdout":"","stderr":"fatal: Pathspec '/var/www/html/vendor/nikic' is in submodule 'html'\n","exitCode":128,"gitErrorCode":"IsInSubmodule"}
[2021-12-21 08:17:54.664] [exthost] [error] {"message":"Git error","stdout":"","stderr":"fatal: Pathspec '/var/www/html/vendor/nikic' is in submodule 'html'\n","exitCode":128,"gitErrorCode":"IsInSubmodule"}
[2021-12-21 08:17:56.384] [exthost] [error] {"message":"Git error","stdout":"","stderr":"fatal: Pathspec '/var/www/html/vendor/paragonie' is in submodule 'html'\n","exitCode":128,"gitErrorCode":"IsInSubmodule"}
[2021-12-21 08:17:56.384] [exthost] [error] {"message":"Git error","stdout":"","stderr":"fatal: Pathspec '/var/www/html/vendor/paragonie' is in submodule 'html'\n","exitCode":128,"gitErrorCode":"IsInSubmodule"}
[2021-12-21 08:17:56.384] [exthost] [error] {"message":"Git error","stdout":"","stderr":"fatal: Pathspec '/var/www/html/vendor/paragonie' is in submodule 'html'\n","exitCode":128,"gitErrorCode":"IsInSubmodule"}
[2021-12-21 08:17:56.384] [exthost] [error] {"message":"Git error","stdout":"","stderr":"fatal: Pathspec '/var/www/html/vendor/paragonie' is in submodule 'html'\n","exitCode":128,"gitErrorCode":"IsInSubmodule"}
[2021-12-21 08:17:56.384] [exthost] [error] {"message":"Git error","stdout":"","stderr":"fatal: Pathspec '/var/www/html/vendor/paragonie' is in submodule 'html'\n","exitCode":128,"gitErrorCode":"IsInSubmodule"}
[2021-12-21 08:17:57.067] [exthost] [error] {"message":"Git error","stdout":"","stderr":"fatal: Pathspec '/var/www/html/vendor/phpspec' is in submodule 'html'\n","exitCode":128,"gitErrorCode":"IsInSubmodule"}
[2021-12-21 08:17:57.067] [exthost] [error] {"message":"Git error","stdout":"","stderr":"fatal: Pathspec '/var/www/html/vendor/phpspec' is in submodule 'html'\n","exitCode":128,"gitErrorCode":"IsInSubmodule"}
[2021-12-21 08:17:57.067] [exthost] [error] {"message":"Git error","stdout":"","stderr":"fatal: Pathspec '/var/www/html/vendor/phpspec' is in submodule 'html'\n","exitCode":128,"gitErrorCode":"IsInSubmodule"}
[2021-12-21 08:17:57.067] [exthost] [error] {"message":"Git error","stdout":"","stderr":"fatal: Pathspec '/var/www/html/vendor/phpspec' is in submodule 'html'\n","exitCode":128,"gitErrorCode":"IsInSubmodule"}
[2021-12-21 08:17:58.087] [exthost] [error] {"message":"Git error","stdout":"","stderr":"fatal: Pathspec '/var/www/html/vendor/ralouphie' is in submodule 'html'\n","exitCode":128,"gitErrorCode":"IsInSubmodule"}
[2021-12-21 08:17:58.087] [exthost] [error] {"message":"Git error","stdout":"","stderr":"fatal: Pathspec '/var/www/html/vendor/ralouphie' is in submodule 'html'\n","exitCode":128,"gitErrorCode":"IsInSubmodule"}
[2021-12-21 08:17:58.087] [exthost] [error] {"message":"Git error","stdout":"","stderr":"fatal: Pathspec '/var/www/html/vendor/ralouphie' is in submodule 'html'\n","exitCode":128,"gitErrorCode":"IsInSubmodule"}
[2021-12-21 08:17:58.087] [exthost] [error] {"message":"Git error","stdout":"","stderr":"fatal: Pathspec '/var/www/html/vendor/ralouphie' is in submodule 'html'\n","exitCode":128,"gitErrorCode":"IsInSubmodule"}
[2021-12-21 08:17:58.087] [exthost] [error] {"message":"Git error","stdout":"","stderr":"fatal: Pathspec '/var/www/html/vendor/ralouphie' is in submodule 'html'\n","exitCode":128,"gitErrorCode":"IsInSubmodule"}
[2021-12-21 08:17:58.087] [exthost] [error] {"message":"Git error","stdout":"","stderr":"fatal: Pathspec '/var/www/html/vendor/ralouphie' is in submodule 'html'\n","exitCode":128,"gitErrorCode":"IsInSubmodule"}
[2021-12-21 08:17:58.087] [exthost] [error] {"message":"Git error","stdout":"","stderr":"fatal: Pathspec '/var/www/html/vendor/ralouphie' is in submodule 'html'\n","exitCode":128,"gitErrorCode":"IsInSubmodule"}
[2021-12-21 08:17:59.037] [exthost] [error] {"message":"Git error","stdout":"","stderr":"fatal: Pathspec '/var/www/html/vendor/seld' is in submodule 'html'\n","exitCode":128,"gitErrorCode":"IsInSubmodule"}
[2021-12-21 08:17:59.038] [exthost] [error] {"message":"Git error","stdout":"","stderr":"fatal: Pathspec '/var/www/html/vendor/seld' is in submodule 'html'\n","exitCode":128,"gitErrorCode":"IsInSubmodule"}
[2021-12-21 08:17:59.038] [exthost] [error] {"message":"Git error","stdout":"","stderr":"fatal: Pathspec '/var/www/html/vendor/seld' is in submodule 'html'\n","exitCode":128,"gitErrorCode":"IsInSubmodule"}
[2021-12-21 08:17:59.038] [exthost] [error] {"message":"Git error","stdout":"","stderr":"fatal: Pathspec '/var/www/html/vendor/seld' is in submodule 'html'\n","exitCode":128,"gitErrorCode":"IsInSubmodule"}
[2021-12-21 08:18:02.495] [exthost] [error] {"message":"Git error","stdout":"","stderr":"fatal: Pathspec '/var/www/html/vendor/sroze' is in submodule 'html'\n","exitCode":128,"gitErrorCode":"IsInSubmodule"}
[2021-12-21 08:18:02.495] [exthost] [error] {"message":"Git error","stdout":"","stderr":"fatal: Pathspec '/var/www/html/vendor/sroze' is in submodule 'html'\n","exitCode":128,"gitErrorCode":"IsInSubmodule"}
[2021-12-21 08:18:02.495] [exthost] [error] {"message":"Git error","stdout":"","stderr":"fatal: Pathspec '/var/www/html/vendor/sroze' is in submodule 'html'\n","exitCode":128,"gitErrorCode":"IsInSubmodule"}
[2021-12-21 08:18:03.649] [exthost] [error] {"message":"Git error","stdout":"","stderr":"fatal: Pathspec '/var/www/html/vendor/tecnickcom' is in submodule 'html'\n","exitCode":128,"gitErrorCode":"IsInSubmodule"}
[2021-12-21 08:18:03.649] [exthost] [error] {"message":"Git error","stdout":"","stderr":"fatal: Pathspec '/var/www/html/vendor/tecnickcom' is in submodule 'html'\n","exitCode":128,"gitErrorCode":"IsInSubmodule"}
[2021-12-21 08:18:03.649] [exthost] [error] {"message":"Git error","stdout":"","stderr":"fatal: Pathspec '/var/www/html/vendor/tecnickcom' is in submodule 'html'\n","exitCode":128,"gitErrorCode":"IsInSubmodule"}
[2021-12-21 08:18:03.649] [exthost] [error] {"message":"Git error","stdout":"","stderr":"fatal: Pathspec '/var/www/html/vendor/tecnickcom' is in submodule 'html'\n","exitCode":128,"gitErrorCode":"IsInSubmodule"}
[2021-12-21 08:18:05.146] [exthost] [error] {"message":"Git error","stdout":"","stderr":"fatal: Pathspec '/var/www/html/vendor/react/promise' is in submodule 'html'\n","exitCode":128,"gitErrorCode":"IsInSubmodule"}
[2021-12-21 08:18:05.147] [exthost] [error] {"message":"Git error","stdout":"","stderr":"fatal: Pathspec '/var/www/html/vendor/react/promise' is in submodule 'html'\n","exitCode":128,"gitErrorCode":"IsInSubmodule"}
[2021-12-21 08:18:05.147] [exthost] [error] {"message":"Git error","stdout":"","stderr":"fatal: Pathspec '/var/www/html/vendor/react/promise' is in submodule 'html'\n","exitCode":128,"gitErrorCode":"IsInSubmodule"}
[2021-12-21 08:18:05.147] [exthost] [error] {"message":"Git error","stdout":"","stderr":"fatal: Pathspec '/var/www/html/vendor/react/promise' is in submodule 'html'\n","exitCode":128,"gitErrorCode":"IsInSubmodule"}
[2021-12-21 08:18:05.147] [exthost] [error] {"message":"Git error","stdout":"","stderr":"fatal: Pathspec '/var/www/html/vendor/react/promise' is in submodule 'html'\n","exitCode":128,"gitErrorCode":"IsInSubmodule"}
[2021-12-21 08:18:05.147] [exthost] [error] {"message":"Git error","stdout":"","stderr":"fatal: Pathspec '/var/www/html/vendor/react/promise' is in submodule 'html'\n","exitCode":128,"gitErrorCode":"IsInSubmodule"}
[2021-12-21 08:18:07.128] [exthost] [error] {"message":"Git error","stdout":"","stderr":"fatal: Pathspec '/var/www/html/vendor/react/promise/src/Exception' is in submodule 'html'\n","exitCode":128,"gitErrorCode":"IsInSubmodule"}
[2021-12-21 08:18:07.128] [exthost] [error] {"message":"Git error","stdout":"","stderr":"fatal: Pathspec '/var/www/html/vendor/react/promise/src/Exception' is in submodule 'html'\n","exitCode":128,"gitErrorCode":"IsInSubmodule"}
[2021-12-21 08:18:07.128] [exthost] [error] {"message":"Git error","stdout":"","stderr":"fatal: Pathspec '/var/www/html/vendor/react/promise/src/Exception' is in submodule 'html'\n","exitCode":128,"gitErrorCode":"IsInSubmodule"}
[2021-12-21 08:18:07.128] [exthost] [error] {"message":"Git error","stdout":"","stderr":"fatal: Pathspec '/var/www/html/vendor/react/promise/src/Exception' is in submodule 'html'\n","exitCode":128,"gitErrorCode":"IsInSubmodule"}
[2021-12-21 08:18:07.128] [exthost] [error] {"message":"Git error","stdout":"","stderr":"fatal: Pathspec '/var/www/html/vendor/react/promise/src/Exception' is in submodule 'html'\n","exitCode":128,"gitErrorCode":"IsInSubmodule"}
[2021-12-21 08:18:07.128] [exthost] [error] {"message":"Git error","stdout":"","stderr":"fatal: Pathspec '/var/www/html/vendor/react/promise/src/Exception' is in submodule 'html'\n","exitCode":128,"gitErrorCode":"IsInSubmodule"}
[2021-12-21 08:18:07.128] [exthost] [error] {"message":"Git error","stdout":"","stderr":"fatal: Pathspec '/var/www/html/vendor/react/promise/src/Exception' is in submodule 'html'\n","exitCode":128,"gitErrorCode":"IsInSubmodule"}
[2021-12-21 08:18:07.128] [exthost] [error] {"message":"Git error","stdout":"","stderr":"fatal: Pathspec '/var/www/html/vendor/react/promise/src/Exception' is in submodule 'html'\n","exitCode":128,"gitErrorCode":"IsInSubmodule"}
[2021-12-21 08:18:07.128] [exthost] [error] {"message":"Git error","stdout":"","stderr":"fatal: Pathspec '/var/www/html/vendor/react/promise/src/Exception' is in submodule 'html'\n","exitCode":128,"gitErrorCode":"IsInSubmodule"}
[2021-12-21 08:18:07.128] [exthost] [error] {"message":"Git error","stdout":"","stderr":"fatal: Pathspec '/var/www/html/vendor/react/promise/src/Exception' is in submodule 'html'\n","exitCode":128,"gitErrorCode":"IsInSubmodule"}
[2021-12-21 08:18:07.128] [exthost] [error] {"message":"Git error","stdout":"","stderr":"fatal: Pathspec '/var/www/html/vendor/react/promise/src/Exception' is in submodule 'html'\n","exitCode":128,"gitErrorCode":"IsInSubmodule"}
[2021-12-21 08:18:07.128] [exthost] [error] {"message":"Git error","stdout":"","stderr":"fatal: Pathspec '/var/www/html/vendor/react/promise/src/Exception' is in submodule 'html'\n","exitCode":128,"gitErrorCode":"IsInSubmodule"}
[2021-12-21 08:18:07.128] [exthost] [error] {"message":"Git error","stdout":"","stderr":"fatal: Pathspec '/var/www/html/vendor/react/promise/src/Exception' is in submodule 'html'\n","exitCode":128,"gitErrorCode":"IsInSubmodule"}
[2021-12-21 08:18:07.128] [exthost] [error] {"message":"Git error","stdout":"","stderr":"fatal: Pathspec '/var/www/html/vendor/react/promise/src/Exception' is in submodule 'html'\n","exitCode":128,"gitErrorCode":"IsInSubmodule"}
[2021-12-21 08:18:09.672] [exthost] [error] {"message":"Git error","stdout":"","stderr":"fatal: Pathspec '/var/www/html/vendor/webmozart' is in submodule 'html'\n","exitCode":128,"gitErrorCode":"IsInSubmodule"}
[2021-12-21 08:18:09.672] [exthost] [error] {"message":"Git error","stdout":"","stderr":"fatal: Pathspec '/var/www/html/vendor/webmozart' is in submodule 'html'\n","exitCode":128,"gitErrorCode":"IsInSubmodule"}
[2021-12-21 08:18:09.672] [exthost] [error] {"message":"Git error","stdout":"","stderr":"fatal: Pathspec '/var/www/html/vendor/webmozart' is in submodule 'html'\n","exitCode":128,"gitErrorCode":"IsInSubmodule"}
[2021-12-21 08:18:10.811] [exthost] [error] {"message":"Git error","stdout":"","stderr":"fatal: Pathspec '/var/www/html/vendor/rize/uri-template' is in submodule 'html'\n","exitCode":128,"gitErrorCode":"IsInSubmodule"}
[2021-12-21 08:18:10.811] [exthost] [error] {"message":"Git error","stdout":"","stderr":"fatal: Pathspec '/var/www/html/vendor/rize/uri-template' is in submodule 'html'\n","exitCode":128,"gitErrorCode":"IsInSubmodule"}
[2021-12-21 08:18:10.811] [exthost] [error] {"message":"Git error","stdout":"","stderr":"fatal: Pathspec '/var/www/html/vendor/rize/uri-template' is in submodule 'html'\n","exitCode":128,"gitErrorCode":"IsInSubmodule"}
[2021-12-21 08:18:10.811] [exthost] [error] {"message":"Git error","stdout":"","stderr":"fatal: Pathspec '/var/www/html/vendor/rize/uri-template' is in submodule 'html'\n","exitCode":128,"gitErrorCode":"IsInSubmodule"}
[2021-12-21 08:18:10.811] [exthost] [error] {"message":"Git error","stdout":"","stderr":"fatal: Pathspec '/var/www/html/vendor/rize/uri-template' is in submodule 'html'\n","exitCode":128,"gitErrorCode":"IsInSubmodule"}
[2021-12-21 08:18:10.811] [exthost] [error] {"message":"Git error","stdout":"","stderr":"fatal: Pathspec '/var/www/html/vendor/rize/uri-template' is in submodule 'html'\n","exitCode":128,"gitErrorCode":"IsInSubmodule"}
[2021-12-21 08:18:10.811] [exthost] [error] {"message":"Git error","stdout":"","stderr":"fatal: Pathspec '/var/www/html/vendor/rize/uri-template' is in submodule 'html'\n","exitCode":128,"gitErrorCode":"IsInSubmodule"}
[2021-12-21 08:18:10.811] [exthost] [error] {"message":"Git error","stdout":"","stderr":"fatal: Pathspec '/var/www/html/vendor/rize/uri-template' is in submodule 'html'\n","exitCode":128,"gitErrorCode":"IsInSubmodule"}
[2021-12-21 08:18:14.204] [exthost] [error] {"message":"Git error","stdout":"","stderr":"fatal: Pathspec '/var/www/html/vendor/shopware/platform' is in submodule 'html'\n","exitCode":128,"gitErrorCode":"IsInSubmodule"}
[2021-12-21 08:18:14.204] [exthost] [error] {"message":"Git error","stdout":"","stderr":"fatal: Pathspec '/var/www/html/vendor/shopware/platform' is in submodule 'html'\n","exitCode":128,"gitErrorCode":"IsInSubmodule"}
[2021-12-21 08:18:14.204] [exthost] [error] {"message":"Git error","stdout":"","stderr":"fatal: Pathspec '/var/www/html/vendor/shopware/platform' is in submodule 'html'\n","exitCode":128,"gitErrorCode":"IsInSubmodule"}
[2021-12-21 08:18:14.204] [exthost] [error] {"message":"Git error","stdout":"","stderr":"fatal: Pathspec '/var/www/html/vendor/shopware/platform' is in submodule 'html'\n","exitCode":128,"gitErrorCode":"IsInSubmodule"}
[2021-12-21 08:18:14.204] [exthost] [error] {"message":"Git error","stdout":"","stderr":"fatal: Pathspec '/var/www/html/vendor/shopware/platform' is in submodule 'html'\n","exitCode":128,"gitErrorCode":"IsInSubmodule"}
[2021-12-21 08:18:14.204] [exthost] [error] {"message":"Git error","stdout":"","stderr":"fatal: Pathspec '/var/www/html/vendor/shopware/platform' is in submodule 'html'\n","exitCode":128,"gitErrorCode":"IsInSubmodule"}
[2021-12-21 08:18:14.204] [exthost] [error] {"message":"Git error","stdout":"","stderr":"fatal: Pathspec '/var/www/html/vendor/shopware/platform' is in submodule 'html'\n","exitCode":128,"gitErrorCode":"IsInSubmodule"}
[2021-12-21 08:18:14.204] [exthost] [error] {"message":"Git error","stdout":"","stderr":"fatal: Pathspec '/var/www/html/vendor/shopware/platform' is in submodule 'html'\n","exitCode":128,"gitErrorCode":"IsInSubmodule"}
[2021-12-21 08:18:14.204] [exthost] [error] {"message":"Git error","stdout":"","stderr":"fatal: Pathspec '/var/www/html/vendor/shopware/platform' is in submodule 'html'\n","exitCode":128,"gitErrorCode":"IsInSubmodule"}
[2021-12-21 08:18:14.204] [exthost] [error] {"message":"Git error","stdout":"","stderr":"fatal: Pathspec '/var/www/html/vendor/shopware/platform' is in submodule 'html'\n","exitCode":128,"gitErrorCode":"IsInSubmodule"}
[2021-12-21 08:18:14.204] [exthost] [error] {"message":"Git error","stdout":"","stderr":"fatal: Pathspec '/var/www/html/vendor/shopware/platform' is in submodule 'html'\n","exitCode":128,"gitErrorCode":"IsInSubmodule"}
[2021-12-21 08:18:14.204] [exthost] [error] {"message":"Git error","stdout":"","stderr":"fatal: Pathspec '/var/www/html/vendor/shopware/platform' is in submodule 'html'\n","exitCode":128,"gitErrorCode":"IsInSubmodule"}
[2021-12-21 08:18:14.204] [exthost] [error] {"message":"Git error","stdout":"","stderr":"fatal: Pathspec '/var/www/html/vendor/shopware/platform' is in submodule 'html'\n","exitCode":128,"gitErrorCode":"IsInSubmodule"}
[2021-12-21 08:18:14.204] [exthost] [error] {"message":"Git error","stdout":"","stderr":"fatal: Pathspec '/var/www/html/vendor/shopware/platform' is in submodule 'html'\n","exitCode":128,"gitErrorCode":"IsInSubmodule"}
[2021-12-21 08:18:14.204] [exthost] [error] {"message":"Git error","stdout":"","stderr":"fatal: Pathspec '/var/www/html/vendor/shopware/platform' is in submodule 'html'\n","exitCode":128,"gitErrorCode":"IsInSubmodule"}
[2021-12-21 08:18:14.204] [exthost] [error] {"message":"Git error","stdout":"","stderr":"fatal: Pathspec '/var/www/html/vendor/shopware/platform' is in submodule 'html'\n","exitCode":128,"gitErrorCode":"IsInSubmodule"}
[2021-12-21 08:18:14.204] [exthost] [error] {"message":"Git error","stdout":"","stderr":"fatal: Pathspec '/var/www/html/vendor/shopware/platform' is in submodule 'html'\n","exitCode":128,"gitErrorCode":"IsInSubmodule"}
[2021-12-21 08:18:14.204] [exthost] [error] {"message":"Git error","stdout":"","stderr":"fatal: Pathspec '/var/www/html/vendor/shopware/platform' is in submodule 'html'\n","exitCode":128,"gitErrorCode":"IsInSubmodule"}
[2021-12-21 08:18:29.642] [exthost] [error] {"message":"Git error","stdout":"","stderr":"fatal: Pathspec '/var/www/html/vendor/firebase/php-jwt' is in submodule 'html'\n","exitCode":128,"gitErrorCode":"IsInSubmodule"}
[2021-12-21 08:18:29.642] [exthost] [error] {"message":"Git error","stdout":"","stderr":"fatal: Pathspec '/var/www/html/vendor/firebase/php-jwt' is in submodule 'html'\n","exitCode":128,"gitErrorCode":"IsInSubmodule"}
[2021-12-21 08:18:29.642] [exthost] [error] {"message":"Git error","stdout":"","stderr":"fatal: Pathspec '/var/www/html/vendor/firebase/php-jwt' is in submodule 'html'\n","exitCode":128,"gitErrorCode":"IsInSubmodule"}
[2021-12-21 08:18:29.642] [exthost] [error] {"message":"Git error","stdout":"","stderr":"fatal: Pathspec '/var/www/html/vendor/firebase/php-jwt' is in submodule 'html'\n","exitCode":128,"gitErrorCode":"IsInSubmodule"}
[2021-12-21 08:18:29.642] [exthost] [error] {"message":"Git error","stdout":"","stderr":"fatal: Pathspec '/var/www/html/vendor/firebase/php-jwt' is in submodule 'html'\n","exitCode":128,"gitErrorCode":"IsInSubmodule"}
[2021-12-21 08:18:31.478] [exthost] [error] {"message":"Git error","stdout":"","stderr":"fatal: Pathspec '/var/www/html/vendor/firebase/php-jwt/src/BeforeValidException.php' is in submodule 'html'\n","exitCode":128,"gitErrorCode":"IsInSubmodule"}
[2021-12-21 08:18:31.478] [exthost] [error] {"message":"Git error","stdout":"","stderr":"fatal: Pathspec '/var/www/html/vendor/firebase/php-jwt/src/BeforeValidException.php' is in submodule 'html'\n","exitCode":128,"gitErrorCode":"IsInSubmodule"}
[2021-12-21 08:18:31.478] [exthost] [error] {"message":"Git error","stdout":"","stderr":"fatal: Pathspec '/var/www/html/vendor/firebase/php-jwt/src/BeforeValidException.php' is in submodule 'html'\n","exitCode":128,"gitErrorCode":"IsInSubmodule"}
[2021-12-21 08:18:31.478] [exthost] [error] {"message":"Git error","stdout":"","stderr":"fatal: Pathspec '/var/www/html/vendor/firebase/php-jwt/src/BeforeValidException.php' is in submodule 'html'\n","exitCode":128,"gitErrorCode":"IsInSubmodule"}
[2021-12-21 08:18:31.478] [exthost] [error] {"message":"Git error","stdout":"","stderr":"fatal: Pathspec '/var/www/html/vendor/firebase/php-jwt/src/BeforeValidException.php' is in submodule 'html'\n","exitCode":128,"gitErrorCode":"IsInSubmodule"}
[2021-12-21 08:18:36.841] [exthost] [error] {"message":"Git error","stdout":"","stderr":"fatal: Pathspec '/var/www/html/vendor/doctrine/annotations' is in submodule 'html'\n","exitCode":128,"gitErrorCode":"IsInSubmodule"}
[2021-12-21 08:18:36.841] [exthost] [error] {"message":"Git error","stdout":"","stderr":"fatal: Pathspec '/var/www/html/vendor/doctrine/annotations' is in submodule 'html'\n","exitCode":128,"gitErrorCode":"IsInSubmodule"}
[2021-12-21 08:18:36.841] [exthost] [error] {"message":"Git error","stdout":"","stderr":"fatal: Pathspec '/var/www/html/vendor/doctrine/annotations' is in submodule 'html'\n","exitCode":128,"gitErrorCode":"IsInSubmodule"}
[2021-12-21 08:18:36.841] [exthost] [error] {"message":"Git error","stdout":"","stderr":"fatal: Pathspec '/var/www/html/vendor/doctrine/annotations' is in submodule 'html'\n","exitCode":128,"gitErrorCode":"IsInSubmodule"}
[2021-12-21 08:18:36.841] [exthost] [error] {"message":"Git error","stdout":"","stderr":"fatal: Pathspec '/var/www/html/vendor/doctrine/annotations' is in submodule 'html'\n","exitCode":128,"gitErrorCode":"IsInSubmodule"}
[2021-12-21 08:18:36.841] [exthost] [error] {"message":"Git error","stdout":"","stderr":"fatal: Pathspec '/var/www/html/vendor/doctrine/annotations' is in submodule 'html'\n","exitCode":128,"gitErrorCode":"IsInSubmodule"}
[2021-12-21 08:18:36.841] [exthost] [error] {"message":"Git error","stdout":"","stderr":"fatal: Pathspec '/var/www/html/vendor/doctrine/annotations' is in submodule 'html'\n","exitCode":128,"gitErrorCode":"IsInSubmodule"}
[2021-12-21 08:18:40.584] [exthost] [error] {"message":"Git error","stdout":"","stderr":"fatal: Pathspec '/var/www/html/vendor/bheller/images-generator' is in submodule 'html'\n","exitCode":128,"gitErrorCode":"IsInSubmodule"}
[2021-12-21 08:18:40.584] [exthost] [error] {"message":"Git error","stdout":"","stderr":"fatal: Pathspec '/var/www/html/vendor/bheller/images-generator' is in submodule 'html'\n","exitCode":128,"gitErrorCode":"IsInSubmodule"}
[2021-12-21 08:18:40.584] [exthost] [error] {"message":"Git error","stdout":"","stderr":"fatal: Pathspec '/var/www/html/vendor/bheller/images-generator' is in submodule 'html'\n","exitCode":128,"gitErrorCode":"IsInSubmodule"}
[2021-12-21 08:18:40.584] [exthost] [error] {"message":"Git error","stdout":"","stderr":"fatal: Pathspec '/var/www/html/vendor/bheller/images-generator' is in submodule 'html'\n","exitCode":128,"gitErrorCode":"IsInSubmodule"}
[2021-12-21 08:18:40.584] [exthost] [error] {"message":"Git error","stdout":"","stderr":"fatal: Pathspec '/var/www/html/vendor/bheller/images-generator' is in submodule 'html'\n","exitCode":128,"gitErrorCode":"IsInSubmodule"}
[2021-12-21 08:18:40.584] [exthost] [error] {"message":"Git error","stdout":"","stderr":"fatal: Pathspec '/var/www/html/vendor/bheller/images-generator' is in submodule 'html'\n","exitCode":128,"gitErrorCode":"IsInSubmodule"}
[2021-12-21 08:18:40.584] [exthost] [error] {"message":"Git error","stdout":"","stderr":"fatal: Pathspec '/var/www/html/vendor/bheller/images-generator' is in submodule 'html'\n","exitCode":128,"gitErrorCode":"IsInSubmodule"}
[2021-12-21 08:18:40.585] [exthost] [error] {"message":"Git error","stdout":"","stderr":"fatal: Pathspec '/var/www/html/vendor/bheller/images-generator' is in submodule 'html'\n","exitCode":128,"gitErrorCode":"IsInSubmodule"}
[2021-12-21 08:18:40.585] [exthost] [error] {"message":"Git error","stdout":"","stderr":"fatal: Pathspec '/var/www/html/vendor/bheller/images-generator' is in submodule 'html'\n","exitCode":128,"gitErrorCode":"IsInSubmodule"}
[2021-12-21 08:18:40.585] [exthost] [error] {"message":"Git error","stdout":"","stderr":"fatal: Pathspec '/var/www/html/vendor/bheller/images-generator' is in submodule 'html'\n","exitCode":128,"gitErrorCode":"IsInSubmodule"}
[2021-12-21 08:18:40.585] [exthost] [error] {"message":"Git error","stdout":"","stderr":"fatal: Pathspec '/var/www/html/vendor/bheller/images-generator' is in submodule 'html'\n","exitCode":128,"gitErrorCode":"IsInSubmodule"}
[2021-12-21 08:18:41.901] [exthost] [error] {"message":"Git error","stdout":"","stderr":"fatal: Pathspec '/var/www/html/vendor/bheller/images-generator/src/font' is in submodule 'html'\n","exitCode":128,"gitErrorCode":"IsInSubmodule"}
[2021-12-21 08:18:41.901] [exthost] [error] {"message":"Git error","stdout":"","stderr":"fatal: Pathspec '/var/www/html/vendor/bheller/images-generator/src/font' is in submodule 'html'\n","exitCode":128,"gitErrorCode":"IsInSubmodule"}
[2021-12-21 08:18:43.992] [exthost] [error] {"message":"Git error","stdout":"","stderr":"fatal: Pathspec '/var/www/html/vendor/bheller/images-generator/tests/bootstrap.php' is in submodule 'html'\n","exitCode":128,"gitErrorCode":"IsInSubmodule"}
[2021-12-21 08:18:43.992] [exthost] [error] {"message":"Git error","stdout":"","stderr":"fatal: Pathspec '/var/www/html/vendor/bheller/images-generator/tests/bootstrap.php' is in submodule 'html'\n","exitCode":128,"gitErrorCode":"IsInSubmodule"}
[2021-12-21 08:18:46.510] [exthost] [error] {"message":"Git error","stdout":"","stderr":"fatal: Pathspec '/var/www/html/vendor/aws/aws-sdk-php' is in submodule 'html'\n","exitCode":128,"gitErrorCode":"IsInSubmodule"}
[2021-12-21 08:18:46.510] [exthost] [error] {"message":"Git error","stdout":"","stderr":"fatal: Pathspec '/var/www/html/vendor/aws/aws-sdk-php' is in submodule 'html'\n","exitCode":128,"gitErrorCode":"IsInSubmodule"}
[2021-12-21 08:18:46.510] [exthost] [error] {"message":"Git error","stdout":"","stderr":"fatal: Pathspec '/var/www/html/vendor/aws/aws-sdk-php' is in submodule 'html'\n","exitCode":128,"gitErrorCode":"IsInSubmodule"}
[2021-12-21 08:18:46.510] [exthost] [error] {"message":"Git error","stdout":"","stderr":"fatal: Pathspec '/var/www/html/vendor/aws/aws-sdk-php' is in submodule 'html'\n","exitCode":128,"gitErrorCode":"IsInSubmodule"}
[2021-12-21 08:18:46.510] [exthost] [error] {"message":"Git error","stdout":"","stderr":"fatal: Pathspec '/var/www/html/vendor/aws/aws-sdk-php' is in submodule 'html'\n","exitCode":128,"gitErrorCode":"IsInSubmodule"}
