[2021-12-21 11:11:24.756] [exthost] [info] Extension host with pid 19697 started
[2021-12-21 11:11:24.823] [exthost] [info] Lock '/var/www/.vscode-server/data/User/workspaceStorage/40d9a2f1d021964133be52b46957053c/vscode.lock': Lock acquired.
[2021-12-21 11:11:24.965] [exthost] [info] ExtensionService#_doActivateExtension mblode.twig-language-2, startup: false, activationEvent: 'onLanguage:twig'
[2021-12-21 11:11:25.061] [exthost] [info] ExtensionService#_doActivateExtension vscode.debug-auto-launch, startup: true, activationEvent: '*'
[2021-12-21 11:11:25.069] [exthost] [info] ExtensionService#_doActivateExtension vscode.git-base, startup: true, activationEvent: '*', root cause: vscode.github
[2021-12-21 11:11:25.074] [exthost] [info] ExtensionService#_doActivateExtension HookyQR.beautify, startup: true, activationEvent: '*'
[2021-12-21 11:11:25.107] [exthost] [info] ExtensionService#_doActivateExtension mblode.twig-language, startup: true, activationEvent: '*'
[2021-12-21 11:11:25.165] [exthost] [info] ExtensionService#_doActivateExtension vscode.git, startup: true, activationEvent: '*'
[2021-12-21 11:11:25.286] [exthost] [info] ExtensionService#_doActivateExtension vscode.github, startup: true, activationEvent: '*'
[2021-12-21 11:11:25.473] [exthost] [info] ExtensionService#_doActivateExtension vscode.emmet, startup: false, activationEvent: 'onStartupFinished'
[2021-12-21 11:11:25.539] [exthost] [info] ExtensionService#_doActivateExtension vscode.merge-conflict, startup: false, activationEvent: 'onStartupFinished'
[2021-12-21 11:11:25.545] [exthost] [info] Eager extensions activated
[2021-12-21 11:11:26.291] [exthost] [error] {"message":"Git error","stdout":"","stderr":"fatal: Pathspec '/var/www/html/custom/plugins/HishamTest/src/Resources/theme.json' is in submodule 'html'\n","exitCode":128,"gitErrorCode":"IsInSubmodule"}
[2021-12-21 11:11:26.291] [exthost] [error] {"message":"Git error","stdout":"","stderr":"fatal: Pathspec '/var/www/html/custom/plugins/HishamTest/src/Resources/theme.json' is in submodule 'html'\n","exitCode":128,"gitErrorCode":"IsInSubmodule"}
[2021-12-21 11:11:26.291] [exthost] [error] {"message":"Git error","stdout":"","stderr":"fatal: Pathspec '/var/www/html/custom/plugins/HishamTest/src/Resources/theme.json' is in submodule 'html'\n","exitCode":128,"gitErrorCode":"IsInSubmodule"}
[2021-12-21 11:11:26.291] [exthost] [error] {"message":"Git error","stdout":"","stderr":"fatal: Pathspec '/var/www/html/custom/plugins/HishamTest/src/Resources/theme.json' is in submodule 'html'\n","exitCode":128,"gitErrorCode":"IsInSubmodule"}
[2021-12-21 11:11:26.291] [exthost] [error] {"message":"Git error","stdout":"","stderr":"fatal: Pathspec '/var/www/html/custom/plugins/HishamTest/src/Resources/theme.json' is in submodule 'html'\n","exitCode":128,"gitErrorCode":"IsInSubmodule"}
[2021-12-21 11:11:26.291] [exthost] [error] {"message":"Git error","stdout":"","stderr":"fatal: Pathspec '/var/www/html/custom/plugins/HishamTest/src/Resources/theme.json' is in submodule 'html'\n","exitCode":128,"gitErrorCode":"IsInSubmodule"}
[2021-12-21 11:11:26.291] [exthost] [error] {"message":"Git error","stdout":"","stderr":"fatal: Pathspec '/var/www/html/custom/plugins/HishamTest/src/Resources/theme.json' is in submodule 'html'\n","exitCode":128,"gitErrorCode":"IsInSubmodule"}
[2021-12-21 11:11:26.291] [exthost] [error] {"message":"Git error","stdout":"","stderr":"fatal: Pathspec '/var/www/html/custom/plugins/HishamTest/src/Resources/theme.json' is in submodule 'html'\n","exitCode":128,"gitErrorCode":"IsInSubmodule"}
[2021-12-21 11:11:26.291] [exthost] [error] {"message":"Git error","stdout":"","stderr":"fatal: Pathspec '/var/www/html/custom/plugins/HishamTest/src/Resources/theme.json' is in submodule 'html'\n","exitCode":128,"gitErrorCode":"IsInSubmodule"}
[2021-12-21 11:11:26.291] [exthost] [error] {"message":"Git error","stdout":"","stderr":"fatal: Pathspec '/var/www/html/custom/plugins/HishamTest/src/Resources/theme.json' is in submodule 'html'\n","exitCode":128,"gitErrorCode":"IsInSubmodule"}
[2021-12-21 11:11:26.291] [exthost] [error] {"message":"Git error","stdout":"","stderr":"fatal: Pathspec '/var/www/html/custom/plugins/HishamTest/src/Resources/theme.json' is in submodule 'html'\n","exitCode":128,"gitErrorCode":"IsInSubmodule"}
[2021-12-21 11:11:26.292] [exthost] [error] {"message":"Git error","stdout":"","stderr":"fatal: Pathspec '/var/www/html/custom/plugins/HishamTest/src/Resources/theme.json' is in submodule 'html'\n","exitCode":128,"gitErrorCode":"IsInSubmodule"}
[2021-12-21 11:11:26.292] [exthost] [error] {"message":"Git error","stdout":"","stderr":"fatal: Pathspec '/var/www/html/custom/plugins/HishamTest/src/Resources/theme.json' is in submodule 'html'\n","exitCode":128,"gitErrorCode":"IsInSubmodule"}
[2021-12-21 11:11:26.292] [exthost] [error] {"message":"Git error","stdout":"","stderr":"fatal: Pathspec '/var/www/html/custom/plugins/HishamTest/src/Resources/theme.json' is in submodule 'html'\n","exitCode":128,"gitErrorCode":"IsInSubmodule"}
[2021-12-21 11:11:26.292] [exthost] [error] {"message":"Git error","stdout":"","stderr":"fatal: Pathspec '/var/www/html/custom/plugins/HishamTest/src/Resources/theme.json' is in submodule 'html'\n","exitCode":128,"gitErrorCode":"IsInSubmodule"}
[2021-12-21 11:11:26.292] [exthost] [error] {"message":"Git error","stdout":"","stderr":"fatal: Pathspec '/var/www/html/custom/plugins/HishamTest/src/Resources/theme.json' is in submodule 'html'\n","exitCode":128,"gitErrorCode":"IsInSubmodule"}
[2021-12-21 11:11:26.292] [exthost] [error] {"message":"Git error","stdout":"","stderr":"fatal: Pathspec '/var/www/html/custom/plugins/HishamTest/src/Resources/theme.json' is in submodule 'html'\n","exitCode":128,"gitErrorCode":"IsInSubmodule"}
[2021-12-21 11:11:26.292] [exthost] [error] {"message":"Git error","stdout":"","stderr":"fatal: Pathspec '/var/www/html/custom/plugins/HishamTest/src/Resources/theme.json' is in submodule 'html'\n","exitCode":128,"gitErrorCode":"IsInSubmodule"}
[2021-12-21 11:11:26.292] [exthost] [error] {"message":"Git error","stdout":"","stderr":"fatal: Pathspec '/var/www/html/custom/plugins/HishamTest/src/Resources/theme.json' is in submodule 'html'\n","exitCode":128,"gitErrorCode":"IsInSubmodule"}
[2021-12-21 11:11:26.292] [exthost] [error] {"message":"Git error","stdout":"","stderr":"fatal: Pathspec '/var/www/html/custom/plugins/HishamTest/src/Resources/theme.json' is in submodule 'html'\n","exitCode":128,"gitErrorCode":"IsInSubmodule"}
[2021-12-21 11:11:26.292] [exthost] [error] {"message":"Git error","stdout":"","stderr":"fatal: Pathspec '/var/www/html/custom/plugins/HishamTest/src/Resources/theme.json' is in submodule 'html'\n","exitCode":128,"gitErrorCode":"IsInSubmodule"}
[2021-12-21 11:11:26.292] [exthost] [error] {"message":"Git error","stdout":"","stderr":"fatal: Pathspec '/var/www/html/custom/plugins/HishamTest/src/Resources/theme.json' is in submodule 'html'\n","exitCode":128,"gitErrorCode":"IsInSubmodule"}
[2021-12-21 11:11:26.292] [exthost] [error] {"message":"Git error","stdout":"","stderr":"fatal: Pathspec '/var/www/html/custom/plugins/HishamTest/src/Resources/theme.json' is in submodule 'html'\n","exitCode":128,"gitErrorCode":"IsInSubmodule"}
[2021-12-21 11:11:26.292] [exthost] [error] {"message":"Git error","stdout":"","stderr":"fatal: Pathspec '/var/www/html/custom/plugins/HishamTest/src/Resources/theme.json' is in submodule 'html'\n","exitCode":128,"gitErrorCode":"IsInSubmodule"}
[2021-12-21 11:11:26.292] [exthost] [error] {"message":"Git error","stdout":"","stderr":"fatal: Pathspec '/var/www/html/custom/plugins/HishamTest/src/Resources/theme.json' is in submodule 'html'\n","exitCode":128,"gitErrorCode":"IsInSubmodule"}
[2021-12-21 11:11:26.292] [exthost] [error] {"message":"Git error","stdout":"","stderr":"fatal: Pathspec '/var/www/html/custom/plugins/HishamTest/src/Resources/theme.json' is in submodule 'html'\n","exitCode":128,"gitErrorCode":"IsInSubmodule"}
[2021-12-21 11:11:26.292] [exthost] [error] {"message":"Git error","stdout":"","stderr":"fatal: Pathspec '/var/www/html/custom/plugins/HishamTest/src/Resources/theme.json' is in submodule 'html'\n","exitCode":128,"gitErrorCode":"IsInSubmodule"}
[2021-12-21 11:11:26.292] [exthost] [error] {"message":"Git error","stdout":"","stderr":"fatal: Pathspec '/var/www/html/custom/plugins/HishamTest/src/Resources/theme.json' is in submodule 'html'\n","exitCode":128,"gitErrorCode":"IsInSubmodule"}
[2021-12-21 11:11:26.292] [exthost] [error] {"message":"Git error","stdout":"","stderr":"fatal: Pathspec '/var/www/html/custom/plugins/HishamTest/src/Resources/theme.json' is in submodule 'html'\n","exitCode":128,"gitErrorCode":"IsInSubmodule"}
[2021-12-21 11:11:26.292] [exthost] [error] {"message":"Git error","stdout":"","stderr":"fatal: Pathspec '/var/www/html/custom/plugins/HishamTest/src/Resources/theme.json' is in submodule 'html'\n","exitCode":128,"gitErrorCode":"IsInSubmodule"}
[2021-12-21 11:11:26.292] [exthost] [error] {"message":"Git error","stdout":"","stderr":"fatal: Pathspec '/var/www/html/custom/plugins/HishamTest/src/Resources/theme.json' is in submodule 'html'\n","exitCode":128,"gitErrorCode":"IsInSubmodule"}
[2021-12-21 11:11:26.292] [exthost] [error] {"message":"Git error","stdout":"","stderr":"fatal: Pathspec '/var/www/html/custom/plugins/HishamTest/src/Resources/theme.json' is in submodule 'html'\n","exitCode":128,"gitErrorCode":"IsInSubmodule"}
[2021-12-21 11:11:26.292] [exthost] [error] {"message":"Git error","stdout":"","stderr":"fatal: Pathspec '/var/www/html/custom/plugins/HishamTest/src/Resources/theme.json' is in submodule 'html'\n","exitCode":128,"gitErrorCode":"IsInSubmodule"}
[2021-12-21 11:11:26.292] [exthost] [error] {"message":"Git error","stdout":"","stderr":"fatal: Pathspec '/var/www/html/custom/plugins/HishamTest/src/Resources/theme.json' is in submodule 'html'\n","exitCode":128,"gitErrorCode":"IsInSubmodule"}
[2021-12-21 11:11:26.292] [exthost] [error] {"message":"Git error","stdout":"","stderr":"fatal: Pathspec '/var/www/html/custom/plugins/HishamTest/src/Resources/theme.json' is in submodule 'html'\n","exitCode":128,"gitErrorCode":"IsInSubmodule"}
[2021-12-21 11:11:26.292] [exthost] [error] {"message":"Git error","stdout":"","stderr":"fatal: Pathspec '/var/www/html/custom/plugins/HishamTest/src/Resources/theme.json' is in submodule 'html'\n","exitCode":128,"gitErrorCode":"IsInSubmodule"}
[2021-12-21 11:11:26.292] [exthost] [error] {"message":"Git error","stdout":"","stderr":"fatal: Pathspec '/var/www/html/custom/plugins/HishamTest/src/Resources/theme.json' is in submodule 'html'\n","exitCode":128,"gitErrorCode":"IsInSubmodule"}
[2021-12-21 11:11:26.292] [exthost] [error] {"message":"Git error","stdout":"","stderr":"fatal: Pathspec '/var/www/html/custom/plugins/HishamTest/src/Resources/theme.json' is in submodule 'html'\n","exitCode":128,"gitErrorCode":"IsInSubmodule"}
[2021-12-21 11:11:26.292] [exthost] [error] {"message":"Git error","stdout":"","stderr":"fatal: Pathspec '/var/www/html/custom/plugins/HishamTest/src/Resources/theme.json' is in submodule 'html'\n","exitCode":128,"gitErrorCode":"IsInSubmodule"}
[2021-12-21 11:11:26.292] [exthost] [error] {"message":"Git error","stdout":"","stderr":"fatal: Pathspec '/var/www/html/custom/plugins/HishamTest/src/Resources/theme.json' is in submodule 'html'\n","exitCode":128,"gitErrorCode":"IsInSubmodule"}
[2021-12-21 11:11:26.292] [exthost] [error] {"message":"Git error","stdout":"","stderr":"fatal: Pathspec '/var/www/html/custom/plugins/HishamTest/src/Resources/theme.json' is in submodule 'html'\n","exitCode":128,"gitErrorCode":"IsInSubmodule"}
[2021-12-21 11:11:26.292] [exthost] [error] {"message":"Git error","stdout":"","stderr":"fatal: Pathspec '/var/www/html/custom/plugins/HishamTest/src/Resources/theme.json' is in submodule 'html'\n","exitCode":128,"gitErrorCode":"IsInSubmodule"}
[2021-12-21 11:11:26.292] [exthost] [error] {"message":"Git error","stdout":"","stderr":"fatal: Pathspec '/var/www/html/custom/plugins/HishamTest/src/Resources/theme.json' is in submodule 'html'\n","exitCode":128,"gitErrorCode":"IsInSubmodule"}
[2021-12-21 11:11:26.292] [exthost] [error] {"message":"Git error","stdout":"","stderr":"fatal: Pathspec '/var/www/html/custom/plugins/HishamTest/src/Resources/theme.json' is in submodule 'html'\n","exitCode":128,"gitErrorCode":"IsInSubmodule"}
[2021-12-21 11:11:26.292] [exthost] [error] {"message":"Git error","stdout":"","stderr":"fatal: Pathspec '/var/www/html/custom/plugins/HishamTest/src/Resources/theme.json' is in submodule 'html'\n","exitCode":128,"gitErrorCode":"IsInSubmodule"}
[2021-12-21 11:11:26.292] [exthost] [error] {"message":"Git error","stdout":"","stderr":"fatal: Pathspec '/var/www/html/custom/plugins/HishamTest/src/Resources/theme.json' is in submodule 'html'\n","exitCode":128,"gitErrorCode":"IsInSubmodule"}
[2021-12-21 11:11:26.292] [exthost] [error] {"message":"Git error","stdout":"","stderr":"fatal: Pathspec '/var/www/html/custom/plugins/HishamTest/src/Resources/theme.json' is in submodule 'html'\n","exitCode":128,"gitErrorCode":"IsInSubmodule"}
[2021-12-21 11:11:26.292] [exthost] [error] {"message":"Git error","stdout":"","stderr":"fatal: Pathspec '/var/www/html/custom/plugins/HishamTest/src/Resources/theme.json' is in submodule 'html'\n","exitCode":128,"gitErrorCode":"IsInSubmodule"}
[2021-12-21 11:11:26.292] [exthost] [error] {"message":"Git error","stdout":"","stderr":"fatal: Pathspec '/var/www/html/custom/plugins/HishamTest/src/Resources/theme.json' is in submodule 'html'\n","exitCode":128,"gitErrorCode":"IsInSubmodule"}
[2021-12-21 11:11:26.292] [exthost] [error] {"message":"Git error","stdout":"","stderr":"fatal: Pathspec '/var/www/html/custom/plugins/HishamTest/src/Resources/theme.json' is in submodule 'html'\n","exitCode":128,"gitErrorCode":"IsInSubmodule"}
[2021-12-21 11:11:26.292] [exthost] [error] {"message":"Git error","stdout":"","stderr":"fatal: Pathspec '/var/www/html/custom/plugins/HishamTest/src/Resources/theme.json' is in submodule 'html'\n","exitCode":128,"gitErrorCode":"IsInSubmodule"}
[2021-12-21 11:11:26.292] [exthost] [error] {"message":"Git error","stdout":"","stderr":"fatal: Pathspec '/var/www/html/custom/plugins/HishamTest/src/Resources/theme.json' is in submodule 'html'\n","exitCode":128,"gitErrorCode":"IsInSubmodule"}
[2021-12-21 11:11:26.292] [exthost] [error] {"message":"Git error","stdout":"","stderr":"fatal: Pathspec '/var/www/html/custom/plugins/HishamTest/src/Resources/theme.json' is in submodule 'html'\n","exitCode":128,"gitErrorCode":"IsInSubmodule"}
[2021-12-21 11:11:26.292] [exthost] [error] {"message":"Git error","stdout":"","stderr":"fatal: Pathspec '/var/www/html/custom/plugins/HishamTest/src/Resources/theme.json' is in submodule 'html'\n","exitCode":128,"gitErrorCode":"IsInSubmodule"}
[2021-12-21 11:11:26.292] [exthost] [error] {"message":"Git error","stdout":"","stderr":"fatal: Pathspec '/var/www/html/custom/plugins/HishamTest/src/Resources/theme.json' is in submodule 'html'\n","exitCode":128,"gitErrorCode":"IsInSubmodule"}
[2021-12-21 11:11:26.292] [exthost] [error] {"message":"Git error","stdout":"","stderr":"fatal: Pathspec '/var/www/html/custom/plugins/HishamTest/src/Resources/theme.json' is in submodule 'html'\n","exitCode":128,"gitErrorCode":"IsInSubmodule"}
[2021-12-21 11:11:26.292] [exthost] [error] {"message":"Git error","stdout":"","stderr":"fatal: Pathspec '/var/www/html/custom/plugins/HishamTest/src/Resources/theme.json' is in submodule 'html'\n","exitCode":128,"gitErrorCode":"IsInSubmodule"}
[2021-12-21 11:11:26.292] [exthost] [error] {"message":"Git error","stdout":"","stderr":"fatal: Pathspec '/var/www/html/custom/plugins/HishamTest/src/Resources/theme.json' is in submodule 'html'\n","exitCode":128,"gitErrorCode":"IsInSubmodule"}
[2021-12-21 11:11:26.292] [exthost] [error] {"message":"Git error","stdout":"","stderr":"fatal: Pathspec '/var/www/html/custom/plugins/HishamTest/src/Resources/theme.json' is in submodule 'html'\n","exitCode":128,"gitErrorCode":"IsInSubmodule"}
[2021-12-21 11:11:26.292] [exthost] [error] {"message":"Git error","stdout":"","stderr":"fatal: Pathspec '/var/www/html/custom/plugins/HishamTest/src/Resources/theme.json' is in submodule 'html'\n","exitCode":128,"gitErrorCode":"IsInSubmodule"}
[2021-12-21 11:11:26.292] [exthost] [error] {"message":"Git error","stdout":"","stderr":"fatal: Pathspec '/var/www/html/custom/plugins/HishamTest/src/Resources/theme.json' is in submodule 'html'\n","exitCode":128,"gitErrorCode":"IsInSubmodule"}
[2021-12-21 11:11:26.292] [exthost] [error] {"message":"Git error","stdout":"","stderr":"fatal: Pathspec '/var/www/html/custom/plugins/HishamTest/src/Resources/theme.json' is in submodule 'html'\n","exitCode":128,"gitErrorCode":"IsInSubmodule"}
[2021-12-21 11:11:26.292] [exthost] [error] {"message":"Git error","stdout":"","stderr":"fatal: Pathspec '/var/www/html/custom/plugins/HishamTest/src/Resources/theme.json' is in submodule 'html'\n","exitCode":128,"gitErrorCode":"IsInSubmodule"}
[2021-12-21 11:11:26.292] [exthost] [error] {"message":"Git error","stdout":"","stderr":"fatal: Pathspec '/var/www/html/custom/plugins/HishamTest/src/Resources/theme.json' is in submodule 'html'\n","exitCode":128,"gitErrorCode":"IsInSubmodule"}
[2021-12-21 11:11:26.292] [exthost] [error] {"message":"Git error","stdout":"","stderr":"fatal: Pathspec '/var/www/html/custom/plugins/HishamTest/src/Resources/theme.json' is in submodule 'html'\n","exitCode":128,"gitErrorCode":"IsInSubmodule"}
[2021-12-21 11:11:26.292] [exthost] [error] {"message":"Git error","stdout":"","stderr":"fatal: Pathspec '/var/www/html/custom/plugins/HishamTest/src/Resources/theme.json' is in submodule 'html'\n","exitCode":128,"gitErrorCode":"IsInSubmodule"}
[2021-12-21 11:11:26.292] [exthost] [error] {"message":"Git error","stdout":"","stderr":"fatal: Pathspec '/var/www/html/custom/plugins/HishamTest/src/Resources/theme.json' is in submodule 'html'\n","exitCode":128,"gitErrorCode":"IsInSubmodule"}
[2021-12-21 11:11:26.293] [exthost] [error] {"message":"Git error","stdout":"","stderr":"fatal: Pathspec '/var/www/html/custom/plugins/HishamTest/src/Resources/theme.json' is in submodule 'html'\n","exitCode":128,"gitErrorCode":"IsInSubmodule"}
[2021-12-21 11:11:26.293] [exthost] [error] {"message":"Git error","stdout":"","stderr":"fatal: Pathspec '/var/www/html/custom/plugins/HishamTest/src/Resources/theme.json' is in submodule 'html'\n","exitCode":128,"gitErrorCode":"IsInSubmodule"}
[2021-12-21 11:11:26.293] [exthost] [error] {"message":"Git error","stdout":"","stderr":"fatal: Pathspec '/var/www/html/custom/plugins/HishamTest/src/Resources/theme.json' is in submodule 'html'\n","exitCode":128,"gitErrorCode":"IsInSubmodule"}
[2021-12-21 11:11:26.293] [exthost] [error] {"message":"Git error","stdout":"","stderr":"fatal: Pathspec '/var/www/html/custom/plugins/HishamTest/src/Resources/theme.json' is in submodule 'html'\n","exitCode":128,"gitErrorCode":"IsInSubmodule"}
[2021-12-21 11:11:26.293] [exthost] [error] {"message":"Git error","stdout":"","stderr":"fatal: Pathspec '/var/www/html/custom/plugins/HishamTest/src/Resources/theme.json' is in submodule 'html'\n","exitCode":128,"gitErrorCode":"IsInSubmodule"}
[2021-12-21 11:11:33.693] [exthost] [info] ExtensionService#_doActivateExtension vscode.configuration-editing, startup: false, activationEvent: 'onLanguage:jsonc'
[2021-12-21 11:11:33.756] [exthost] [info] ExtensionService#_doActivateExtension vscode.json-language-features, startup: false, activationEvent: 'onLanguage:jsonc'
[2021-12-21 11:11:33.955] [exthost] [info] ExtensionService#_doActivateExtension vscode.typescript-language-features, startup: false, activationEvent: 'onLanguage:jsonc'
[2021-12-21 11:12:07.030] [exthost] [error] {"message":"Git error","stdout":"","stderr":"fatal: Pathspec '/var/www/html/custom/plugins/TcinnThemeWareLiving/src/Resources/views/storefront/themeware' is in submodule 'html'\n","exitCode":128,"gitErrorCode":"IsInSubmodule"}
[2021-12-21 11:12:07.030] [exthost] [error] {"message":"Git error","stdout":"","stderr":"fatal: Pathspec '/var/www/html/custom/plugins/TcinnThemeWareLiving/src/Resources/views/storefront/themeware' is in submodule 'html'\n","exitCode":128,"gitErrorCode":"IsInSubmodule"}
[2021-12-21 11:12:07.030] [exthost] [error] {"message":"Git error","stdout":"","stderr":"fatal: Pathspec '/var/www/html/custom/plugins/TcinnThemeWareLiving/src/Resources/views/storefront/themeware' is in submodule 'html'\n","exitCode":128,"gitErrorCode":"IsInSubmodule"}
[2021-12-21 11:12:07.030] [exthost] [error] {"message":"Git error","stdout":"","stderr":"fatal: Pathspec '/var/www/html/custom/plugins/TcinnThemeWareLiving/src/Resources/views/storefront/themeware' is in submodule 'html'\n","exitCode":128,"gitErrorCode":"IsInSubmodule"}
[2021-12-21 11:33:42.905] [exthost] [error] {"message":"Git error","stdout":"","stderr":"fatal: Pathspec '/var/www/html/custom/plugins/TcinnThemeWareLiving/CHANGELOG_de-DE.md' is in submodule 'html'\n","exitCode":128,"gitErrorCode":"IsInSubmodule"}
[2021-12-21 11:33:42.906] [exthost] [error] {"message":"Git error","stdout":"","stderr":"fatal: Pathspec '/var/www/html/custom/plugins/TcinnThemeWareLiving/CHANGELOG_de-DE.md' is in submodule 'html'\n","exitCode":128,"gitErrorCode":"IsInSubmodule"}
[2021-12-21 11:33:42.906] [exthost] [error] {"message":"Git error","stdout":"","stderr":"fatal: Pathspec '/var/www/html/custom/plugins/TcinnThemeWareLiving/CHANGELOG_de-DE.md' is in submodule 'html'\n","exitCode":128,"gitErrorCode":"IsInSubmodule"}
[2021-12-21 11:33:42.906] [exthost] [error] {"message":"Git error","stdout":"","stderr":"fatal: Pathspec '/var/www/html/custom/plugins/TcinnThemeWareLiving/CHANGELOG_de-DE.md' is in submodule 'html'\n","exitCode":128,"gitErrorCode":"IsInSubmodule"}
[2021-12-21 11:33:42.906] [exthost] [error] {"message":"Git error","stdout":"","stderr":"fatal: Pathspec '/var/www/html/custom/plugins/TcinnThemeWareLiving/CHANGELOG_de-DE.md' is in submodule 'html'\n","exitCode":128,"gitErrorCode":"IsInSubmodule"}
[2021-12-21 11:33:42.906] [exthost] [error] {"message":"Git error","stdout":"","stderr":"fatal: Pathspec '/var/www/html/custom/plugins/TcinnThemeWareLiving/CHANGELOG_de-DE.md' is in submodule 'html'\n","exitCode":128,"gitErrorCode":"IsInSubmodule"}
[2021-12-21 11:33:42.906] [exthost] [error] {"message":"Git error","stdout":"","stderr":"fatal: Pathspec '/var/www/html/custom/plugins/TcinnThemeWareLiving/CHANGELOG_de-DE.md' is in submodule 'html'\n","exitCode":128,"gitErrorCode":"IsInSubmodule"}
[2021-12-21 11:33:47.748] [exthost] [info] ExtensionService#_doActivateExtension vscode.extension-editing, startup: false, activationEvent: 'onLanguage:json'
[2021-12-21 11:33:47.919] [exthost] [info] ExtensionService#_doActivateExtension vscode.npm, startup: false, activationEvent: 'onLanguage:json'
[2021-12-21 11:33:48.136] [exthost] [info] ExtensionService#_doActivateExtension ZainChen.json, startup: false, activationEvent: 'onLanguage:json'
[2021-12-21 11:38:27.736] [exthost] [info] ExtensionService#_doActivateExtension vscode.php-language-features, startup: false, activationEvent: 'onLanguage:php'
[2021-12-21 11:39:07.329] [exthost] [error] {"message":"Git error","stdout":"","stderr":"fatal: Pathspec '/var/www/html/custom/plugins/HishamTest/src' is in submodule 'html'\n","exitCode":128,"gitErrorCode":"IsInSubmodule"}
[2021-12-21 11:39:07.329] [exthost] [error] {"message":"Git error","stdout":"","stderr":"fatal: Pathspec '/var/www/html/custom/plugins/HishamTest/src' is in submodule 'html'\n","exitCode":128,"gitErrorCode":"IsInSubmodule"}
[2021-12-21 11:39:07.330] [exthost] [error] {"message":"Git error","stdout":"","stderr":"fatal: Pathspec '/var/www/html/custom/plugins/HishamTest/src' is in submodule 'html'\n","exitCode":128,"gitErrorCode":"IsInSubmodule"}
[2021-12-21 11:39:07.330] [exthost] [error] {"message":"Git error","stdout":"","stderr":"fatal: Pathspec '/var/www/html/custom/plugins/HishamTest/src' is in submodule 'html'\n","exitCode":128,"gitErrorCode":"IsInSubmodule"}
[2021-12-21 11:39:07.330] [exthost] [error] {"message":"Git error","stdout":"","stderr":"fatal: Pathspec '/var/www/html/custom/plugins/HishamTest/src' is in submodule 'html'\n","exitCode":128,"gitErrorCode":"IsInSubmodule"}
[2021-12-21 11:39:07.330] [exthost] [error] {"message":"Git error","stdout":"","stderr":"fatal: Pathspec '/var/www/html/custom/plugins/HishamTest/src' is in submodule 'html'\n","exitCode":128,"gitErrorCode":"IsInSubmodule"}
[2021-12-21 11:45:04.656] [exthost] [error] {"message":"Git error","stdout":"","stderr":"fatal: Pathspec '/var/www/html/platform' is in submodule 'html'\n","exitCode":128,"gitErrorCode":"IsInSubmodule"}
[2021-12-21 11:45:04.656] [exthost] [error] {"message":"Git error","stdout":"","stderr":"fatal: Pathspec '/var/www/html/platform' is in submodule 'html'\n","exitCode":128,"gitErrorCode":"IsInSubmodule"}
[2021-12-21 11:45:04.656] [exthost] [error] {"message":"Git error","stdout":"","stderr":"fatal: Pathspec '/var/www/html/platform' is in submodule 'html'\n","exitCode":128,"gitErrorCode":"IsInSubmodule"}
[2021-12-21 11:45:04.656] [exthost] [error] {"message":"Git error","stdout":"","stderr":"fatal: Pathspec '/var/www/html/platform' is in submodule 'html'\n","exitCode":128,"gitErrorCode":"IsInSubmodule"}
[2021-12-21 11:45:04.656] [exthost] [error] {"message":"Git error","stdout":"","stderr":"fatal: Pathspec '/var/www/html/platform' is in submodule 'html'\n","exitCode":128,"gitErrorCode":"IsInSubmodule"}
[2021-12-21 11:45:04.656] [exthost] [error] {"message":"Git error","stdout":"","stderr":"fatal: Pathspec '/var/www/html/platform' is in submodule 'html'\n","exitCode":128,"gitErrorCode":"IsInSubmodule"}
[2021-12-21 11:45:04.656] [exthost] [error] {"message":"Git error","stdout":"","stderr":"fatal: Pathspec '/var/www/html/platform' is in submodule 'html'\n","exitCode":128,"gitErrorCode":"IsInSubmodule"}
[2021-12-21 11:45:04.656] [exthost] [error] {"message":"Git error","stdout":"","stderr":"fatal: Pathspec '/var/www/html/platform' is in submodule 'html'\n","exitCode":128,"gitErrorCode":"IsInSubmodule"}
[2021-12-21 11:45:10.418] [exthost] [error] {"message":"Git error","stdout":"","stderr":"fatal: Pathspec '/var/www/html/.gitignore' is in submodule 'html'\n","exitCode":128,"gitErrorCode":"IsInSubmodule"}
[2021-12-21 11:45:10.418] [exthost] [error] {"message":"Git error","stdout":"","stderr":"fatal: Pathspec '/var/www/html/.gitignore' is in submodule 'html'\n","exitCode":128,"gitErrorCode":"IsInSubmodule"}
[2021-12-21 11:45:10.418] [exthost] [error] {"message":"Git error","stdout":"","stderr":"fatal: Pathspec '/var/www/html/.gitignore' is in submodule 'html'\n","exitCode":128,"gitErrorCode":"IsInSubmodule"}
[2021-12-21 11:45:10.418] [exthost] [error] {"message":"Git error","stdout":"","stderr":"fatal: Pathspec '/var/www/html/.gitignore' is in submodule 'html'\n","exitCode":128,"gitErrorCode":"IsInSubmodule"}
[2021-12-21 11:45:10.418] [exthost] [error] {"message":"Git error","stdout":"","stderr":"fatal: Pathspec '/var/www/html/.gitignore' is in submodule 'html'\n","exitCode":128,"gitErrorCode":"IsInSubmodule"}
[2021-12-21 11:45:10.418] [exthost] [error] {"message":"Git error","stdout":"","stderr":"fatal: Pathspec '/var/www/html/.gitignore' is in submodule 'html'\n","exitCode":128,"gitErrorCode":"IsInSubmodule"}
[2021-12-21 11:46:30.687] [exthost] [info] ExtensionService#_doActivateExtension vscode.markdown-language-features, startup: false, activationEvent: 'onLanguage:markdown'
[2021-12-21 11:46:31.057] [exthost] [info] ExtensionService#_doActivateExtension vscode.markdown-math, startup: false, activationEvent: 'api', root cause: vscode.markdown-language-features
[2021-12-21 11:46:57.014] [exthost] [error] {"message":"Git error","stdout":"","stderr":"fatal: Pathspec '/var/www/html/docker-compose.yml' is in submodule 'html'\n","exitCode":128,"gitErrorCode":"IsInSubmodule"}
[2021-12-21 11:46:57.014] [exthost] [error] {"message":"Git error","stdout":"","stderr":"fatal: Pathspec '/var/www/html/docker-compose.yml' is in submodule 'html'\n","exitCode":128,"gitErrorCode":"IsInSubmodule"}
[2021-12-21 11:46:57.014] [exthost] [error] {"message":"Git error","stdout":"","stderr":"fatal: Pathspec '/var/www/html/docker-compose.yml' is in submodule 'html'\n","exitCode":128,"gitErrorCode":"IsInSubmodule"}
[2021-12-21 11:47:06.953] [exthost] [error] {"message":"Git error","stdout":"","stderr":"fatal: Pathspec '/var/www/html/custom/plugins/TcinnThemeWareLiving/src/Resources/app/administration' is in submodule 'html'\n","exitCode":128,"gitErrorCode":"IsInSubmodule"}
[2021-12-21 11:47:06.953] [exthost] [error] {"message":"Git error","stdout":"","stderr":"fatal: Pathspec '/var/www/html/custom/plugins/TcinnThemeWareLiving/src/Resources/app/administration' is in submodule 'html'\n","exitCode":128,"gitErrorCode":"IsInSubmodule"}
[2021-12-21 11:47:06.953] [exthost] [error] {"message":"Git error","stdout":"","stderr":"fatal: Pathspec '/var/www/html/custom/plugins/TcinnThemeWareLiving/src/Resources/app/administration' is in submodule 'html'\n","exitCode":128,"gitErrorCode":"IsInSubmodule"}
[2021-12-21 11:47:08.324] [exthost] [error] {"message":"Git error","stdout":"","stderr":"fatal: Pathspec '/var/www/html/custom/plugins/TcinnThemeWareLiving/src/Resources/app/administration/src/page/sw-theme-manager-detail' is in submodule 'html'\n","exitCode":128,"gitErrorCode":"IsInSubmodule"}
[2021-12-21 11:47:08.324] [exthost] [error] {"message":"Git error","stdout":"","stderr":"fatal: Pathspec '/var/www/html/custom/plugins/TcinnThemeWareLiving/src/Resources/app/administration/src/page/sw-theme-manager-detail' is in submodule 'html'\n","exitCode":128,"gitErrorCode":"IsInSubmodule"}
[2021-12-21 11:47:08.324] [exthost] [error] {"message":"Git error","stdout":"","stderr":"fatal: Pathspec '/var/www/html/custom/plugins/TcinnThemeWareLiving/src/Resources/app/administration/src/page/sw-theme-manager-detail' is in submodule 'html'\n","exitCode":128,"gitErrorCode":"IsInSubmodule"}
[2021-12-21 11:47:08.324] [exthost] [error] {"message":"Git error","stdout":"","stderr":"fatal: Pathspec '/var/www/html/custom/plugins/TcinnThemeWareLiving/src/Resources/app/administration/src/page/sw-theme-manager-detail' is in submodule 'html'\n","exitCode":128,"gitErrorCode":"IsInSubmodule"}
[2021-12-21 11:47:08.324] [exthost] [error] {"message":"Git error","stdout":"","stderr":"fatal: Pathspec '/var/www/html/custom/plugins/TcinnThemeWareLiving/src/Resources/app/administration/src/page/sw-theme-manager-detail' is in submodule 'html'\n","exitCode":128,"gitErrorCode":"IsInSubmodule"}
[2021-12-21 11:47:08.324] [exthost] [error] {"message":"Git error","stdout":"","stderr":"fatal: Pathspec '/var/www/html/custom/plugins/TcinnThemeWareLiving/src/Resources/app/administration/src/page/sw-theme-manager-detail' is in submodule 'html'\n","exitCode":128,"gitErrorCode":"IsInSubmodule"}
[2021-12-21 11:47:22.555] [exthost] [error] {"message":"Git error","stdout":"","stderr":"fatal: Pathspec '/var/www/html/custom/plugins/TcinnThemeWareLiving/src/Resources/app/administration/src' is in submodule 'html'\n","exitCode":128,"gitErrorCode":"IsInSubmodule"}
[2021-12-21 11:47:22.555] [exthost] [error] {"message":"Git error","stdout":"","stderr":"fatal: Pathspec '/var/www/html/custom/plugins/TcinnThemeWareLiving/src/Resources/app/administration/src' is in submodule 'html'\n","exitCode":128,"gitErrorCode":"IsInSubmodule"}
[2021-12-21 11:47:39.444] [exthost] [error] {"message":"Git error","stdout":"","stderr":"fatal: Pathspec '/var/www/html/custom/plugins/TcinnThemeWareLiving/src/Resources/config/living-plugin-icon.png' is in submodule 'html'\n","exitCode":128,"gitErrorCode":"IsInSubmodule"}
[2021-12-21 11:47:44.753] [exthost] [error] {"message":"Git error","stdout":"","stderr":"fatal: Pathspec '/var/www/html/custom/plugins/TcinnThemeWareLiving/src/Resources/public/administration/js' is in submodule 'html'\n","exitCode":128,"gitErrorCode":"IsInSubmodule"}
[2021-12-21 11:47:44.753] [exthost] [error] {"message":"Git error","stdout":"","stderr":"fatal: Pathspec '/var/www/html/custom/plugins/TcinnThemeWareLiving/src/Resources/public/administration/js' is in submodule 'html'\n","exitCode":128,"gitErrorCode":"IsInSubmodule"}
[2021-12-21 11:47:52.027] [exthost] [error] {"message":"Git error","stdout":"","stderr":"fatal: Pathspec '/var/www/html/custom/plugins/TcinnThemeWareLiving/src/Resources/public/administration' is in submodule 'html'\n","exitCode":128,"gitErrorCode":"IsInSubmodule"}
[2021-12-21 11:48:28.676] [exthost] [error] {"message":"Git error","stdout":"","stderr":"fatal: Pathspec '/var/www/html/custom/plugins/TcinnThemeWareLiving/src/Resources/snippet/storefront.de-DE.json' is in submodule 'html'\n","exitCode":128,"gitErrorCode":"IsInSubmodule"}
[2021-12-21 11:48:28.676] [exthost] [error] {"message":"Git error","stdout":"","stderr":"fatal: Pathspec '/var/www/html/custom/plugins/TcinnThemeWareLiving/src/Resources/snippet/storefront.de-DE.json' is in submodule 'html'\n","exitCode":128,"gitErrorCode":"IsInSubmodule"}
[2021-12-21 11:49:39.925] [exthost] [error] {"message":"Git error","stdout":"","stderr":"fatal: Pathspec '/var/www/html/ide-twig.json' is in submodule 'html'\n","exitCode":128,"gitErrorCode":"IsInSubmodule"}
[2021-12-21 11:49:41.875] [exthost] [error] {"message":"Git error","stdout":"","stderr":"fatal: Pathspec '/var/www/html/custom/plugins/TcinnThemeWareLiving/src/Resources/views/administration/index.html.twig' is in submodule 'html'\n","exitCode":128,"gitErrorCode":"IsInSubmodule"}
[2021-12-21 11:51:57.046] [exthost] [error] {"message":"Git error","stdout":"","stderr":"fatal: Pathspec '/var/www/html/custom/plugins/TcinnThemeWareLiving/src/Resources/views/storefront/component/buy-widget' is in submodule 'html'\n","exitCode":128,"gitErrorCode":"IsInSubmodule"}
[2021-12-21 11:51:57.046] [exthost] [error] {"message":"Git error","stdout":"","stderr":"fatal: Pathspec '/var/www/html/custom/plugins/TcinnThemeWareLiving/src/Resources/views/storefront/component/buy-widget' is in submodule 'html'\n","exitCode":128,"gitErrorCode":"IsInSubmodule"}
[2021-12-21 11:51:57.046] [exthost] [error] {"message":"Git error","stdout":"","stderr":"fatal: Pathspec '/var/www/html/custom/plugins/TcinnThemeWareLiving/src/Resources/views/storefront/component/buy-widget' is in submodule 'html'\n","exitCode":128,"gitErrorCode":"IsInSubmodule"}
[2021-12-21 11:52:02.001] [exthost] [error] {"message":"Git error","stdout":"","stderr":"fatal: Pathspec '/var/www/html/license.txt' is in submodule 'html'\n","exitCode":128,"gitErrorCode":"IsInSubmodule"}
[2021-12-21 11:52:02.001] [exthost] [error] {"message":"Git error","stdout":"","stderr":"fatal: Pathspec '/var/www/html/license.txt' is in submodule 'html'\n","exitCode":128,"gitErrorCode":"IsInSubmodule"}
[2021-12-21 11:52:04.212] [exthost] [error] {"message":"Git error","stdout":"","stderr":"fatal: Pathspec '/var/www/html/phpunit.xml.dist' is in submodule 'html'\n","exitCode":128,"gitErrorCode":"IsInSubmodule"}
[2021-12-21 11:52:04.212] [exthost] [error] {"message":"Git error","stdout":"","stderr":"fatal: Pathspec '/var/www/html/phpunit.xml.dist' is in submodule 'html'\n","exitCode":128,"gitErrorCode":"IsInSubmodule"}
[2021-12-21 11:52:04.212] [exthost] [error] {"message":"Git error","stdout":"","stderr":"fatal: Pathspec '/var/www/html/phpunit.xml.dist' is in submodule 'html'\n","exitCode":128,"gitErrorCode":"IsInSubmodule"}
[2021-12-21 11:52:04.212] [exthost] [error] {"message":"Git error","stdout":"","stderr":"fatal: Pathspec '/var/www/html/phpunit.xml.dist' is in submodule 'html'\n","exitCode":128,"gitErrorCode":"IsInSubmodule"}
[2021-12-21 11:52:05.639] [exthost] [error] {"message":"Git error","stdout":"","stderr":"fatal: Pathspec '/var/www/html/dev-ops/administration' is in submodule 'html'\n","exitCode":128,"gitErrorCode":"IsInSubmodule"}
[2021-12-21 11:52:05.639] [exthost] [error] {"message":"Git error","stdout":"","stderr":"fatal: Pathspec '/var/www/html/dev-ops/administration' is in submodule 'html'\n","exitCode":128,"gitErrorCode":"IsInSubmodule"}
[2021-12-21 11:52:05.639] [exthost] [error] {"message":"Git error","stdout":"","stderr":"fatal: Pathspec '/var/www/html/dev-ops/administration' is in submodule 'html'\n","exitCode":128,"gitErrorCode":"IsInSubmodule"}
[2021-12-21 11:52:05.639] [exthost] [error] {"message":"Git error","stdout":"","stderr":"fatal: Pathspec '/var/www/html/dev-ops/administration' is in submodule 'html'\n","exitCode":128,"gitErrorCode":"IsInSubmodule"}
[2021-12-21 11:52:05.639] [exthost] [error] {"message":"Git error","stdout":"","stderr":"fatal: Pathspec '/var/www/html/dev-ops/administration' is in submodule 'html'\n","exitCode":128,"gitErrorCode":"IsInSubmodule"}
[2021-12-21 11:52:05.639] [exthost] [error] {"message":"Git error","stdout":"","stderr":"fatal: Pathspec '/var/www/html/dev-ops/administration' is in submodule 'html'\n","exitCode":128,"gitErrorCode":"IsInSubmodule"}
[2021-12-21 11:52:05.639] [exthost] [error] {"message":"Git error","stdout":"","stderr":"fatal: Pathspec '/var/www/html/dev-ops/administration' is in submodule 'html'\n","exitCode":128,"gitErrorCode":"IsInSubmodule"}
[2021-12-21 11:52:05.639] [exthost] [error] {"message":"Git error","stdout":"","stderr":"fatal: Pathspec '/var/www/html/dev-ops/administration' is in submodule 'html'\n","exitCode":128,"gitErrorCode":"IsInSubmodule"}
[2021-12-21 11:52:05.639] [exthost] [error] {"message":"Git error","stdout":"","stderr":"fatal: Pathspec '/var/www/html/dev-ops/administration' is in submodule 'html'\n","exitCode":128,"gitErrorCode":"IsInSubmodule"}
[2021-12-21 11:52:05.639] [exthost] [error] {"message":"Git error","stdout":"","stderr":"fatal: Pathspec '/var/www/html/dev-ops/administration' is in submodule 'html'\n","exitCode":128,"gitErrorCode":"IsInSubmodule"}
[2021-12-21 11:52:05.639] [exthost] [error] {"message":"Git error","stdout":"","stderr":"fatal: Pathspec '/var/www/html/dev-ops/administration' is in submodule 'html'\n","exitCode":128,"gitErrorCode":"IsInSubmodule"}
[2021-12-21 11:52:05.639] [exthost] [error] {"message":"Git error","stdout":"","stderr":"fatal: Pathspec '/var/www/html/dev-ops/administration' is in submodule 'html'\n","exitCode":128,"gitErrorCode":"IsInSubmodule"}
[2021-12-21 11:52:05.639] [exthost] [error] {"message":"Git error","stdout":"","stderr":"fatal: Pathspec '/var/www/html/dev-ops/administration' is in submodule 'html'\n","exitCode":128,"gitErrorCode":"IsInSubmodule"}
[2021-12-21 11:52:05.639] [exthost] [error] {"message":"Git error","stdout":"","stderr":"fatal: Pathspec '/var/www/html/dev-ops/administration' is in submodule 'html'\n","exitCode":128,"gitErrorCode":"IsInSubmodule"}
[2021-12-21 11:52:05.640] [exthost] [error] {"message":"Git error","stdout":"","stderr":"fatal: Pathspec '/var/www/html/dev-ops/administration' is in submodule 'html'\n","exitCode":128,"gitErrorCode":"IsInSubmodule"}
[2021-12-21 11:52:09.306] [exthost] [error] {"message":"Git error","stdout":"","stderr":"fatal: Pathspec '/var/www/html/dev-ops/administration/actions' is in submodule 'html'\n","exitCode":128,"gitErrorCode":"IsInSubmodule"}
[2021-12-21 11:52:09.307] [exthost] [error] {"message":"Git error","stdout":"","stderr":"fatal: Pathspec '/var/www/html/dev-ops/administration/actions' is in submodule 'html'\n","exitCode":128,"gitErrorCode":"IsInSubmodule"}
[2021-12-21 11:52:09.307] [exthost] [error] {"message":"Git error","stdout":"","stderr":"fatal: Pathspec '/var/www/html/dev-ops/administration/actions' is in submodule 'html'\n","exitCode":128,"gitErrorCode":"IsInSubmodule"}
[2021-12-21 11:52:09.307] [exthost] [error] {"message":"Git error","stdout":"","stderr":"fatal: Pathspec '/var/www/html/dev-ops/administration/actions' is in submodule 'html'\n","exitCode":128,"gitErrorCode":"IsInSubmodule"}
[2021-12-21 11:52:09.307] [exthost] [error] {"message":"Git error","stdout":"","stderr":"fatal: Pathspec '/var/www/html/dev-ops/administration/actions' is in submodule 'html'\n","exitCode":128,"gitErrorCode":"IsInSubmodule"}
[2021-12-21 11:52:09.307] [exthost] [error] {"message":"Git error","stdout":"","stderr":"fatal: Pathspec '/var/www/html/dev-ops/administration/actions' is in submodule 'html'\n","exitCode":128,"gitErrorCode":"IsInSubmodule"}
[2021-12-21 11:52:09.307] [exthost] [error] {"message":"Git error","stdout":"","stderr":"fatal: Pathspec '/var/www/html/dev-ops/administration/actions' is in submodule 'html'\n","exitCode":128,"gitErrorCode":"IsInSubmodule"}
[2021-12-21 11:52:09.307] [exthost] [error] {"message":"Git error","stdout":"","stderr":"fatal: Pathspec '/var/www/html/dev-ops/administration/actions' is in submodule 'html'\n","exitCode":128,"gitErrorCode":"IsInSubmodule"}
[2021-12-21 11:52:09.307] [exthost] [error] {"message":"Git error","stdout":"","stderr":"fatal: Pathspec '/var/www/html/dev-ops/administration/actions' is in submodule 'html'\n","exitCode":128,"gitErrorCode":"IsInSubmodule"}
[2021-12-21 11:52:09.307] [exthost] [error] {"message":"Git error","stdout":"","stderr":"fatal: Pathspec '/var/www/html/dev-ops/administration/actions' is in submodule 'html'\n","exitCode":128,"gitErrorCode":"IsInSubmodule"}
[2021-12-21 11:52:09.307] [exthost] [error] {"message":"Git error","stdout":"","stderr":"fatal: Pathspec '/var/www/html/dev-ops/administration/actions' is in submodule 'html'\n","exitCode":128,"gitErrorCode":"IsInSubmodule"}
[2021-12-21 11:52:09.307] [exthost] [error] {"message":"Git error","stdout":"","stderr":"fatal: Pathspec '/var/www/html/dev-ops/administration/actions' is in submodule 'html'\n","exitCode":128,"gitErrorCode":"IsInSubmodule"}
[2021-12-21 11:52:09.307] [exthost] [error] {"message":"Git error","stdout":"","stderr":"fatal: Pathspec '/var/www/html/dev-ops/administration/actions' is in submodule 'html'\n","exitCode":128,"gitErrorCode":"IsInSubmodule"}
[2021-12-21 11:52:09.307] [exthost] [error] {"message":"Git error","stdout":"","stderr":"fatal: Pathspec '/var/www/html/dev-ops/administration/actions' is in submodule 'html'\n","exitCode":128,"gitErrorCode":"IsInSubmodule"}
[2021-12-21 11:52:09.307] [exthost] [error] {"message":"Git error","stdout":"","stderr":"fatal: Pathspec '/var/www/html/dev-ops/administration/actions' is in submodule 'html'\n","exitCode":128,"gitErrorCode":"IsInSubmodule"}
[2021-12-21 11:52:09.307] [exthost] [error] {"message":"Git error","stdout":"","stderr":"fatal: Pathspec '/var/www/html/dev-ops/administration/actions' is in submodule 'html'\n","exitCode":128,"gitErrorCode":"IsInSubmodule"}
[2021-12-21 11:52:09.307] [exthost] [error] {"message":"Git error","stdout":"","stderr":"fatal: Pathspec '/var/www/html/dev-ops/administration/actions' is in submodule 'html'\n","exitCode":128,"gitErrorCode":"IsInSubmodule"}
[2021-12-21 11:52:27.671] [exthost] [error] {"message":"Git error","stdout":"","stderr":"fatal: Pathspec '/var/www/html/dev-ops/analyze/src' is in submodule 'html'\n","exitCode":128,"gitErrorCode":"IsInSubmodule"}
[2021-12-21 11:52:27.671] [exthost] [error] {"message":"Git error","stdout":"","stderr":"fatal: Pathspec '/var/www/html/dev-ops/analyze/src' is in submodule 'html'\n","exitCode":128,"gitErrorCode":"IsInSubmodule"}
[2021-12-21 11:52:27.672] [exthost] [error] {"message":"Git error","stdout":"","stderr":"fatal: Pathspec '/var/www/html/dev-ops/analyze/src' is in submodule 'html'\n","exitCode":128,"gitErrorCode":"IsInSubmodule"}
[2021-12-21 11:52:27.672] [exthost] [error] {"message":"Git error","stdout":"","stderr":"fatal: Pathspec '/var/www/html/dev-ops/analyze/src' is in submodule 'html'\n","exitCode":128,"gitErrorCode":"IsInSubmodule"}
[2021-12-21 11:52:27.672] [exthost] [error] {"message":"Git error","stdout":"","stderr":"fatal: Pathspec '/var/www/html/dev-ops/analyze/src' is in submodule 'html'\n","exitCode":128,"gitErrorCode":"IsInSubmodule"}
[2021-12-21 11:52:27.672] [exthost] [error] {"message":"Git error","stdout":"","stderr":"fatal: Pathspec '/var/www/html/dev-ops/analyze/src' is in submodule 'html'\n","exitCode":128,"gitErrorCode":"IsInSubmodule"}
[2021-12-21 11:52:27.672] [exthost] [error] {"message":"Git error","stdout":"","stderr":"fatal: Pathspec '/var/www/html/dev-ops/analyze/src' is in submodule 'html'\n","exitCode":128,"gitErrorCode":"IsInSubmodule"}
[2021-12-21 11:52:27.672] [exthost] [error] {"message":"Git error","stdout":"","stderr":"fatal: Pathspec '/var/www/html/dev-ops/analyze/src' is in submodule 'html'\n","exitCode":128,"gitErrorCode":"IsInSubmodule"}
[2021-12-21 11:52:27.672] [exthost] [error] {"message":"Git error","stdout":"","stderr":"fatal: Pathspec '/var/www/html/dev-ops/analyze/src' is in submodule 'html'\n","exitCode":128,"gitErrorCode":"IsInSubmodule"}
[2021-12-21 11:52:27.672] [exthost] [error] {"message":"Git error","stdout":"","stderr":"fatal: Pathspec '/var/www/html/dev-ops/analyze/src' is in submodule 'html'\n","exitCode":128,"gitErrorCode":"IsInSubmodule"}
[2021-12-21 11:52:29.187] [exthost] [error] {"message":"Git error","stdout":"","stderr":"fatal: Pathspec '/var/www/html/dev-ops/analyze/tests/PHPStan' is in submodule 'html'\n","exitCode":128,"gitErrorCode":"IsInSubmodule"}
[2021-12-21 11:52:29.187] [exthost] [error] {"message":"Git error","stdout":"","stderr":"fatal: Pathspec '/var/www/html/dev-ops/analyze/tests/PHPStan' is in submodule 'html'\n","exitCode":128,"gitErrorCode":"IsInSubmodule"}
[2021-12-21 11:52:34.989] [exthost] [error] {"message":"Git error","stdout":"","stderr":"fatal: Pathspec '/var/www/html/dev-ops/analyze/tests/PHPStan/Rules/Decoratable' is in submodule 'html'\n","exitCode":128,"gitErrorCode":"IsInSubmodule"}
[2021-12-21 11:52:34.989] [exthost] [error] {"message":"Git error","stdout":"","stderr":"fatal: Pathspec '/var/www/html/dev-ops/analyze/tests/PHPStan/Rules/Decoratable' is in submodule 'html'\n","exitCode":128,"gitErrorCode":"IsInSubmodule"}
[2021-12-21 11:52:34.989] [exthost] [error] {"message":"Git error","stdout":"","stderr":"fatal: Pathspec '/var/www/html/dev-ops/analyze/tests/PHPStan/Rules/Decoratable' is in submodule 'html'\n","exitCode":128,"gitErrorCode":"IsInSubmodule"}
[2021-12-21 11:52:34.989] [exthost] [error] {"message":"Git error","stdout":"","stderr":"fatal: Pathspec '/var/www/html/dev-ops/analyze/tests/PHPStan/Rules/Decoratable' is in submodule 'html'\n","exitCode":128,"gitErrorCode":"IsInSubmodule"}
[2021-12-21 11:52:34.989] [exthost] [error] {"message":"Git error","stdout":"","stderr":"fatal: Pathspec '/var/www/html/dev-ops/analyze/tests/PHPStan/Rules/Decoratable' is in submodule 'html'\n","exitCode":128,"gitErrorCode":"IsInSubmodule"}
[2021-12-21 11:52:34.989] [exthost] [error] {"message":"Git error","stdout":"","stderr":"fatal: Pathspec '/var/www/html/dev-ops/analyze/tests/PHPStan/Rules/Decoratable' is in submodule 'html'\n","exitCode":128,"gitErrorCode":"IsInSubmodule"}
[2021-12-21 11:52:34.989] [exthost] [error] {"message":"Git error","stdout":"","stderr":"fatal: Pathspec '/var/www/html/dev-ops/analyze/tests/PHPStan/Rules/Decoratable' is in submodule 'html'\n","exitCode":128,"gitErrorCode":"IsInSubmodule"}
[2021-12-21 11:52:37.056] [exthost] [error] {"message":"Git error","stdout":"","stderr":"fatal: Pathspec '/var/www/html/dev-ops/analyze/tests/PHPStan/Rules' is in submodule 'html'\n","exitCode":128,"gitErrorCode":"IsInSubmodule"}
[2021-12-21 11:52:46.554] [exthost] [error] {"message":"Git error","stdout":"","stderr":"fatal: Pathspec '/var/www/html/dev-ops/analyze/src/PHPStan/Rules' is in submodule 'html'\n","exitCode":128,"gitErrorCode":"IsInSubmodule"}
[2021-12-21 11:52:46.555] [exthost] [error] {"message":"Git error","stdout":"","stderr":"fatal: Pathspec '/var/www/html/dev-ops/analyze/src/PHPStan/Rules' is in submodule 'html'\n","exitCode":128,"gitErrorCode":"IsInSubmodule"}
[2021-12-21 11:52:46.555] [exthost] [error] {"message":"Git error","stdout":"","stderr":"fatal: Pathspec '/var/www/html/dev-ops/analyze/src/PHPStan/Rules' is in submodule 'html'\n","exitCode":128,"gitErrorCode":"IsInSubmodule"}
[2021-12-21 11:52:56.172] [exthost] [error] {"message":"Git error","stdout":"","stderr":"fatal: Pathspec '/var/www/html/dev-ops/common/actions' is in submodule 'html'\n","exitCode":128,"gitErrorCode":"IsInSubmodule"}
[2021-12-21 11:52:56.173] [exthost] [error] {"message":"Git error","stdout":"","stderr":"fatal: Pathspec '/var/www/html/dev-ops/common/actions' is in submodule 'html'\n","exitCode":128,"gitErrorCode":"IsInSubmodule"}
[2021-12-21 11:53:12.193] [exthost] [error] {"message":"Git error","stdout":"","stderr":"fatal: Pathspec '/var/www/html/dev-ops/docs/actions' is in submodule 'html'\n","exitCode":128,"gitErrorCode":"IsInSubmodule"}
[2021-12-21 11:53:12.194] [exthost] [error] {"message":"Git error","stdout":"","stderr":"fatal: Pathspec '/var/www/html/dev-ops/docs/actions' is in submodule 'html'\n","exitCode":128,"gitErrorCode":"IsInSubmodule"}
[2021-12-21 11:53:12.194] [exthost] [error] {"message":"Git error","stdout":"","stderr":"fatal: Pathspec '/var/www/html/dev-ops/docs/actions' is in submodule 'html'\n","exitCode":128,"gitErrorCode":"IsInSubmodule"}
[2021-12-21 11:53:12.194] [exthost] [error] {"message":"Git error","stdout":"","stderr":"fatal: Pathspec '/var/www/html/dev-ops/docs/actions' is in submodule 'html'\n","exitCode":128,"gitErrorCode":"IsInSubmodule"}
[2021-12-21 11:53:14.034] [exthost] [error] {"message":"Git error","stdout":"","stderr":"fatal: Pathspec '/var/www/html/dev-ops/docs/docker/plantuml' is in submodule 'html'\n","exitCode":128,"gitErrorCode":"IsInSubmodule"}
[2021-12-21 11:53:14.034] [exthost] [error] {"message":"Git error","stdout":"","stderr":"fatal: Pathspec '/var/www/html/dev-ops/docs/docker/plantuml' is in submodule 'html'\n","exitCode":128,"gitErrorCode":"IsInSubmodule"}
[2021-12-21 11:53:14.034] [exthost] [error] {"message":"Git error","stdout":"","stderr":"fatal: Pathspec '/var/www/html/dev-ops/docs/docker/plantuml' is in submodule 'html'\n","exitCode":128,"gitErrorCode":"IsInSubmodule"}
[2021-12-21 11:53:18.477] [exthost] [error] {"message":"Git error","stdout":"","stderr":"fatal: Pathspec '/var/www/html/dev-ops/github/.psh.yaml.override' is in submodule 'html'\n","exitCode":128,"gitErrorCode":"IsInSubmodule"}
[2021-12-21 11:53:59.361] [exthost] [error] {"message":"Git error","stdout":"","stderr":"fatal: Pathspec '/var/www/html/dev-ops/gitlab/.psh.yaml.override' is in submodule 'html'\n","exitCode":128,"gitErrorCode":"IsInSubmodule"}
[2021-12-21 11:54:09.136] [exthost] [error] {"message":"Git error","stdout":"","stderr":"fatal: Pathspec '/var/www/html/dev-ops/e2e/actions' is in submodule 'html'\n","exitCode":128,"gitErrorCode":"IsInSubmodule"}
[2021-12-21 11:54:09.136] [exthost] [error] {"message":"Git error","stdout":"","stderr":"fatal: Pathspec '/var/www/html/dev-ops/e2e/actions' is in submodule 'html'\n","exitCode":128,"gitErrorCode":"IsInSubmodule"}
[2021-12-21 11:54:10.564] [exthost] [error] {"message":"Git error","stdout":"","stderr":"fatal: Pathspec '/var/www/html/dev-ops/e2e/scripts/init-docker.sh' is in submodule 'html'\n","exitCode":128,"gitErrorCode":"IsInSubmodule"}
[2021-12-21 11:54:10.564] [exthost] [error] {"message":"Git error","stdout":"","stderr":"fatal: Pathspec '/var/www/html/dev-ops/e2e/scripts/init-docker.sh' is in submodule 'html'\n","exitCode":128,"gitErrorCode":"IsInSubmodule"}
[2021-12-21 11:54:10.564] [exthost] [error] {"message":"Git error","stdout":"","stderr":"fatal: Pathspec '/var/www/html/dev-ops/e2e/scripts/init-docker.sh' is in submodule 'html'\n","exitCode":128,"gitErrorCode":"IsInSubmodule"}
[2021-12-21 11:54:10.564] [exthost] [error] {"message":"Git error","stdout":"","stderr":"fatal: Pathspec '/var/www/html/dev-ops/e2e/scripts/init-docker.sh' is in submodule 'html'\n","exitCode":128,"gitErrorCode":"IsInSubmodule"}
[2021-12-21 11:54:10.564] [exthost] [error] {"message":"Git error","stdout":"","stderr":"fatal: Pathspec '/var/www/html/dev-ops/e2e/scripts/init-docker.sh' is in submodule 'html'\n","exitCode":128,"gitErrorCode":"IsInSubmodule"}
[2021-12-21 11:54:10.564] [exthost] [error] {"message":"Git error","stdout":"","stderr":"fatal: Pathspec '/var/www/html/dev-ops/e2e/scripts/init-docker.sh' is in submodule 'html'\n","exitCode":128,"gitErrorCode":"IsInSubmodule"}
[2021-12-21 11:54:24.961] [exthost] [error] {"message":"Git error","stdout":"","stderr":"fatal: Pathspec '/var/www/html/dev-ops/e2e/actions/cleanup.sh' is in submodule 'html'\n","exitCode":128,"gitErrorCode":"IsInSubmodule"}
[2021-12-21 11:54:24.961] [exthost] [error] {"message":"Git error","stdout":"","stderr":"fatal: Pathspec '/var/www/html/dev-ops/e2e/actions/cleanup.sh' is in submodule 'html'\n","exitCode":128,"gitErrorCode":"IsInSubmodule"}
[2021-12-21 11:54:24.962] [exthost] [error] {"message":"Git error","stdout":"","stderr":"fatal: Pathspec '/var/www/html/dev-ops/e2e/actions/cleanup.sh' is in submodule 'html'\n","exitCode":128,"gitErrorCode":"IsInSubmodule"}
[2021-12-21 11:54:24.962] [exthost] [error] {"message":"Git error","stdout":"","stderr":"fatal: Pathspec '/var/www/html/dev-ops/e2e/actions/cleanup.sh' is in submodule 'html'\n","exitCode":128,"gitErrorCode":"IsInSubmodule"}
[2021-12-21 11:54:24.962] [exthost] [error] {"message":"Git error","stdout":"","stderr":"fatal: Pathspec '/var/www/html/dev-ops/e2e/actions/cleanup.sh' is in submodule 'html'\n","exitCode":128,"gitErrorCode":"IsInSubmodule"}
[2021-12-21 11:54:24.962] [exthost] [error] {"message":"Git error","stdout":"","stderr":"fatal: Pathspec '/var/www/html/dev-ops/e2e/actions/cleanup.sh' is in submodule 'html'\n","exitCode":128,"gitErrorCode":"IsInSubmodule"}
[2021-12-21 11:54:24.962] [exthost] [error] {"message":"Git error","stdout":"","stderr":"fatal: Pathspec '/var/www/html/dev-ops/e2e/actions/cleanup.sh' is in submodule 'html'\n","exitCode":128,"gitErrorCode":"IsInSubmodule"}
[2021-12-21 11:54:24.962] [exthost] [error] {"message":"Git error","stdout":"","stderr":"fatal: Pathspec '/var/www/html/dev-ops/e2e/actions/cleanup.sh' is in submodule 'html'\n","exitCode":128,"gitErrorCode":"IsInSubmodule"}
[2021-12-21 11:54:31.425] [exthost] [error] {"message":"Git error","stdout":"","stderr":"fatal: Pathspec '/var/www/html/dev-ops/common/templates/check_requirements.php' is in submodule 'html'\n","exitCode":128,"gitErrorCode":"IsInSubmodule"}
[2021-12-21 11:56:01.825] [exthost] [error] {"message":"Git error","stdout":"","stderr":"fatal: Pathspec '/var/www/html/var/cache' is in submodule 'html'\n","exitCode":128,"gitErrorCode":"IsInSubmodule"}
[2021-12-21 11:56:01.825] [exthost] [error] {"message":"Git error","stdout":"","stderr":"fatal: Pathspec '/var/www/html/var/cache' is in submodule 'html'\n","exitCode":128,"gitErrorCode":"IsInSubmodule"}
[2021-12-21 11:56:01.825] [exthost] [error] {"message":"Git error","stdout":"","stderr":"fatal: Pathspec '/var/www/html/var/cache' is in submodule 'html'\n","exitCode":128,"gitErrorCode":"IsInSubmodule"}
[2021-12-21 11:56:01.825] [exthost] [error] {"message":"Git error","stdout":"","stderr":"fatal: Pathspec '/var/www/html/var/cache' is in submodule 'html'\n","exitCode":128,"gitErrorCode":"IsInSubmodule"}
[2021-12-21 11:56:07.167] [exthost] [error] {"message":"Git error","stdout":"","stderr":"fatal: Pathspec '/var/www/html/platform/.github' is in submodule 'html'\n","exitCode":128,"gitErrorCode":"IsInSubmodule"}
[2021-12-21 11:56:07.167] [exthost] [error] {"message":"Git error","stdout":"","stderr":"fatal: Pathspec '/var/www/html/platform/.github' is in submodule 'html'\n","exitCode":128,"gitErrorCode":"IsInSubmodule"}
[2021-12-21 11:56:07.168] [exthost] [error] {"message":"Git error","stdout":"","stderr":"fatal: Pathspec '/var/www/html/platform/.github' is in submodule 'html'\n","exitCode":128,"gitErrorCode":"IsInSubmodule"}
[2021-12-21 11:56:07.168] [exthost] [error] {"message":"Git error","stdout":"","stderr":"fatal: Pathspec '/var/www/html/platform/.github' is in submodule 'html'\n","exitCode":128,"gitErrorCode":"IsInSubmodule"}
[2021-12-21 11:56:07.168] [exthost] [error] {"message":"Git error","stdout":"","stderr":"fatal: Pathspec '/var/www/html/platform/.github' is in submodule 'html'\n","exitCode":128,"gitErrorCode":"IsInSubmodule"}
[2021-12-21 11:56:07.168] [exthost] [error] {"message":"Git error","stdout":"","stderr":"fatal: Pathspec '/var/www/html/platform/.github' is in submodule 'html'\n","exitCode":128,"gitErrorCode":"IsInSubmodule"}
[2021-12-21 11:56:07.168] [exthost] [error] {"message":"Git error","stdout":"","stderr":"fatal: Pathspec '/var/www/html/platform/.github' is in submodule 'html'\n","exitCode":128,"gitErrorCode":"IsInSubmodule"}
[2021-12-21 11:56:07.168] [exthost] [error] {"message":"Git error","stdout":"","stderr":"fatal: Pathspec '/var/www/html/platform/.github' is in submodule 'html'\n","exitCode":128,"gitErrorCode":"IsInSubmodule"}
[2021-12-21 11:56:07.168] [exthost] [error] {"message":"Git error","stdout":"","stderr":"fatal: Pathspec '/var/www/html/platform/.github' is in submodule 'html'\n","exitCode":128,"gitErrorCode":"IsInSubmodule"}
[2021-12-21 11:56:07.168] [exthost] [error] {"message":"Git error","stdout":"","stderr":"fatal: Pathspec '/var/www/html/platform/.github' is in submodule 'html'\n","exitCode":128,"gitErrorCode":"IsInSubmodule"}
[2021-12-21 11:56:07.168] [exthost] [error] {"message":"Git error","stdout":"","stderr":"fatal: Pathspec '/var/www/html/platform/.github' is in submodule 'html'\n","exitCode":128,"gitErrorCode":"IsInSubmodule"}
[2021-12-21 11:56:07.168] [exthost] [error] {"message":"Git error","stdout":"","stderr":"fatal: Pathspec '/var/www/html/platform/.github' is in submodule 'html'\n","exitCode":128,"gitErrorCode":"IsInSubmodule"}
[2021-12-21 11:56:07.168] [exthost] [error] {"message":"Git error","stdout":"","stderr":"fatal: Pathspec '/var/www/html/platform/.github' is in submodule 'html'\n","exitCode":128,"gitErrorCode":"IsInSubmodule"}
[2021-12-21 11:56:07.168] [exthost] [error] {"message":"Git error","stdout":"","stderr":"fatal: Pathspec '/var/www/html/platform/.github' is in submodule 'html'\n","exitCode":128,"gitErrorCode":"IsInSubmodule"}
[2021-12-21 11:56:07.168] [exthost] [error] {"message":"Git error","stdout":"","stderr":"fatal: Pathspec '/var/www/html/platform/.github' is in submodule 'html'\n","exitCode":128,"gitErrorCode":"IsInSubmodule"}
[2021-12-21 11:56:07.168] [exthost] [error] {"message":"Git error","stdout":"","stderr":"fatal: Pathspec '/var/www/html/platform/.github' is in submodule 'html'\n","exitCode":128,"gitErrorCode":"IsInSubmodule"}
[2021-12-21 11:56:10.603] [exthost] [error] {"message":"Git error","stdout":"","stderr":"fatal: Pathspec '/var/www/html/platform/config/bundles.php' is in submodule 'html'\n","exitCode":128,"gitErrorCode":"IsInSubmodule"}
[2021-12-21 11:56:43.693] [exthost] [error] {"message":"Git error","stdout":"","stderr":"fatal: Pathspec '/var/www/html/platform/easy-coding-standard.php' is in submodule 'html'\n","exitCode":128,"gitErrorCode":"IsInSubmodule"}
[2021-12-21 11:56:43.694] [exthost] [error] {"message":"Git error","stdout":"","stderr":"fatal: Pathspec '/var/www/html/platform/easy-coding-standard.php' is in submodule 'html'\n","exitCode":128,"gitErrorCode":"IsInSubmodule"}
[2021-12-21 11:56:43.694] [exthost] [error] {"message":"Git error","stdout":"","stderr":"fatal: Pathspec '/var/www/html/platform/easy-coding-standard.php' is in submodule 'html'\n","exitCode":128,"gitErrorCode":"IsInSubmodule"}
[2021-12-21 11:56:43.694] [exthost] [error] {"message":"Git error","stdout":"","stderr":"fatal: Pathspec '/var/www/html/platform/easy-coding-standard.php' is in submodule 'html'\n","exitCode":128,"gitErrorCode":"IsInSubmodule"}
[2021-12-21 11:56:43.694] [exthost] [error] {"message":"Git error","stdout":"","stderr":"fatal: Pathspec '/var/www/html/platform/easy-coding-standard.php' is in submodule 'html'\n","exitCode":128,"gitErrorCode":"IsInSubmodule"}
[2021-12-21 11:56:43.694] [exthost] [error] {"message":"Git error","stdout":"","stderr":"fatal: Pathspec '/var/www/html/platform/easy-coding-standard.php' is in submodule 'html'\n","exitCode":128,"gitErrorCode":"IsInSubmodule"}
[2021-12-21 11:56:43.694] [exthost] [error] {"message":"Git error","stdout":"","stderr":"fatal: Pathspec '/var/www/html/platform/easy-coding-standard.php' is in submodule 'html'\n","exitCode":128,"gitErrorCode":"IsInSubmodule"}
[2021-12-21 11:56:43.694] [exthost] [error] {"message":"Git error","stdout":"","stderr":"fatal: Pathspec '/var/www/html/platform/easy-coding-standard.php' is in submodule 'html'\n","exitCode":128,"gitErrorCode":"IsInSubmodule"}
[2021-12-21 11:56:43.694] [exthost] [error] {"message":"Git error","stdout":"","stderr":"fatal: Pathspec '/var/www/html/platform/easy-coding-standard.php' is in submodule 'html'\n","exitCode":128,"gitErrorCode":"IsInSubmodule"}
[2021-12-21 11:56:43.694] [exthost] [error] {"message":"Git error","stdout":"","stderr":"fatal: Pathspec '/var/www/html/platform/easy-coding-standard.php' is in submodule 'html'\n","exitCode":128,"gitErrorCode":"IsInSubmodule"}
[2021-12-21 11:56:43.694] [exthost] [error] {"message":"Git error","stdout":"","stderr":"fatal: Pathspec '/var/www/html/platform/easy-coding-standard.php' is in submodule 'html'\n","exitCode":128,"gitErrorCode":"IsInSubmodule"}
[2021-12-21 11:56:43.694] [exthost] [error] {"message":"Git error","stdout":"","stderr":"fatal: Pathspec '/var/www/html/platform/easy-coding-standard.php' is in submodule 'html'\n","exitCode":128,"gitErrorCode":"IsInSubmodule"}
[2021-12-21 11:56:43.694] [exthost] [error] {"message":"Git error","stdout":"","stderr":"fatal: Pathspec '/var/www/html/platform/easy-coding-standard.php' is in submodule 'html'\n","exitCode":128,"gitErrorCode":"IsInSubmodule"}
[2021-12-21 16:10:19.582] [exthost] [error] {"message":"Git error","stdout":"","stderr":"fatal: Pathspec '/var/www/html/custom/plugins/HishamTest/src/Resources/views/storefront/layout/header' is in submodule 'html'\n","exitCode":128,"gitErrorCode":"IsInSubmodule"}
[2021-12-21 16:10:19.585] [exthost] [error] {"message":"Git error","stdout":"","stderr":"fatal: Pathspec '/var/www/html/custom/plugins/HishamTest/src/Resources/views/storefront/layout/header' is in submodule 'html'\n","exitCode":128,"gitErrorCode":"IsInSubmodule"}
[2021-12-21 16:10:28.128] [exthost] [error] {"message":"Git error","stdout":"","stderr":"fatal: Pathspec '/var/www/html/custom/plugins/HishamTest/src/Resources/app/storefront' is in submodule 'html'\n","exitCode":128,"gitErrorCode":"IsInSubmodule"}
[2021-12-21 16:10:28.128] [exthost] [error] {"message":"Git error","stdout":"","stderr":"fatal: Pathspec '/var/www/html/custom/plugins/HishamTest/src/Resources/app/storefront' is in submodule 'html'\n","exitCode":128,"gitErrorCode":"IsInSubmodule"}
[2021-12-21 16:10:28.128] [exthost] [error] {"message":"Git error","stdout":"","stderr":"fatal: Pathspec '/var/www/html/custom/plugins/HishamTest/src/Resources/app/storefront' is in submodule 'html'\n","exitCode":128,"gitErrorCode":"IsInSubmodule"}
[2021-12-21 16:10:29.026] [exthost] [error] {"message":"Git error","stdout":"","stderr":"fatal: Pathspec '/var/www/html/custom/plugins/HishamTest/src/Resources/app/storefront/src/assets' is in submodule 'html'\n","exitCode":128,"gitErrorCode":"IsInSubmodule"}
[2021-12-21 16:10:29.026] [exthost] [error] {"message":"Git error","stdout":"","stderr":"fatal: Pathspec '/var/www/html/custom/plugins/HishamTest/src/Resources/app/storefront/src/assets' is in submodule 'html'\n","exitCode":128,"gitErrorCode":"IsInSubmodule"}
[2021-12-21 16:10:29.026] [exthost] [error] {"message":"Git error","stdout":"","stderr":"fatal: Pathspec '/var/www/html/custom/plugins/HishamTest/src/Resources/app/storefront/src/assets' is in submodule 'html'\n","exitCode":128,"gitErrorCode":"IsInSubmodule"}
[2021-12-21 16:10:31.080] [exthost] [error] {"message":"Git error","stdout":"","stderr":"fatal: Pathspec '/var/www/html/custom/plugins/HishamTest/src/Resources/app/storefront/src/scss/body' is in submodule 'html'\n","exitCode":128,"gitErrorCode":"IsInSubmodule"}
[2021-12-21 16:10:31.080] [exthost] [error] {"message":"Git error","stdout":"","stderr":"fatal: Pathspec '/var/www/html/custom/plugins/HishamTest/src/Resources/app/storefront/src/scss/body' is in submodule 'html'\n","exitCode":128,"gitErrorCode":"IsInSubmodule"}
[2021-12-21 16:10:31.080] [exthost] [error] {"message":"Git error","stdout":"","stderr":"fatal: Pathspec '/var/www/html/custom/plugins/HishamTest/src/Resources/app/storefront/src/scss/body' is in submodule 'html'\n","exitCode":128,"gitErrorCode":"IsInSubmodule"}
[2021-12-21 16:10:31.080] [exthost] [error] {"message":"Git error","stdout":"","stderr":"fatal: Pathspec '/var/www/html/custom/plugins/HishamTest/src/Resources/app/storefront/src/scss/body' is in submodule 'html'\n","exitCode":128,"gitErrorCode":"IsInSubmodule"}
[2021-12-21 16:10:31.080] [exthost] [error] {"message":"Git error","stdout":"","stderr":"fatal: Pathspec '/var/www/html/custom/plugins/HishamTest/src/Resources/app/storefront/src/scss/body' is in submodule 'html'\n","exitCode":128,"gitErrorCode":"IsInSubmodule"}
[2021-12-21 16:10:31.080] [exthost] [error] {"message":"Git error","stdout":"","stderr":"fatal: Pathspec '/var/www/html/custom/plugins/HishamTest/src/Resources/app/storefront/src/scss/body' is in submodule 'html'\n","exitCode":128,"gitErrorCode":"IsInSubmodule"}
[2021-12-21 16:10:31.080] [exthost] [error] {"message":"Git error","stdout":"","stderr":"fatal: Pathspec '/var/www/html/custom/plugins/HishamTest/src/Resources/app/storefront/src/scss/body' is in submodule 'html'\n","exitCode":128,"gitErrorCode":"IsInSubmodule"}
[2021-12-21 16:10:33.043] [exthost] [error] {"message":"Git error","stdout":"","stderr":"fatal: Pathspec '/var/www/html/custom/plugins/HishamTest/src/Resources/app/storefront/src/scss/header/header.scss' is in submodule 'html'\n","exitCode":128,"gitErrorCode":"IsInSubmodule"}
[2021-12-21 16:10:33.043] [exthost] [error] {"message":"Git error","stdout":"","stderr":"fatal: Pathspec '/var/www/html/custom/plugins/HishamTest/src/Resources/app/storefront/src/scss/header/header.scss' is in submodule 'html'\n","exitCode":128,"gitErrorCode":"IsInSubmodule"}
[2021-12-21 16:10:33.043] [exthost] [error] {"message":"Git error","stdout":"","stderr":"fatal: Pathspec '/var/www/html/custom/plugins/HishamTest/src/Resources/app/storefront/src/scss/header/header.scss' is in submodule 'html'\n","exitCode":128,"gitErrorCode":"IsInSubmodule"}
[2021-12-21 16:10:35.192] [exthost] [info] ExtensionService#_doActivateExtension vscode.css-language-features, startup: false, activationEvent: 'onLanguage:scss'
[2021-12-21 16:13:10.650] [exthost] [error] {"message":"Git error","stdout":"","stderr":"fatal: Pathspec '/var/www/html/custom/plugins/HishamTest/src/Resources/app/storefront/src/scss/global/global.scss' is in submodule 'html'\n","exitCode":128,"gitErrorCode":"IsInSubmodule"}
[2021-12-21 16:13:10.650] [exthost] [error] {"message":"Git error","stdout":"","stderr":"fatal: Pathspec '/var/www/html/custom/plugins/HishamTest/src/Resources/app/storefront/src/scss/global/global.scss' is in submodule 'html'\n","exitCode":128,"gitErrorCode":"IsInSubmodule"}
[2021-12-21 16:13:10.650] [exthost] [error] {"message":"Git error","stdout":"","stderr":"fatal: Pathspec '/var/www/html/custom/plugins/HishamTest/src/Resources/app/storefront/src/scss/global/global.scss' is in submodule 'html'\n","exitCode":128,"gitErrorCode":"IsInSubmodule"}
[2021-12-21 16:13:15.069] [exthost] [error] {"message":"Git error","stdout":"","stderr":"fatal: Pathspec '/var/www/html/custom/plugins/HishamTest/src/Resources/app/storefront/src/scss/producte/product.scss' is in submodule 'html'\n","exitCode":128,"gitErrorCode":"IsInSubmodule"}
[2021-12-21 16:13:15.069] [exthost] [error] {"message":"Git error","stdout":"","stderr":"fatal: Pathspec '/var/www/html/custom/plugins/HishamTest/src/Resources/app/storefront/src/scss/producte/product.scss' is in submodule 'html'\n","exitCode":128,"gitErrorCode":"IsInSubmodule"}
[2021-12-21 16:13:15.069] [exthost] [error] {"message":"Git error","stdout":"","stderr":"fatal: Pathspec '/var/www/html/custom/plugins/HishamTest/src/Resources/app/storefront/src/scss/producte/product.scss' is in submodule 'html'\n","exitCode":128,"gitErrorCode":"IsInSubmodule"}
[2021-12-21 16:27:19.533] [exthost] [info] ExtensionService#_doActivateExtension vscode.html-language-features, startup: false, activationEvent: 'onLanguage:html'
[2021-12-21 16:48:31.034] [exthost] [info] extension host terminating: received terminate message from renderer
[2021-12-21 16:48:31.035] [exthost] [info] Lock '/var/www/.vscode-server/data/User/workspaceStorage/40d9a2f1d021964133be52b46957053c/vscode.lock': Marking the lockfile as scheduled to be released in 6000 ms.
[2021-12-21 16:48:31.232] [exthost] [info] Extension host with pid 19697 exiting with code 0
